2022-08-11 10:31:06,546 [8] ERROR Microsoft.AspNetCore.Diagnostics.ExceptionHandlerMiddleware - An unhandled exception has occurred while executing the request.
System.ArgumentOutOfRangeException: Parameter must be positive and < Width. (Parameter 'x')
   at System.Drawing.Bitmap.GetPixel(Int32 x, Int32 y)
   at DID.Helps.CommonHelp.MaSaiKeGraphics(Image sImage, Int32 val, Rectangle rectangle) in E:\DID\DID\DID\Helps\CommonHelp.cs:line 94
   at DID.Helps.CommonHelp.MaSaiKeGraphics(Image image, Int32 val) in E:\DID\DID\DID\Helps\CommonHelp.cs:line 109
   at DID.Services.UserAuthService.GetUnauditedInfo(String userId) in E:\DID\DID\DID\Services\UserAuthService.cs:line 137
   at DID.Controllers.UserAuthController.GetUnauditedInfo(String userId) in E:\DID\DID\DID\Controllers\UserAuthController.cs:line 76
   at lambda_method370(Closure , Object )
   at Microsoft.AspNetCore.Mvc.Infrastructure.ActionMethodExecutor.AwaitableObjectResultExecutor.Execute(IActionResultTypeMapper mapper, ObjectMethodExecutor executor, Object controller, Object[] arguments)
   at Microsoft.AspNetCore.Mvc.Infrastructure.ControllerActionInvoker.<InvokeActionMethodAsync>g__Awaited|12_0(ControllerActionInvoker invoker, ValueTask`1 actionResultValueTask)
   at Microsoft.AspNetCore.Mvc.Infrastructure.ControllerActionInvoker.<InvokeNextActionFilterAsync>g__Awaited|10_0(ControllerActionInvoker invoker, Task lastTask, State next, Scope scope, Object state, Boolean isCompleted)
   at Microsoft.AspNetCore.Mvc.Infrastructure.ControllerActionInvoker.Rethrow(ActionExecutedContextSealed context)
   at Microsoft.AspNetCore.Mvc.Infrastructure.ControllerActionInvoker.Next(State& next, Scope& scope, Object& state, Boolean& isCompleted)
   at Microsoft.AspNetCore.Mvc.Infrastructure.ControllerActionInvoker.<InvokeInnerFilterAsync>g__Awaited|13_0(ControllerActionInvoker invoker, Task lastTask, State next, Scope scope, Object state, Boolean isCompleted)
   at Microsoft.AspNetCore.Mvc.Infrastructure.ResourceInvoker.<InvokeFilterPipelineAsync>g__Awaited|20_0(ResourceInvoker invoker, Task lastTask, State next, Scope scope, Object state, Boolean isCompleted)
   at Microsoft.AspNetCore.Mvc.Infrastructure.ResourceInvoker.<InvokeAsync>g__Awaited|17_0(ResourceInvoker invoker, Task task, IDisposable scope)
   at Microsoft.AspNetCore.Mvc.Infrastructure.ResourceInvoker.<InvokeAsync>g__Awaited|17_0(ResourceInvoker invoker, Task task, IDisposable scope)
   at Microsoft.AspNetCore.Routing.EndpointMiddleware.<Invoke>g__AwaitRequestTask|6_0(Endpoint endpoint, Task requestTask, ILogger logger)
   at Microsoft.AspNetCore.Diagnostics.ExceptionHandlerMiddleware.<Invoke>g__Awaited|6_0(ExceptionHandlerMiddleware middleware, HttpContext context, Task task)
2022-08-11 10:31:06,556 [8] ERROR DID - Parameter must be positive and < Width. (Parameter 'x')
