2022-08-17 09:46:13,522 [11] ERROR Microsoft.AspNetCore.Diagnostics.ExceptionHandlerMiddleware - An unhandled exception has occurred while executing the request.
System.Data.SqlClient.SqlException (0x80131904): 列名 'AuditType' 无效。
   at System.Data.SqlClient.SqlCommand.<>c.<ExecuteDbDataReaderAsync>b__126_0(Task`1 result)
   at System.Threading.Tasks.ContinuationResultTaskFromResultTask`2.InnerInvoke()
   at System.Threading.Tasks.Task.<>c.<.cctor>b__272_0(Object obj)
   at System.Threading.ExecutionContext.RunInternal(ExecutionContext executionContext, ContextCallback callback, Object state)
--- End of stack trace from previous location ---
   at System.Threading.ExecutionContext.RunInternal(ExecutionContext executionContext, ContextCallback callback, Object state)
   at System.Threading.Tasks.Task.ExecuteWithThreadLocal(Task& currentTaskSlot, Thread threadPoolThread)
--- End of stack trace from previous location ---
   at NPoco.Database.ExecutionHookAsync[T](Func`1 action)
   at NPoco.Database.ExecuteReaderHelperAsync(DbCommand cmd)
   at NPoco.Database.ExecuteDataReader(DbCommand cmd, Boolean sync)
   at NPoco.Database.QueryAsync[T](T instance, Expression`1 listExpression, Func`2 idFunc, Sql Sql, PocoData pocoData)+MoveNext()
   at NPoco.Database.QueryAsync[T](T instance, Expression`1 listExpression, Func`2 idFunc, Sql Sql, PocoData pocoData)+System.Threading.Tasks.Sources.IValueTaskSource<System.Boolean>.GetResult()
   at System.Linq.AsyncEnumerable.<ToListAsync>g__Core|620_0[TSource](IAsyncEnumerable`1 source, CancellationToken cancellationToken) in /_/Ix.NET/Source/System.Linq.Async/System/Linq/Operators/ToList.cs:line 36
   at System.Linq.AsyncEnumerable.<ToListAsync>g__Core|620_0[TSource](IAsyncEnumerable`1 source, CancellationToken cancellationToken) in /_/Ix.NET/Source/System.Linq.Async/System/Linq/Operators/ToList.cs:line 41
   at DID.Services.UserAuthService.UploadUserInfo(UserAuthInfo info) in E:\DID\DID\DID\Services\UserAuthService.cs:line 280
   at DID.Controllers.UserAuthController.UploadUserInfo(UserAuthInfo info) in E:\DID\DID\DID\Controllers\UserAuthController.cs:line 66
   at lambda_method372(Closure , Object )
   at Microsoft.AspNetCore.Mvc.Infrastructure.ActionMethodExecutor.AwaitableObjectResultExecutor.Execute(IActionResultTypeMapper mapper, ObjectMethodExecutor executor, Object controller, Object[] arguments)
   at Microsoft.AspNetCore.Mvc.Infrastructure.ControllerActionInvoker.<InvokeActionMethodAsync>g__Awaited|12_0(ControllerActionInvoker invoker, ValueTask`1 actionResultValueTask)
   at Microsoft.AspNetCore.Mvc.Infrastructure.ControllerActionInvoker.<InvokeNextActionFilterAsync>g__Awaited|10_0(ControllerActionInvoker invoker, Task lastTask, State next, Scope scope, Object state, Boolean isCompleted)
   at Microsoft.AspNetCore.Mvc.Infrastructure.ControllerActionInvoker.Rethrow(ActionExecutedContextSealed context)
   at Microsoft.AspNetCore.Mvc.Infrastructure.ControllerActionInvoker.Next(State& next, Scope& scope, Object& state, Boolean& isCompleted)
   at Microsoft.AspNetCore.Mvc.Infrastructure.ControllerActionInvoker.<InvokeInnerFilterAsync>g__Awaited|13_0(ControllerActionInvoker invoker, Task lastTask, State next, Scope scope, Object state, Boolean isCompleted)
   at Microsoft.AspNetCore.Mvc.Infrastructure.ResourceInvoker.<InvokeFilterPipelineAsync>g__Awaited|20_0(ResourceInvoker invoker, Task lastTask, State next, Scope scope, Object state, Boolean isCompleted)
   at Microsoft.AspNetCore.Mvc.Infrastructure.ResourceInvoker.<InvokeAsync>g__Awaited|17_0(ResourceInvoker invoker, Task task, IDisposable scope)
   at Microsoft.AspNetCore.Mvc.Infrastructure.ResourceInvoker.<InvokeAsync>g__Awaited|17_0(ResourceInvoker invoker, Task task, IDisposable scope)
   at Microsoft.AspNetCore.Routing.EndpointMiddleware.<Invoke>g__AwaitRequestTask|6_0(Endpoint endpoint, Task requestTask, ILogger logger)
   at Microsoft.AspNetCore.Diagnostics.ExceptionHandlerMiddleware.<Invoke>g__Awaited|6_0(ExceptionHandlerMiddleware middleware, HttpContext context, Task task)
ClientConnectionId:16dd7089-1567-4e57-824b-3038fccbf525
Error Number:207,State:1,Class:16
2022-08-17 09:46:13,535 [11] ERROR DID - 列名 'AuditType' 无效。
2022-08-17 09:47:06,824 [21] ERROR Microsoft.AspNetCore.Diagnostics.ExceptionHandlerMiddleware - An unhandled exception has occurred while executing the request.
System.Data.SqlClient.SqlException (0x80131904): 列名 'AuditType' 无效。
   at System.Data.SqlClient.SqlCommand.<>c.<ExecuteDbDataReaderAsync>b__126_0(Task`1 result)
   at System.Threading.Tasks.ContinuationResultTaskFromResultTask`2.InnerInvoke()
   at System.Threading.Tasks.Task.<>c.<.cctor>b__272_0(Object obj)
   at System.Threading.ExecutionContext.RunInternal(ExecutionContext executionContext, ContextCallback callback, Object state)
--- End of stack trace from previous location ---
   at System.Threading.ExecutionContext.RunInternal(ExecutionContext executionContext, ContextCallback callback, Object state)
   at System.Threading.Tasks.Task.ExecuteWithThreadLocal(Task& currentTaskSlot, Thread threadPoolThread)
--- End of stack trace from previous location ---
   at NPoco.Database.ExecutionHookAsync[T](Func`1 action)
   at NPoco.Database.ExecuteReaderHelperAsync(DbCommand cmd)
   at NPoco.Database.ExecuteDataReader(DbCommand cmd, Boolean sync)
   at NPoco.Database.QueryAsync[T](T instance, Expression`1 listExpression, Func`2 idFunc, Sql Sql, PocoData pocoData)+MoveNext()
   at NPoco.Database.QueryAsync[T](T instance, Expression`1 listExpression, Func`2 idFunc, Sql Sql, PocoData pocoData)+System.Threading.Tasks.Sources.IValueTaskSource<System.Boolean>.GetResult()
   at System.Linq.AsyncEnumerable.<ToListAsync>g__Core|620_0[TSource](IAsyncEnumerable`1 source, CancellationToken cancellationToken) in /_/Ix.NET/Source/System.Linq.Async/System/Linq/Operators/ToList.cs:line 36
   at System.Linq.AsyncEnumerable.<ToListAsync>g__Core|620_0[TSource](IAsyncEnumerable`1 source, CancellationToken cancellationToken) in /_/Ix.NET/Source/System.Linq.Async/System/Linq/Operators/ToList.cs:line 41
   at DID.Services.UserAuthService.UploadUserInfo(UserAuthInfo info)
   at DID.Controllers.UserAuthController.UploadUserInfo(UserAuthInfo info)
   at lambda_method372(Closure , Object )
   at Microsoft.AspNetCore.Mvc.Infrastructure.ActionMethodExecutor.AwaitableObjectResultExecutor.Execute(IActionResultTypeMapper mapper, ObjectMethodExecutor executor, Object controller, Object[] arguments)
   at Microsoft.AspNetCore.Mvc.Infrastructure.ControllerActionInvoker.<InvokeActionMethodAsync>g__Awaited|12_0(ControllerActionInvoker invoker, ValueTask`1 actionResultValueTask)
   at Microsoft.AspNetCore.Mvc.Infrastructure.ControllerActionInvoker.<InvokeNextActionFilterAsync>g__Awaited|10_0(ControllerActionInvoker invoker, Task lastTask, State next, Scope scope, Object state, Boolean isCompleted)
   at Microsoft.AspNetCore.Mvc.Infrastructure.ControllerActionInvoker.Rethrow(ActionExecutedContextSealed context)
   at Microsoft.AspNetCore.Mvc.Infrastructure.ControllerActionInvoker.Next(State& next, Scope& scope, Object& state, Boolean& isCompleted)
   at Microsoft.AspNetCore.Mvc.Infrastructure.ControllerActionInvoker.<InvokeInnerFilterAsync>g__Awaited|13_0(ControllerActionInvoker invoker, Task lastTask, State next, Scope scope, Object state, Boolean isCompleted)
   at Microsoft.AspNetCore.Mvc.Infrastructure.ResourceInvoker.<InvokeFilterPipelineAsync>g__Awaited|20_0(ResourceInvoker invoker, Task lastTask, State next, Scope scope, Object state, Boolean isCompleted)
   at Microsoft.AspNetCore.Mvc.Infrastructure.ResourceInvoker.<InvokeAsync>g__Awaited|17_0(ResourceInvoker invoker, Task task, IDisposable scope)
   at Microsoft.AspNetCore.Mvc.Infrastructure.ResourceInvoker.<InvokeAsync>g__Awaited|17_0(ResourceInvoker invoker, Task task, IDisposable scope)
   at Microsoft.AspNetCore.Routing.EndpointMiddleware.<Invoke>g__AwaitRequestTask|6_0(Endpoint endpoint, Task requestTask, ILogger logger)
   at Microsoft.AspNetCore.Diagnostics.ExceptionHandlerMiddleware.<Invoke>g__Awaited|6_0(ExceptionHandlerMiddleware middleware, HttpContext context, Task task)
ClientConnectionId:16dd7089-1567-4e57-824b-3038fccbf525
Error Number:207,State:1,Class:16
2022-08-17 09:47:06,831 [21] ERROR DID - 列名 'AuditType' 无效。
2022-08-17 09:54:51,071 [24] ERROR Microsoft.AspNetCore.Diagnostics.ExceptionHandlerMiddleware - An unhandled exception has occurred while executing the request.
System.IO.FileNotFoundException: E:\DID\DID\DID\Images\AuthImges\1\aee2101e-5f77-489e-a6ea-eabd56081066.jpg
   at System.Drawing.Image.FromFile(String filename, Boolean useEmbeddedColorManagement)
   at DID.Services.UserAuthService.UploadUserInfo(UserAuthInfo info) in E:\DID\DID\DID\Services\UserAuthService.cs:line 295
   at DID.Controllers.UserAuthController.UploadUserInfo(UserAuthInfo info) in E:\DID\DID\DID\Controllers\UserAuthController.cs:line 66
   at lambda_method372(Closure , Object )
   at Microsoft.AspNetCore.Mvc.Infrastructure.ActionMethodExecutor.AwaitableObjectResultExecutor.Execute(IActionResultTypeMapper mapper, ObjectMethodExecutor executor, Object controller, Object[] arguments)
   at Microsoft.AspNetCore.Mvc.Infrastructure.ControllerActionInvoker.<InvokeActionMethodAsync>g__Awaited|12_0(ControllerActionInvoker invoker, ValueTask`1 actionResultValueTask)
   at Microsoft.AspNetCore.Mvc.Infrastructure.ControllerActionInvoker.<InvokeNextActionFilterAsync>g__Awaited|10_0(ControllerActionInvoker invoker, Task lastTask, State next, Scope scope, Object state, Boolean isCompleted)
   at Microsoft.AspNetCore.Mvc.Infrastructure.ControllerActionInvoker.Rethrow(ActionExecutedContextSealed context)
   at Microsoft.AspNetCore.Mvc.Infrastructure.ControllerActionInvoker.Next(State& next, Scope& scope, Object& state, Boolean& isCompleted)
   at Microsoft.AspNetCore.Mvc.Infrastructure.ControllerActionInvoker.<InvokeInnerFilterAsync>g__Awaited|13_0(ControllerActionInvoker invoker, Task lastTask, State next, Scope scope, Object state, Boolean isCompleted)
   at Microsoft.AspNetCore.Mvc.Infrastructure.ResourceInvoker.<InvokeFilterPipelineAsync>g__Awaited|20_0(ResourceInvoker invoker, Task lastTask, State next, Scope scope, Object state, Boolean isCompleted)
   at Microsoft.AspNetCore.Mvc.Infrastructure.ResourceInvoker.<InvokeAsync>g__Awaited|17_0(ResourceInvoker invoker, Task task, IDisposable scope)
   at Microsoft.AspNetCore.Mvc.Infrastructure.ResourceInvoker.<InvokeAsync>g__Awaited|17_0(ResourceInvoker invoker, Task task, IDisposable scope)
   at Microsoft.AspNetCore.Routing.EndpointMiddleware.<Invoke>g__AwaitRequestTask|6_0(Endpoint endpoint, Task requestTask, ILogger logger)
   at Microsoft.AspNetCore.Diagnostics.ExceptionHandlerMiddleware.<Invoke>g__Awaited|6_0(ExceptionHandlerMiddleware middleware, HttpContext context, Task task)
2022-08-17 09:54:51,081 [24] ERROR DID - E:\DID\DID\DID\Images\AuthImges\1\aee2101e-5f77-489e-a6ea-eabd56081066.jpg
2022-08-17 10:06:16,946 [21] ERROR Microsoft.AspNetCore.Diagnostics.ExceptionHandlerMiddleware - An unhandled exception has occurred while executing the request.
System.Data.SqlClient.SqlException (0x80131904): 关键字 'and' 附近有语法错误。
   at System.Data.SqlClient.SqlConnection.OnError(SqlException exception, Boolean breakConnection, Action`1 wrapCloseInAction)
   at System.Data.SqlClient.TdsParser.ThrowExceptionAndWarning(TdsParserStateObject stateObj, Boolean callerHasConnectionLock, Boolean asyncClose)
   at System.Data.SqlClient.TdsParser.TryRun(RunBehavior runBehavior, SqlCommand cmdHandler, SqlDataReader dataStream, BulkCopySimpleResultSet bulkCopyHandler, TdsParserStateObject stateObj, Boolean& dataReady)
   at System.Data.SqlClient.SqlCommand.FinishExecuteReader(SqlDataReader ds, RunBehavior runBehavior, String resetOptionsString)
   at System.Data.SqlClient.SqlCommand.CompleteAsyncExecuteReader()
   at System.Data.SqlClient.SqlCommand.EndExecuteNonQueryInternal(IAsyncResult asyncResult)
   at System.Data.SqlClient.SqlCommand.EndExecuteNonQuery(IAsyncResult asyncResult)
   at System.Threading.Tasks.TaskFactory`1.FromAsyncCoreLogic(IAsyncResult iar, Func`2 endFunction, Action`1 endAction, Task`1 promise, Boolean requiresSynchronization)
--- End of stack trace from previous location ---
   at NPoco.Database.ExecutionHookAsync[T](Func`1 action)
   at NPoco.Database.ExecuteNonQueryHelperAsync(DbCommand cmd)
   at NPoco.Database.ExecuteAsync(Sql Sql)
   at DID.Services.UserAuthService.UploadUserInfo(UserAuthInfo info) in E:\DID\DID\DID\Services\UserAuthService.cs:line 307
   at DID.Controllers.UserAuthController.UploadUserInfo(UserAuthInfo info) in E:\DID\DID\DID\Controllers\UserAuthController.cs:line 66
   at lambda_method372(Closure , Object )
   at Microsoft.AspNetCore.Mvc.Infrastructure.ActionMethodExecutor.AwaitableObjectResultExecutor.Execute(IActionResultTypeMapper mapper, ObjectMethodExecutor executor, Object controller, Object[] arguments)
   at Microsoft.AspNetCore.Mvc.Infrastructure.ControllerActionInvoker.<InvokeActionMethodAsync>g__Awaited|12_0(ControllerActionInvoker invoker, ValueTask`1 actionResultValueTask)
   at Microsoft.AspNetCore.Mvc.Infrastructure.ControllerActionInvoker.<InvokeNextActionFilterAsync>g__Awaited|10_0(ControllerActionInvoker invoker, Task lastTask, State next, Scope scope, Object state, Boolean isCompleted)
   at Microsoft.AspNetCore.Mvc.Infrastructure.ControllerActionInvoker.Rethrow(ActionExecutedContextSealed context)
   at Microsoft.AspNetCore.Mvc.Infrastructure.ControllerActionInvoker.Next(State& next, Scope& scope, Object& state, Boolean& isCompleted)
   at Microsoft.AspNetCore.Mvc.Infrastructure.ControllerActionInvoker.<InvokeInnerFilterAsync>g__Awaited|13_0(ControllerActionInvoker invoker, Task lastTask, State next, Scope scope, Object state, Boolean isCompleted)
   at Microsoft.AspNetCore.Mvc.Infrastructure.ResourceInvoker.<InvokeFilterPipelineAsync>g__Awaited|20_0(ResourceInvoker invoker, Task lastTask, State next, Scope scope, Object state, Boolean isCompleted)
   at Microsoft.AspNetCore.Mvc.Infrastructure.ResourceInvoker.<InvokeAsync>g__Awaited|17_0(ResourceInvoker invoker, Task task, IDisposable scope)
   at Microsoft.AspNetCore.Mvc.Infrastructure.ResourceInvoker.<InvokeAsync>g__Awaited|17_0(ResourceInvoker invoker, Task task, IDisposable scope)
   at Microsoft.AspNetCore.Routing.EndpointMiddleware.<Invoke>g__AwaitRequestTask|6_0(Endpoint endpoint, Task requestTask, ILogger logger)
   at Microsoft.AspNetCore.Diagnostics.ExceptionHandlerMiddleware.<Invoke>g__Awaited|6_0(ExceptionHandlerMiddleware middleware, HttpContext context, Task task)
ClientConnectionId:3d1e68a4-743a-44b9-96c6-289b2b75dae2
Error Number:156,State:1,Class:15
2022-08-17 10:06:16,959 [21] ERROR DID - 关键字 'and' 附近有语法错误。
2022-08-17 10:13:11,505 [5] ERROR Microsoft.AspNetCore.Diagnostics.ExceptionHandlerMiddleware - An unhandled exception has occurred while executing the request.
System.Data.SqlTypes.SqlTypeException: SqlDateTime overflow. Must be between 1/1/1753 12:00:00 AM and 12/31/9999 11:59:59 PM.
   at System.Data.SqlTypes.SqlDateTime.FromTimeSpan(TimeSpan value)
   at System.Data.SqlTypes.SqlDateTime.FromDateTime(DateTime value)
   at System.Data.SqlClient.MetaType.FromDateTime(DateTime dateTime, Byte cb)
   at System.Data.SqlClient.TdsParser.WriteUnterminatedValue(Object value, MetaType type, Byte scale, Int32 actualLength, Int32 encodingByteSize, Int32 offset, TdsParserStateObject stateObj, Int32 paramSize, Boolean isDataFeed)
   at System.Data.SqlClient.TdsParser.TDSExecuteRPCAddParameter(TdsParserStateObject stateObj, SqlParameter param, MetaType mt, Byte options)
   at System.Data.SqlClient.TdsParser.TdsExecuteRPC(_SqlRPC[] rpcArray, Int32 timeout, Boolean inSchema, SqlNotificationRequest notificationRequest, TdsParserStateObject stateObj, Boolean isCommandProc, Boolean sync, TaskCompletionSource`1 completion, Int32 startRpc, Int32 startParam)
   at System.Data.SqlClient.SqlCommand.RunExecuteReaderTds(CommandBehavior cmdBehavior, RunBehavior runBehavior, Boolean returnStream, Boolean async, Int32 timeout, Task& task, Boolean asyncWrite, SqlDataReader ds)
   at System.Data.SqlClient.SqlCommand.InternalExecuteNonQuery(TaskCompletionSource`1 completion, Boolean sendToPipe, Int32 timeout, Boolean asyncWrite, String methodName)
   at System.Data.SqlClient.SqlCommand.BeginExecuteNonQuery(AsyncCallback callback, Object stateObject)
   at System.Threading.Tasks.TaskFactory`1.FromAsyncImpl(Func`3 beginMethod, Func`2 endFunction, Action`1 endAction, Object state, TaskCreationOptions creationOptions)
   at System.Data.SqlClient.SqlCommand.ExecuteNonQueryAsync(CancellationToken cancellationToken)
--- End of stack trace from previous location ---
   at NPoco.Database.ExecutionHookAsync[T](Func`1 action)
   at NPoco.Database.ExecuteNonQueryHelperAsync(DbCommand cmd)
   at NPoco.Database.InsertAsyncImp[T](PocoData pocoData, String tableName, String primaryKeyName, Boolean autoIncrement, T poco, Boolean sync)
   at DID.Services.UserAuthService.UploadUserInfo(UserAuthInfo info) in E:\DID\DID\DID\Services\UserAuthService.cs:line 307
   at DID.Controllers.UserAuthController.UploadUserInfo(UserAuthInfo info) in E:\DID\DID\DID\Controllers\UserAuthController.cs:line 66
   at lambda_method372(Closure , Object )
   at Microsoft.AspNetCore.Mvc.Infrastructure.ActionMethodExecutor.AwaitableObjectResultExecutor.Execute(IActionResultTypeMapper mapper, ObjectMethodExecutor executor, Object controller, Object[] arguments)
   at Microsoft.AspNetCore.Mvc.Infrastructure.ControllerActionInvoker.<InvokeActionMethodAsync>g__Awaited|12_0(ControllerActionInvoker invoker, ValueTask`1 actionResultValueTask)
   at Microsoft.AspNetCore.Mvc.Infrastructure.ControllerActionInvoker.<InvokeNextActionFilterAsync>g__Awaited|10_0(ControllerActionInvoker invoker, Task lastTask, State next, Scope scope, Object state, Boolean isCompleted)
   at Microsoft.AspNetCore.Mvc.Infrastructure.ControllerActionInvoker.Rethrow(ActionExecutedContextSealed context)
   at Microsoft.AspNetCore.Mvc.Infrastructure.ControllerActionInvoker.Next(State& next, Scope& scope, Object& state, Boolean& isCompleted)
   at Microsoft.AspNetCore.Mvc.Infrastructure.ControllerActionInvoker.<InvokeInnerFilterAsync>g__Awaited|13_0(ControllerActionInvoker invoker, Task lastTask, State next, Scope scope, Object state, Boolean isCompleted)
   at Microsoft.AspNetCore.Mvc.Infrastructure.ResourceInvoker.<InvokeFilterPipelineAsync>g__Awaited|20_0(ResourceInvoker invoker, Task lastTask, State next, Scope scope, Object state, Boolean isCompleted)
   at Microsoft.AspNetCore.Mvc.Infrastructure.ResourceInvoker.<InvokeAsync>g__Awaited|17_0(ResourceInvoker invoker, Task task, IDisposable scope)
   at Microsoft.AspNetCore.Mvc.Infrastructure.ResourceInvoker.<InvokeAsync>g__Awaited|17_0(ResourceInvoker invoker, Task task, IDisposable scope)
   at Microsoft.AspNetCore.Routing.EndpointMiddleware.<Invoke>g__AwaitRequestTask|6_0(Endpoint endpoint, Task requestTask, ILogger logger)
   at Microsoft.AspNetCore.Diagnostics.ExceptionHandlerMiddleware.<Invoke>g__Awaited|6_0(ExceptionHandlerMiddleware middleware, HttpContext context, Task task)
2022-08-17 10:13:11,516 [5] ERROR DID - SqlDateTime overflow. Must be between 1/1/1753 12:00:00 AM and 12/31/9999 11:59:59 PM.
2022-08-17 10:21:58,759 [13] ERROR Microsoft.AspNetCore.Diagnostics.ExceptionHandlerMiddleware - An unhandled exception has occurred while executing the request.
System.Data.SqlTypes.SqlTypeException: SqlDateTime overflow. Must be between 1/1/1753 12:00:00 AM and 12/31/9999 11:59:59 PM.
   at System.Data.SqlTypes.SqlDateTime.FromTimeSpan(TimeSpan value)
   at System.Data.SqlTypes.SqlDateTime.FromDateTime(DateTime value)
   at System.Data.SqlClient.MetaType.FromDateTime(DateTime dateTime, Byte cb)
   at System.Data.SqlClient.TdsParser.WriteUnterminatedValue(Object value, MetaType type, Byte scale, Int32 actualLength, Int32 encodingByteSize, Int32 offset, TdsParserStateObject stateObj, Int32 paramSize, Boolean isDataFeed)
   at System.Data.SqlClient.TdsParser.TDSExecuteRPCAddParameter(TdsParserStateObject stateObj, SqlParameter param, MetaType mt, Byte options)
   at System.Data.SqlClient.TdsParser.TdsExecuteRPC(_SqlRPC[] rpcArray, Int32 timeout, Boolean inSchema, SqlNotificationRequest notificationRequest, TdsParserStateObject stateObj, Boolean isCommandProc, Boolean sync, TaskCompletionSource`1 completion, Int32 startRpc, Int32 startParam)
   at System.Data.SqlClient.SqlCommand.RunExecuteReaderTds(CommandBehavior cmdBehavior, RunBehavior runBehavior, Boolean returnStream, Boolean async, Int32 timeout, Task& task, Boolean asyncWrite, SqlDataReader ds)
   at System.Data.SqlClient.SqlCommand.InternalExecuteNonQuery(TaskCompletionSource`1 completion, Boolean sendToPipe, Int32 timeout, Boolean asyncWrite, String methodName)
   at System.Data.SqlClient.SqlCommand.BeginExecuteNonQuery(AsyncCallback callback, Object stateObject)
   at System.Threading.Tasks.TaskFactory`1.FromAsyncImpl(Func`3 beginMethod, Func`2 endFunction, Action`1 endAction, Object state, TaskCreationOptions creationOptions)
   at System.Data.SqlClient.SqlCommand.ExecuteNonQueryAsync(CancellationToken cancellationToken)
--- End of stack trace from previous location ---
   at NPoco.Database.ExecutionHookAsync[T](Func`1 action)
   at NPoco.Database.ExecuteNonQueryHelperAsync(DbCommand cmd)
   at NPoco.Database.InsertAsyncImp[T](PocoData pocoData, String tableName, String primaryKeyName, Boolean autoIncrement, T poco, Boolean sync)
   at DID.Services.UserAuthService.UploadUserInfo(UserAuthInfo info) in E:\DID\DID\DID\Services\UserAuthService.cs:line 307
   at DID.Controllers.UserAuthController.UploadUserInfo(UserAuthInfo info) in E:\DID\DID\DID\Controllers\UserAuthController.cs:line 66
   at lambda_method372(Closure , Object )
   at Microsoft.AspNetCore.Mvc.Infrastructure.ActionMethodExecutor.AwaitableObjectResultExecutor.Execute(IActionResultTypeMapper mapper, ObjectMethodExecutor executor, Object controller, Object[] arguments)
   at Microsoft.AspNetCore.Mvc.Infrastructure.ControllerActionInvoker.<InvokeActionMethodAsync>g__Awaited|12_0(ControllerActionInvoker invoker, ValueTask`1 actionResultValueTask)
   at Microsoft.AspNetCore.Mvc.Infrastructure.ControllerActionInvoker.<InvokeNextActionFilterAsync>g__Awaited|10_0(ControllerActionInvoker invoker, Task lastTask, State next, Scope scope, Object state, Boolean isCompleted)
   at Microsoft.AspNetCore.Mvc.Infrastructure.ControllerActionInvoker.Rethrow(ActionExecutedContextSealed context)
   at Microsoft.AspNetCore.Mvc.Infrastructure.ControllerActionInvoker.Next(State& next, Scope& scope, Object& state, Boolean& isCompleted)
   at Microsoft.AspNetCore.Mvc.Infrastructure.ControllerActionInvoker.<InvokeInnerFilterAsync>g__Awaited|13_0(ControllerActionInvoker invoker, Task lastTask, State next, Scope scope, Object state, Boolean isCompleted)
   at Microsoft.AspNetCore.Mvc.Infrastructure.ResourceInvoker.<InvokeFilterPipelineAsync>g__Awaited|20_0(ResourceInvoker invoker, Task lastTask, State next, Scope scope, Object state, Boolean isCompleted)
   at Microsoft.AspNetCore.Mvc.Infrastructure.ResourceInvoker.<InvokeAsync>g__Awaited|17_0(ResourceInvoker invoker, Task task, IDisposable scope)
   at Microsoft.AspNetCore.Mvc.Infrastructure.ResourceInvoker.<InvokeAsync>g__Awaited|17_0(ResourceInvoker invoker, Task task, IDisposable scope)
   at Microsoft.AspNetCore.Routing.EndpointMiddleware.<Invoke>g__AwaitRequestTask|6_0(Endpoint endpoint, Task requestTask, ILogger logger)
   at Microsoft.AspNetCore.Diagnostics.ExceptionHandlerMiddleware.<Invoke>g__Awaited|6_0(ExceptionHandlerMiddleware middleware, HttpContext context, Task task)
2022-08-17 10:21:58,770 [13] ERROR DID - SqlDateTime overflow. Must be between 1/1/1753 12:00:00 AM and 12/31/9999 11:59:59 PM.
2022-08-17 10:23:30,934 [8] ERROR Microsoft.AspNetCore.Diagnostics.ExceptionHandlerMiddleware - An unhandled exception has occurred while executing the request.
System.Data.SqlTypes.SqlTypeException: SqlDateTime overflow. Must be between 1/1/1753 12:00:00 AM and 12/31/9999 11:59:59 PM.
   at System.Data.SqlTypes.SqlDateTime.FromTimeSpan(TimeSpan value)
   at System.Data.SqlTypes.SqlDateTime.FromDateTime(DateTime value)
   at System.Data.SqlClient.MetaType.FromDateTime(DateTime dateTime, Byte cb)
   at System.Data.SqlClient.TdsParser.WriteUnterminatedValue(Object value, MetaType type, Byte scale, Int32 actualLength, Int32 encodingByteSize, Int32 offset, TdsParserStateObject stateObj, Int32 paramSize, Boolean isDataFeed)
   at System.Data.SqlClient.TdsParser.TDSExecuteRPCAddParameter(TdsParserStateObject stateObj, SqlParameter param, MetaType mt, Byte options)
   at System.Data.SqlClient.TdsParser.TdsExecuteRPC(_SqlRPC[] rpcArray, Int32 timeout, Boolean inSchema, SqlNotificationRequest notificationRequest, TdsParserStateObject stateObj, Boolean isCommandProc, Boolean sync, TaskCompletionSource`1 completion, Int32 startRpc, Int32 startParam)
   at System.Data.SqlClient.SqlCommand.RunExecuteReaderTds(CommandBehavior cmdBehavior, RunBehavior runBehavior, Boolean returnStream, Boolean async, Int32 timeout, Task& task, Boolean asyncWrite, SqlDataReader ds)
   at System.Data.SqlClient.SqlCommand.InternalExecuteNonQuery(TaskCompletionSource`1 completion, Boolean sendToPipe, Int32 timeout, Boolean asyncWrite, String methodName)
   at System.Data.SqlClient.SqlCommand.BeginExecuteNonQuery(AsyncCallback callback, Object stateObject)
   at System.Threading.Tasks.TaskFactory`1.FromAsyncImpl(Func`3 beginMethod, Func`2 endFunction, Action`1 endAction, Object state, TaskCreationOptions creationOptions)
   at System.Data.SqlClient.SqlCommand.ExecuteNonQueryAsync(CancellationToken cancellationToken)
--- End of stack trace from previous location ---
   at NPoco.Database.ExecutionHookAsync[T](Func`1 action)
   at NPoco.Database.ExecuteNonQueryHelperAsync(DbCommand cmd)
   at NPoco.Database.InsertAsyncImp[T](PocoData pocoData, String tableName, String primaryKeyName, Boolean autoIncrement, T poco, Boolean sync)
   at DID.Services.UserAuthService.UploadUserInfo(UserAuthInfo info) in E:\DID\DID\DID\Services\UserAuthService.cs:line 307
   at DID.Controllers.UserAuthController.UploadUserInfo(UserAuthInfo info) in E:\DID\DID\DID\Controllers\UserAuthController.cs:line 66
   at lambda_method372(Closure , Object )
   at Microsoft.AspNetCore.Mvc.Infrastructure.ActionMethodExecutor.AwaitableObjectResultExecutor.Execute(IActionResultTypeMapper mapper, ObjectMethodExecutor executor, Object controller, Object[] arguments)
   at Microsoft.AspNetCore.Mvc.Infrastructure.ControllerActionInvoker.<InvokeActionMethodAsync>g__Awaited|12_0(ControllerActionInvoker invoker, ValueTask`1 actionResultValueTask)
   at Microsoft.AspNetCore.Mvc.Infrastructure.ControllerActionInvoker.<InvokeNextActionFilterAsync>g__Awaited|10_0(ControllerActionInvoker invoker, Task lastTask, State next, Scope scope, Object state, Boolean isCompleted)
   at Microsoft.AspNetCore.Mvc.Infrastructure.ControllerActionInvoker.Rethrow(ActionExecutedContextSealed context)
   at Microsoft.AspNetCore.Mvc.Infrastructure.ControllerActionInvoker.Next(State& next, Scope& scope, Object& state, Boolean& isCompleted)
   at Microsoft.AspNetCore.Mvc.Infrastructure.ControllerActionInvoker.<InvokeInnerFilterAsync>g__Awaited|13_0(ControllerActionInvoker invoker, Task lastTask, State next, Scope scope, Object state, Boolean isCompleted)
   at Microsoft.AspNetCore.Mvc.Infrastructure.ResourceInvoker.<InvokeFilterPipelineAsync>g__Awaited|20_0(ResourceInvoker invoker, Task lastTask, State next, Scope scope, Object state, Boolean isCompleted)
   at Microsoft.AspNetCore.Mvc.Infrastructure.ResourceInvoker.<InvokeAsync>g__Awaited|17_0(ResourceInvoker invoker, Task task, IDisposable scope)
   at Microsoft.AspNetCore.Mvc.Infrastructure.ResourceInvoker.<InvokeAsync>g__Awaited|17_0(ResourceInvoker invoker, Task task, IDisposable scope)
   at Microsoft.AspNetCore.Routing.EndpointMiddleware.<Invoke>g__AwaitRequestTask|6_0(Endpoint endpoint, Task requestTask, ILogger logger)
   at Microsoft.AspNetCore.Diagnostics.ExceptionHandlerMiddleware.<Invoke>g__Awaited|6_0(ExceptionHandlerMiddleware middleware, HttpContext context, Task task)
2022-08-17 10:23:30,939 [8] ERROR DID - SqlDateTime overflow. Must be between 1/1/1753 12:00:00 AM and 12/31/9999 11:59:59 PM.
2022-08-17 10:28:53,332 [20] ERROR Microsoft.AspNetCore.Diagnostics.ExceptionHandlerMiddleware - An unhandled exception has occurred while executing the request.
System.Data.SqlTypes.SqlTypeException: SqlDateTime overflow. Must be between 1/1/1753 12:00:00 AM and 12/31/9999 11:59:59 PM.
   at System.Data.SqlTypes.SqlDateTime.FromTimeSpan(TimeSpan value)
   at System.Data.SqlTypes.SqlDateTime.FromDateTime(DateTime value)
   at System.Data.SqlClient.MetaType.FromDateTime(DateTime dateTime, Byte cb)
   at System.Data.SqlClient.TdsParser.WriteUnterminatedValue(Object value, MetaType type, Byte scale, Int32 actualLength, Int32 encodingByteSize, Int32 offset, TdsParserStateObject stateObj, Int32 paramSize, Boolean isDataFeed)
   at System.Data.SqlClient.TdsParser.TDSExecuteRPCAddParameter(TdsParserStateObject stateObj, SqlParameter param, MetaType mt, Byte options)
   at System.Data.SqlClient.TdsParser.TdsExecuteRPC(_SqlRPC[] rpcArray, Int32 timeout, Boolean inSchema, SqlNotificationRequest notificationRequest, TdsParserStateObject stateObj, Boolean isCommandProc, Boolean sync, TaskCompletionSource`1 completion, Int32 startRpc, Int32 startParam)
   at System.Data.SqlClient.SqlCommand.RunExecuteReaderTds(CommandBehavior cmdBehavior, RunBehavior runBehavior, Boolean returnStream, Boolean async, Int32 timeout, Task& task, Boolean asyncWrite, SqlDataReader ds)
   at System.Data.SqlClient.SqlCommand.InternalExecuteNonQuery(TaskCompletionSource`1 completion, Boolean sendToPipe, Int32 timeout, Boolean asyncWrite, String methodName)
   at System.Data.SqlClient.SqlCommand.BeginExecuteNonQuery(AsyncCallback callback, Object stateObject)
   at System.Threading.Tasks.TaskFactory`1.FromAsyncImpl(Func`3 beginMethod, Func`2 endFunction, Action`1 endAction, Object state, TaskCreationOptions creationOptions)
   at System.Data.SqlClient.SqlCommand.ExecuteNonQueryAsync(CancellationToken cancellationToken)
--- End of stack trace from previous location ---
   at NPoco.Database.ExecutionHookAsync[T](Func`1 action)
   at NPoco.Database.ExecuteNonQueryHelperAsync(DbCommand cmd)
   at NPoco.Database.InsertAsyncImp[T](PocoData pocoData, String tableName, String primaryKeyName, Boolean autoIncrement, T poco, Boolean sync)
   at DID.Services.UserAuthService.UploadUserInfo(UserAuthInfo info) in E:\DID\DID\DID\Services\UserAuthService.cs:line 307
   at DID.Controllers.UserAuthController.UploadUserInfo(UserAuthInfo info) in E:\DID\DID\DID\Controllers\UserAuthController.cs:line 66
   at lambda_method372(Closure , Object )
   at Microsoft.AspNetCore.Mvc.Infrastructure.ActionMethodExecutor.AwaitableObjectResultExecutor.Execute(IActionResultTypeMapper mapper, ObjectMethodExecutor executor, Object controller, Object[] arguments)
   at Microsoft.AspNetCore.Mvc.Infrastructure.ControllerActionInvoker.<InvokeActionMethodAsync>g__Awaited|12_0(ControllerActionInvoker invoker, ValueTask`1 actionResultValueTask)
   at Microsoft.AspNetCore.Mvc.Infrastructure.ControllerActionInvoker.<InvokeNextActionFilterAsync>g__Awaited|10_0(ControllerActionInvoker invoker, Task lastTask, State next, Scope scope, Object state, Boolean isCompleted)
   at Microsoft.AspNetCore.Mvc.Infrastructure.ControllerActionInvoker.Rethrow(ActionExecutedContextSealed context)
   at Microsoft.AspNetCore.Mvc.Infrastructure.ControllerActionInvoker.Next(State& next, Scope& scope, Object& state, Boolean& isCompleted)
   at Microsoft.AspNetCore.Mvc.Infrastructure.ControllerActionInvoker.<InvokeInnerFilterAsync>g__Awaited|13_0(ControllerActionInvoker invoker, Task lastTask, State next, Scope scope, Object state, Boolean isCompleted)
   at Microsoft.AspNetCore.Mvc.Infrastructure.ResourceInvoker.<InvokeFilterPipelineAsync>g__Awaited|20_0(ResourceInvoker invoker, Task lastTask, State next, Scope scope, Object state, Boolean isCompleted)
   at Microsoft.AspNetCore.Mvc.Infrastructure.ResourceInvoker.<InvokeAsync>g__Awaited|17_0(ResourceInvoker invoker, Task task, IDisposable scope)
   at Microsoft.AspNetCore.Mvc.Infrastructure.ResourceInvoker.<InvokeAsync>g__Awaited|17_0(ResourceInvoker invoker, Task task, IDisposable scope)
   at Microsoft.AspNetCore.Routing.EndpointMiddleware.<Invoke>g__AwaitRequestTask|6_0(Endpoint endpoint, Task requestTask, ILogger logger)
   at Microsoft.AspNetCore.Diagnostics.ExceptionHandlerMiddleware.<Invoke>g__Awaited|6_0(ExceptionHandlerMiddleware middleware, HttpContext context, Task task)
2022-08-17 10:28:53,343 [20] ERROR DID - SqlDateTime overflow. Must be between 1/1/1753 12:00:00 AM and 12/31/9999 11:59:59 PM.
2022-08-17 10:29:37,257 [24] ERROR Microsoft.AspNetCore.Diagnostics.ExceptionHandlerMiddleware - An unhandled exception has occurred while executing the request.
System.Data.SqlTypes.SqlTypeException: SqlDateTime overflow. Must be between 1/1/1753 12:00:00 AM and 12/31/9999 11:59:59 PM.
   at System.Data.SqlTypes.SqlDateTime.FromTimeSpan(TimeSpan value)
   at System.Data.SqlTypes.SqlDateTime.FromDateTime(DateTime value)
   at System.Data.SqlClient.MetaType.FromDateTime(DateTime dateTime, Byte cb)
   at System.Data.SqlClient.TdsParser.WriteUnterminatedValue(Object value, MetaType type, Byte scale, Int32 actualLength, Int32 encodingByteSize, Int32 offset, TdsParserStateObject stateObj, Int32 paramSize, Boolean isDataFeed)
   at System.Data.SqlClient.TdsParser.TDSExecuteRPCAddParameter(TdsParserStateObject stateObj, SqlParameter param, MetaType mt, Byte options)
   at System.Data.SqlClient.TdsParser.TdsExecuteRPC(_SqlRPC[] rpcArray, Int32 timeout, Boolean inSchema, SqlNotificationRequest notificationRequest, TdsParserStateObject stateObj, Boolean isCommandProc, Boolean sync, TaskCompletionSource`1 completion, Int32 startRpc, Int32 startParam)
   at System.Data.SqlClient.SqlCommand.RunExecuteReaderTds(CommandBehavior cmdBehavior, RunBehavior runBehavior, Boolean returnStream, Boolean async, Int32 timeout, Task& task, Boolean asyncWrite, SqlDataReader ds)
   at System.Data.SqlClient.SqlCommand.InternalExecuteNonQuery(TaskCompletionSource`1 completion, Boolean sendToPipe, Int32 timeout, Boolean asyncWrite, String methodName)
   at System.Data.SqlClient.SqlCommand.BeginExecuteNonQuery(AsyncCallback callback, Object stateObject)
   at System.Threading.Tasks.TaskFactory`1.FromAsyncImpl(Func`3 beginMethod, Func`2 endFunction, Action`1 endAction, Object state, TaskCreationOptions creationOptions)
   at System.Data.SqlClient.SqlCommand.ExecuteNonQueryAsync(CancellationToken cancellationToken)
--- End of stack trace from previous location ---
   at NPoco.Database.ExecutionHookAsync[T](Func`1 action)
   at NPoco.Database.ExecuteNonQueryHelperAsync(DbCommand cmd)
   at NPoco.Database.InsertAsyncImp[T](PocoData pocoData, String tableName, String primaryKeyName, Boolean autoIncrement, T poco, Boolean sync)
   at DID.Services.UserAuthService.UploadUserInfo(UserAuthInfo info) in E:\DID\DID\DID\Services\UserAuthService.cs:line 307
   at DID.Controllers.UserAuthController.UploadUserInfo(UserAuthInfo info) in E:\DID\DID\DID\Controllers\UserAuthController.cs:line 66
   at lambda_method372(Closure , Object )
   at Microsoft.AspNetCore.Mvc.Infrastructure.ActionMethodExecutor.AwaitableObjectResultExecutor.Execute(IActionResultTypeMapper mapper, ObjectMethodExecutor executor, Object controller, Object[] arguments)
   at Microsoft.AspNetCore.Mvc.Infrastructure.ControllerActionInvoker.<InvokeActionMethodAsync>g__Awaited|12_0(ControllerActionInvoker invoker, ValueTask`1 actionResultValueTask)
   at Microsoft.AspNetCore.Mvc.Infrastructure.ControllerActionInvoker.<InvokeNextActionFilterAsync>g__Awaited|10_0(ControllerActionInvoker invoker, Task lastTask, State next, Scope scope, Object state, Boolean isCompleted)
   at Microsoft.AspNetCore.Mvc.Infrastructure.ControllerActionInvoker.Rethrow(ActionExecutedContextSealed context)
   at Microsoft.AspNetCore.Mvc.Infrastructure.ControllerActionInvoker.Next(State& next, Scope& scope, Object& state, Boolean& isCompleted)
   at Microsoft.AspNetCore.Mvc.Infrastructure.ControllerActionInvoker.<InvokeInnerFilterAsync>g__Awaited|13_0(ControllerActionInvoker invoker, Task lastTask, State next, Scope scope, Object state, Boolean isCompleted)
   at Microsoft.AspNetCore.Mvc.Infrastructure.ResourceInvoker.<InvokeFilterPipelineAsync>g__Awaited|20_0(ResourceInvoker invoker, Task lastTask, State next, Scope scope, Object state, Boolean isCompleted)
   at Microsoft.AspNetCore.Mvc.Infrastructure.ResourceInvoker.<InvokeAsync>g__Awaited|17_0(ResourceInvoker invoker, Task task, IDisposable scope)
   at Microsoft.AspNetCore.Mvc.Infrastructure.ResourceInvoker.<InvokeAsync>g__Awaited|17_0(ResourceInvoker invoker, Task task, IDisposable scope)
   at Microsoft.AspNetCore.Routing.EndpointMiddleware.<Invoke>g__AwaitRequestTask|6_0(Endpoint endpoint, Task requestTask, ILogger logger)
   at Microsoft.AspNetCore.Diagnostics.ExceptionHandlerMiddleware.<Invoke>g__Awaited|6_0(ExceptionHandlerMiddleware middleware, HttpContext context, Task task)
2022-08-17 10:29:37,260 [24] ERROR DID - SqlDateTime overflow. Must be between 1/1/1753 12:00:00 AM and 12/31/9999 11:59:59 PM.
2022-08-17 10:30:48,339 [11] ERROR Microsoft.AspNetCore.Diagnostics.ExceptionHandlerMiddleware - An unhandled exception has occurred while executing the request.
System.Data.SqlClient.SqlException (0x80131904): 关键字 'and' 附近有语法错误。
   at System.Data.SqlClient.SqlConnection.OnError(SqlException exception, Boolean breakConnection, Action`1 wrapCloseInAction)
   at System.Data.SqlClient.TdsParser.ThrowExceptionAndWarning(TdsParserStateObject stateObj, Boolean callerHasConnectionLock, Boolean asyncClose)
   at System.Data.SqlClient.TdsParser.TryRun(RunBehavior runBehavior, SqlCommand cmdHandler, SqlDataReader dataStream, BulkCopySimpleResultSet bulkCopyHandler, TdsParserStateObject stateObj, Boolean& dataReady)
   at System.Data.SqlClient.SqlCommand.FinishExecuteReader(SqlDataReader ds, RunBehavior runBehavior, String resetOptionsString)
   at System.Data.SqlClient.SqlCommand.CompleteAsyncExecuteReader()
   at System.Data.SqlClient.SqlCommand.EndExecuteNonQueryInternal(IAsyncResult asyncResult)
   at System.Data.SqlClient.SqlCommand.EndExecuteNonQuery(IAsyncResult asyncResult)
   at System.Threading.Tasks.TaskFactory`1.FromAsyncCoreLogic(IAsyncResult iar, Func`2 endFunction, Action`1 endAction, Task`1 promise, Boolean requiresSynchronization)
--- End of stack trace from previous location ---
   at NPoco.Database.ExecutionHookAsync[T](Func`1 action)
   at NPoco.Database.ExecuteNonQueryHelperAsync(DbCommand cmd)
   at NPoco.Database.ExecuteAsync(Sql Sql)
   at DID.Services.UserAuthService.UploadUserInfo(UserAuthInfo info) in E:\DID\DID\DID\Services\UserAuthService.cs:line 308
   at DID.Controllers.UserAuthController.UploadUserInfo(UserAuthInfo info) in E:\DID\DID\DID\Controllers\UserAuthController.cs:line 66
   at lambda_method372(Closure , Object )
   at Microsoft.AspNetCore.Mvc.Infrastructure.ActionMethodExecutor.AwaitableObjectResultExecutor.Execute(IActionResultTypeMapper mapper, ObjectMethodExecutor executor, Object controller, Object[] arguments)
   at Microsoft.AspNetCore.Mvc.Infrastructure.ControllerActionInvoker.<InvokeActionMethodAsync>g__Awaited|12_0(ControllerActionInvoker invoker, ValueTask`1 actionResultValueTask)
   at Microsoft.AspNetCore.Mvc.Infrastructure.ControllerActionInvoker.<InvokeNextActionFilterAsync>g__Awaited|10_0(ControllerActionInvoker invoker, Task lastTask, State next, Scope scope, Object state, Boolean isCompleted)
   at Microsoft.AspNetCore.Mvc.Infrastructure.ControllerActionInvoker.Rethrow(ActionExecutedContextSealed context)
   at Microsoft.AspNetCore.Mvc.Infrastructure.ControllerActionInvoker.Next(State& next, Scope& scope, Object& state, Boolean& isCompleted)
   at Microsoft.AspNetCore.Mvc.Infrastructure.ControllerActionInvoker.<InvokeInnerFilterAsync>g__Awaited|13_0(ControllerActionInvoker invoker, Task lastTask, State next, Scope scope, Object state, Boolean isCompleted)
   at Microsoft.AspNetCore.Mvc.Infrastructure.ResourceInvoker.<InvokeFilterPipelineAsync>g__Awaited|20_0(ResourceInvoker invoker, Task lastTask, State next, Scope scope, Object state, Boolean isCompleted)
   at Microsoft.AspNetCore.Mvc.Infrastructure.ResourceInvoker.<InvokeAsync>g__Awaited|17_0(ResourceInvoker invoker, Task task, IDisposable scope)
   at Microsoft.AspNetCore.Mvc.Infrastructure.ResourceInvoker.<InvokeAsync>g__Awaited|17_0(ResourceInvoker invoker, Task task, IDisposable scope)
   at Microsoft.AspNetCore.Routing.EndpointMiddleware.<Invoke>g__AwaitRequestTask|6_0(Endpoint endpoint, Task requestTask, ILogger logger)
   at Microsoft.AspNetCore.Diagnostics.ExceptionHandlerMiddleware.<Invoke>g__Awaited|6_0(ExceptionHandlerMiddleware middleware, HttpContext context, Task task)
ClientConnectionId:0d2768ab-3453-4073-aacf-5da8f1d27032
Error Number:156,State:1,Class:15
2022-08-17 10:30:48,353 [11] ERROR DID - 关键字 'and' 附近有语法错误。
2022-08-17 10:38:32,755 [5] ERROR Microsoft.AspNetCore.Diagnostics.ExceptionHandlerMiddleware - An unhandled exception has occurred while executing the request.
System.Data.SqlClient.SqlException (0x80131904): “Esc”附近有语法错误。
   at System.Data.SqlClient.SqlCommand.<>c.<ExecuteDbDataReaderAsync>b__126_0(Task`1 result)
   at System.Threading.Tasks.ContinuationResultTaskFromResultTask`2.InnerInvoke()
   at System.Threading.Tasks.Task.<>c.<.cctor>b__272_0(Object obj)
   at System.Threading.ExecutionContext.RunInternal(ExecutionContext executionContext, ContextCallback callback, Object state)
--- End of stack trace from previous location ---
   at System.Threading.ExecutionContext.RunInternal(ExecutionContext executionContext, ContextCallback callback, Object state)
   at System.Threading.Tasks.Task.ExecuteWithThreadLocal(Task& currentTaskSlot, Thread threadPoolThread)
--- End of stack trace from previous location ---
   at NPoco.Database.ExecutionHookAsync[T](Func`1 action)
   at NPoco.Database.ExecuteReaderHelperAsync(DbCommand cmd)
   at NPoco.Database.ExecuteDataReader(DbCommand cmd, Boolean sync)
   at NPoco.Database.QueryAsync[T](T instance, Expression`1 listExpression, Func`2 idFunc, Sql Sql, PocoData pocoData)+MoveNext()
   at NPoco.Database.QueryAsync[T](T instance, Expression`1 listExpression, Func`2 idFunc, Sql Sql, PocoData pocoData)+System.Threading.Tasks.Sources.IValueTaskSource<System.Boolean>.GetResult()
   at System.Linq.AsyncEnumerable.<ToListAsync>g__Core|620_0[TSource](IAsyncEnumerable`1 source, CancellationToken cancellationToken) in /_/Ix.NET/Source/System.Linq.Async/System/Linq/Operators/ToList.cs:line 36
   at System.Linq.AsyncEnumerable.<ToListAsync>g__Core|620_0[TSource](IAsyncEnumerable`1 source, CancellationToken cancellationToken) in /_/Ix.NET/Source/System.Linq.Async/System/Linq/Operators/ToList.cs:line 41
   at DID.Services.UserAuthService.GetUnauditedInfo(String uId) in E:\DID\DID\DID\Services\UserAuthService.cs:line 185
   at DID.Controllers.UserAuthController.GetUnauditedInfo(String uId) in E:\DID\DID\DID\Controllers\UserAuthController.cs:line 78
   at lambda_method372(Closure , Object )
   at Microsoft.AspNetCore.Mvc.Infrastructure.ActionMethodExecutor.AwaitableObjectResultExecutor.Execute(IActionResultTypeMapper mapper, ObjectMethodExecutor executor, Object controller, Object[] arguments)
   at Microsoft.AspNetCore.Mvc.Infrastructure.ControllerActionInvoker.<InvokeActionMethodAsync>g__Awaited|12_0(ControllerActionInvoker invoker, ValueTask`1 actionResultValueTask)
   at Microsoft.AspNetCore.Mvc.Infrastructure.ControllerActionInvoker.<InvokeNextActionFilterAsync>g__Awaited|10_0(ControllerActionInvoker invoker, Task lastTask, State next, Scope scope, Object state, Boolean isCompleted)
   at Microsoft.AspNetCore.Mvc.Infrastructure.ControllerActionInvoker.Rethrow(ActionExecutedContextSealed context)
   at Microsoft.AspNetCore.Mvc.Infrastructure.ControllerActionInvoker.Next(State& next, Scope& scope, Object& state, Boolean& isCompleted)
   at Microsoft.AspNetCore.Mvc.Infrastructure.ControllerActionInvoker.<InvokeInnerFilterAsync>g__Awaited|13_0(ControllerActionInvoker invoker, Task lastTask, State next, Scope scope, Object state, Boolean isCompleted)
   at Microsoft.AspNetCore.Mvc.Infrastructure.ResourceInvoker.<InvokeFilterPipelineAsync>g__Awaited|20_0(ResourceInvoker invoker, Task lastTask, State next, Scope scope, Object state, Boolean isCompleted)
   at Microsoft.AspNetCore.Mvc.Infrastructure.ResourceInvoker.<InvokeAsync>g__Awaited|17_0(ResourceInvoker invoker, Task task, IDisposable scope)
   at Microsoft.AspNetCore.Mvc.Infrastructure.ResourceInvoker.<InvokeAsync>g__Awaited|17_0(ResourceInvoker invoker, Task task, IDisposable scope)
   at Microsoft.AspNetCore.Routing.EndpointMiddleware.<Invoke>g__AwaitRequestTask|6_0(Endpoint endpoint, Task requestTask, ILogger logger)
   at Microsoft.AspNetCore.Diagnostics.ExceptionHandlerMiddleware.<Invoke>g__Awaited|6_0(ExceptionHandlerMiddleware middleware, HttpContext context, Task task)
ClientConnectionId:fb367d4d-8d26-48a8-b0b3-b174ff73f900
Error Number:102,State:1,Class:15
2022-08-17 10:38:32,769 [5] ERROR DID - “Esc”附近有语法错误。
2022-08-17 10:47:00,551 [26] ERROR Microsoft.AspNetCore.Diagnostics.ExceptionHandlerMiddleware - An unhandled exception has occurred while executing the request.
System.IO.FileNotFoundException: E:\DID\DID\DID\Images\AuthImges\1\aee2101e-5f77-489e-a6ea-eabd56081066.jpg
   at System.Drawing.Image.FromFile(String filename, Boolean useEmbeddedColorManagement)
   at DID.Services.UserAuthService.AuditInfo(String userAuthInfoId, String uId, AuditTypeEnum auditType) in E:\DID\DID\DID\Services\UserAuthService.cs:line 103
   at DID.Controllers.UserAuthController.AuditInfo(String userAuthInfoId, String uId, AuditTypeEnum auditType) in E:\DID\DID\DID\Controllers\UserAuthController.cs:line 117
   at lambda_method398(Closure , Object )
   at Microsoft.AspNetCore.Mvc.Infrastructure.ActionMethodExecutor.AwaitableObjectResultExecutor.Execute(IActionResultTypeMapper mapper, ObjectMethodExecutor executor, Object controller, Object[] arguments)
   at Microsoft.AspNetCore.Mvc.Infrastructure.ControllerActionInvoker.<InvokeActionMethodAsync>g__Awaited|12_0(ControllerActionInvoker invoker, ValueTask`1 actionResultValueTask)
   at Microsoft.AspNetCore.Mvc.Infrastructure.ControllerActionInvoker.<InvokeNextActionFilterAsync>g__Awaited|10_0(ControllerActionInvoker invoker, Task lastTask, State next, Scope scope, Object state, Boolean isCompleted)
   at Microsoft.AspNetCore.Mvc.Infrastructure.ControllerActionInvoker.Rethrow(ActionExecutedContextSealed context)
   at Microsoft.AspNetCore.Mvc.Infrastructure.ControllerActionInvoker.Next(State& next, Scope& scope, Object& state, Boolean& isCompleted)
   at Microsoft.AspNetCore.Mvc.Infrastructure.ControllerActionInvoker.<InvokeInnerFilterAsync>g__Awaited|13_0(ControllerActionInvoker invoker, Task lastTask, State next, Scope scope, Object state, Boolean isCompleted)
   at Microsoft.AspNetCore.Mvc.Infrastructure.ResourceInvoker.<InvokeFilterPipelineAsync>g__Awaited|20_0(ResourceInvoker invoker, Task lastTask, State next, Scope scope, Object state, Boolean isCompleted)
   at Microsoft.AspNetCore.Mvc.Infrastructure.ResourceInvoker.<InvokeAsync>g__Awaited|17_0(ResourceInvoker invoker, Task task, IDisposable scope)
   at Microsoft.AspNetCore.Mvc.Infrastructure.ResourceInvoker.<InvokeAsync>g__Awaited|17_0(ResourceInvoker invoker, Task task, IDisposable scope)
   at Microsoft.AspNetCore.Routing.EndpointMiddleware.<Invoke>g__AwaitRequestTask|6_0(Endpoint endpoint, Task requestTask, ILogger logger)
   at Microsoft.AspNetCore.Diagnostics.ExceptionHandlerMiddleware.<Invoke>g__Awaited|6_0(ExceptionHandlerMiddleware middleware, HttpContext context, Task task)
2022-08-17 10:47:00,562 [26] ERROR DID - E:\DID\DID\DID\Images\AuthImges\1\aee2101e-5f77-489e-a6ea-eabd56081066.jpg
2022-08-17 10:56:52,369 [31] ERROR Microsoft.AspNetCore.Diagnostics.ExceptionHandlerMiddleware - An unhandled exception has occurred while executing the request.
System.Data.SqlClient.SqlException (0x80131904): INSERT 语句与 FOREIGN KEY 约束"FK_Auth_AuditUid"冲突。该冲突发生于数据库"DID"，表"dbo.DIDUser", column 'Uid'。
语句已终止。
   at System.Data.SqlClient.SqlConnection.OnError(SqlException exception, Boolean breakConnection, Action`1 wrapCloseInAction)
   at System.Data.SqlClient.TdsParser.ThrowExceptionAndWarning(TdsParserStateObject stateObj, Boolean callerHasConnectionLock, Boolean asyncClose)
   at System.Data.SqlClient.TdsParser.TryRun(RunBehavior runBehavior, SqlCommand cmdHandler, SqlDataReader dataStream, BulkCopySimpleResultSet bulkCopyHandler, TdsParserStateObject stateObj, Boolean& dataReady)
   at System.Data.SqlClient.SqlCommand.FinishExecuteReader(SqlDataReader ds, RunBehavior runBehavior, String resetOptionsString)
   at System.Data.SqlClient.SqlCommand.CompleteAsyncExecuteReader()
   at System.Data.SqlClient.SqlCommand.EndExecuteNonQueryInternal(IAsyncResult asyncResult)
   at System.Data.SqlClient.SqlCommand.EndExecuteNonQuery(IAsyncResult asyncResult)
   at System.Threading.Tasks.TaskFactory`1.FromAsyncCoreLogic(IAsyncResult iar, Func`2 endFunction, Action`1 endAction, Task`1 promise, Boolean requiresSynchronization)
--- End of stack trace from previous location ---
   at NPoco.Database.ExecutionHookAsync[T](Func`1 action)
   at NPoco.Database.ExecuteNonQueryHelperAsync(DbCommand cmd)
   at NPoco.Database.InsertAsyncImp[T](PocoData pocoData, String tableName, String primaryKeyName, Boolean autoIncrement, T poco, Boolean sync)
   at DID.Services.UserAuthService.AuditInfo(String userAuthInfoId, String uId, AuditTypeEnum auditType) in E:\DID\DID\DID\Services\UserAuthService.cs:line 114
   at DID.Controllers.UserAuthController.AuditInfo(String userAuthInfoId, String uId, AuditTypeEnum auditType) in E:\DID\DID\DID\Controllers\UserAuthController.cs:line 117
   at lambda_method390(Closure , Object )
   at Microsoft.AspNetCore.Mvc.Infrastructure.ActionMethodExecutor.AwaitableObjectResultExecutor.Execute(IActionResultTypeMapper mapper, ObjectMethodExecutor executor, Object controller, Object[] arguments)
   at Microsoft.AspNetCore.Mvc.Infrastructure.ControllerActionInvoker.<InvokeActionMethodAsync>g__Awaited|12_0(ControllerActionInvoker invoker, ValueTask`1 actionResultValueTask)
   at Microsoft.AspNetCore.Mvc.Infrastructure.ControllerActionInvoker.<InvokeNextActionFilterAsync>g__Awaited|10_0(ControllerActionInvoker invoker, Task lastTask, State next, Scope scope, Object state, Boolean isCompleted)
   at Microsoft.AspNetCore.Mvc.Infrastructure.ControllerActionInvoker.Rethrow(ActionExecutedContextSealed context)
   at Microsoft.AspNetCore.Mvc.Infrastructure.ControllerActionInvoker.Next(State& next, Scope& scope, Object& state, Boolean& isCompleted)
   at Microsoft.AspNetCore.Mvc.Infrastructure.ControllerActionInvoker.<InvokeInnerFilterAsync>g__Awaited|13_0(ControllerActionInvoker invoker, Task lastTask, State next, Scope scope, Object state, Boolean isCompleted)
   at Microsoft.AspNetCore.Mvc.Infrastructure.ResourceInvoker.<InvokeFilterPipelineAsync>g__Awaited|20_0(ResourceInvoker invoker, Task lastTask, State next, Scope scope, Object state, Boolean isCompleted)
   at Microsoft.AspNetCore.Mvc.Infrastructure.ResourceInvoker.<InvokeAsync>g__Awaited|17_0(ResourceInvoker invoker, Task task, IDisposable scope)
   at Microsoft.AspNetCore.Mvc.Infrastructure.ResourceInvoker.<InvokeAsync>g__Awaited|17_0(ResourceInvoker invoker, Task task, IDisposable scope)
   at Microsoft.AspNetCore.Routing.EndpointMiddleware.<Invoke>g__AwaitRequestTask|6_0(Endpoint endpoint, Task requestTask, ILogger logger)
   at Microsoft.AspNetCore.Diagnostics.ExceptionHandlerMiddleware.<Invoke>g__Awaited|6_0(ExceptionHandlerMiddleware middleware, HttpContext context, Task task)
ClientConnectionId:a71cdd3e-1f97-4667-8c5c-6e38a8819966
Error Number:547,State:0,Class:16
2022-08-17 10:56:52,380 [31] ERROR DID - INSERT 语句与 FOREIGN KEY 约束"FK_Auth_AuditUid"冲突。该冲突发生于数据库"DID"，表"dbo.DIDUser", column 'Uid'。
语句已终止。
2022-08-17 10:57:59,499 [11] ERROR Microsoft.AspNetCore.Diagnostics.ExceptionHandlerMiddleware - An unhandled exception has occurred while executing the request.
System.Data.SqlClient.SqlException (0x80131904): INSERT 语句与 FOREIGN KEY 约束"FK_Auth_AuditUid"冲突。该冲突发生于数据库"DID"，表"dbo.DIDUser", column 'Uid'。
语句已终止。
   at System.Data.SqlClient.SqlConnection.OnError(SqlException exception, Boolean breakConnection, Action`1 wrapCloseInAction)
   at System.Data.SqlClient.TdsParser.ThrowExceptionAndWarning(TdsParserStateObject stateObj, Boolean callerHasConnectionLock, Boolean asyncClose)
   at System.Data.SqlClient.TdsParser.TryRun(RunBehavior runBehavior, SqlCommand cmdHandler, SqlDataReader dataStream, BulkCopySimpleResultSet bulkCopyHandler, TdsParserStateObject stateObj, Boolean& dataReady)
   at System.Data.SqlClient.SqlCommand.FinishExecuteReader(SqlDataReader ds, RunBehavior runBehavior, String resetOptionsString)
   at System.Data.SqlClient.SqlCommand.CompleteAsyncExecuteReader()
   at System.Data.SqlClient.SqlCommand.EndExecuteNonQueryInternal(IAsyncResult asyncResult)
   at System.Data.SqlClient.SqlCommand.EndExecuteNonQuery(IAsyncResult asyncResult)
   at System.Threading.Tasks.TaskFactory`1.FromAsyncCoreLogic(IAsyncResult iar, Func`2 endFunction, Action`1 endAction, Task`1 promise, Boolean requiresSynchronization)
--- End of stack trace from previous location ---
   at NPoco.Database.ExecutionHookAsync[T](Func`1 action)
   at NPoco.Database.ExecuteNonQueryHelperAsync(DbCommand cmd)
   at NPoco.Database.InsertAsyncImp[T](PocoData pocoData, String tableName, String primaryKeyName, Boolean autoIncrement, T poco, Boolean sync)
   at DID.Services.UserAuthService.AuditInfo(String userAuthInfoId, String uId, AuditTypeEnum auditType) in E:\DID\DID\DID\Services\UserAuthService.cs:line 114
   at DID.Controllers.UserAuthController.AuditInfo(String userAuthInfoId, String uId, AuditTypeEnum auditType) in E:\DID\DID\DID\Controllers\UserAuthController.cs:line 117
   at lambda_method372(Closure , Object )
   at Microsoft.AspNetCore.Mvc.Infrastructure.ActionMethodExecutor.AwaitableObjectResultExecutor.Execute(IActionResultTypeMapper mapper, ObjectMethodExecutor executor, Object controller, Object[] arguments)
   at Microsoft.AspNetCore.Mvc.Infrastructure.ControllerActionInvoker.<InvokeActionMethodAsync>g__Awaited|12_0(ControllerActionInvoker invoker, ValueTask`1 actionResultValueTask)
   at Microsoft.AspNetCore.Mvc.Infrastructure.ControllerActionInvoker.<InvokeNextActionFilterAsync>g__Awaited|10_0(ControllerActionInvoker invoker, Task lastTask, State next, Scope scope, Object state, Boolean isCompleted)
   at Microsoft.AspNetCore.Mvc.Infrastructure.ControllerActionInvoker.Rethrow(ActionExecutedContextSealed context)
   at Microsoft.AspNetCore.Mvc.Infrastructure.ControllerActionInvoker.Next(State& next, Scope& scope, Object& state, Boolean& isCompleted)
   at Microsoft.AspNetCore.Mvc.Infrastructure.ControllerActionInvoker.<InvokeInnerFilterAsync>g__Awaited|13_0(ControllerActionInvoker invoker, Task lastTask, State next, Scope scope, Object state, Boolean isCompleted)
   at Microsoft.AspNetCore.Mvc.Infrastructure.ResourceInvoker.<InvokeFilterPipelineAsync>g__Awaited|20_0(ResourceInvoker invoker, Task lastTask, State next, Scope scope, Object state, Boolean isCompleted)
   at Microsoft.AspNetCore.Mvc.Infrastructure.ResourceInvoker.<InvokeAsync>g__Awaited|17_0(ResourceInvoker invoker, Task task, IDisposable scope)
   at Microsoft.AspNetCore.Mvc.Infrastructure.ResourceInvoker.<InvokeAsync>g__Awaited|17_0(ResourceInvoker invoker, Task task, IDisposable scope)
   at Microsoft.AspNetCore.Routing.EndpointMiddleware.<Invoke>g__AwaitRequestTask|6_0(Endpoint endpoint, Task requestTask, ILogger logger)
   at Microsoft.AspNetCore.Diagnostics.ExceptionHandlerMiddleware.<Invoke>g__Awaited|6_0(ExceptionHandlerMiddleware middleware, HttpContext context, Task task)
ClientConnectionId:875ad646-16c0-4acd-abce-4723c4be3081
Error Number:547,State:0,Class:16
2022-08-17 10:57:59,510 [11] ERROR DID - INSERT 语句与 FOREIGN KEY 约束"FK_Auth_AuditUid"冲突。该冲突发生于数据库"DID"，表"dbo.DIDUser", column 'Uid'。
语句已终止。
2022-08-17 11:06:05,060 [5] ERROR Microsoft.AspNetCore.Diagnostics.ExceptionHandlerMiddleware - An unhandled exception has occurred while executing the request.
System.Data.SqlClient.SqlException (0x80131904): INSERT 语句与 FOREIGN KEY 约束"FK_Auth_AuditUid"冲突。该冲突发生于数据库"DID"，表"dbo.DIDUser", column 'Uid'。
语句已终止。
   at System.Data.SqlClient.SqlConnection.OnError(SqlException exception, Boolean breakConnection, Action`1 wrapCloseInAction)
   at System.Data.SqlClient.TdsParser.ThrowExceptionAndWarning(TdsParserStateObject stateObj, Boolean callerHasConnectionLock, Boolean asyncClose)
   at System.Data.SqlClient.TdsParser.TryRun(RunBehavior runBehavior, SqlCommand cmdHandler, SqlDataReader dataStream, BulkCopySimpleResultSet bulkCopyHandler, TdsParserStateObject stateObj, Boolean& dataReady)
   at System.Data.SqlClient.SqlCommand.FinishExecuteReader(SqlDataReader ds, RunBehavior runBehavior, String resetOptionsString)
   at System.Data.SqlClient.SqlCommand.CompleteAsyncExecuteReader()
   at System.Data.SqlClient.SqlCommand.EndExecuteNonQueryInternal(IAsyncResult asyncResult)
   at System.Data.SqlClient.SqlCommand.EndExecuteNonQuery(IAsyncResult asyncResult)
   at System.Threading.Tasks.TaskFactory`1.FromAsyncCoreLogic(IAsyncResult iar, Func`2 endFunction, Action`1 endAction, Task`1 promise, Boolean requiresSynchronization)
--- End of stack trace from previous location ---
   at NPoco.Database.ExecutionHookAsync[T](Func`1 action)
   at NPoco.Database.ExecuteNonQueryHelperAsync(DbCommand cmd)
   at NPoco.Database.InsertAsyncImp[T](PocoData pocoData, String tableName, String primaryKeyName, Boolean autoIncrement, T poco, Boolean sync)
   at DID.Services.UserAuthService.AuditInfo(String userAuthInfoId, String uId, AuditTypeEnum auditType) in E:\DID\DID\DID\Services\UserAuthService.cs:line 138
   at DID.Controllers.UserAuthController.AuditInfo(String userAuthInfoId, String uId, AuditTypeEnum auditType) in E:\DID\DID\DID\Controllers\UserAuthController.cs:line 117
   at lambda_method390(Closure , Object )
   at Microsoft.AspNetCore.Mvc.Infrastructure.ActionMethodExecutor.AwaitableObjectResultExecutor.Execute(IActionResultTypeMapper mapper, ObjectMethodExecutor executor, Object controller, Object[] arguments)
   at Microsoft.AspNetCore.Mvc.Infrastructure.ControllerActionInvoker.<InvokeActionMethodAsync>g__Awaited|12_0(ControllerActionInvoker invoker, ValueTask`1 actionResultValueTask)
   at Microsoft.AspNetCore.Mvc.Infrastructure.ControllerActionInvoker.<InvokeNextActionFilterAsync>g__Awaited|10_0(ControllerActionInvoker invoker, Task lastTask, State next, Scope scope, Object state, Boolean isCompleted)
   at Microsoft.AspNetCore.Mvc.Infrastructure.ControllerActionInvoker.Rethrow(ActionExecutedContextSealed context)
   at Microsoft.AspNetCore.Mvc.Infrastructure.ControllerActionInvoker.Next(State& next, Scope& scope, Object& state, Boolean& isCompleted)
   at Microsoft.AspNetCore.Mvc.Infrastructure.ControllerActionInvoker.<InvokeInnerFilterAsync>g__Awaited|13_0(ControllerActionInvoker invoker, Task lastTask, State next, Scope scope, Object state, Boolean isCompleted)
   at Microsoft.AspNetCore.Mvc.Infrastructure.ResourceInvoker.<InvokeFilterPipelineAsync>g__Awaited|20_0(ResourceInvoker invoker, Task lastTask, State next, Scope scope, Object state, Boolean isCompleted)
   at Microsoft.AspNetCore.Mvc.Infrastructure.ResourceInvoker.<InvokeAsync>g__Awaited|17_0(ResourceInvoker invoker, Task task, IDisposable scope)
   at Microsoft.AspNetCore.Mvc.Infrastructure.ResourceInvoker.<InvokeAsync>g__Awaited|17_0(ResourceInvoker invoker, Task task, IDisposable scope)
   at Microsoft.AspNetCore.Routing.EndpointMiddleware.<Invoke>g__AwaitRequestTask|6_0(Endpoint endpoint, Task requestTask, ILogger logger)
   at Microsoft.AspNetCore.Diagnostics.ExceptionHandlerMiddleware.<Invoke>g__Awaited|6_0(ExceptionHandlerMiddleware middleware, HttpContext context, Task task)
ClientConnectionId:2c708a02-6c13-4a41-a1c0-b87ece42f768
Error Number:547,State:0,Class:16
2022-08-17 11:06:05,071 [5] ERROR DID - INSERT 语句与 FOREIGN KEY 约束"FK_Auth_AuditUid"冲突。该冲突发生于数据库"DID"，表"dbo.DIDUser", column 'Uid'。
语句已终止。
