2022-08-11 10:30:57,459 [1] INFO  Microsoft.Hosting.Lifetime - Now listening on: https://localhost:7141
2022-08-11 10:30:57,475 [1] INFO  Microsoft.Hosting.Lifetime - Now listening on: http://localhost:5141
2022-08-11 10:30:57,482 [1] INFO  Microsoft.Hosting.Lifetime - Application started. Press Ctrl+C to shut down.
2022-08-11 10:30:57,484 [1] INFO  Microsoft.Hosting.Lifetime - Hosting environment: Development
2022-08-11 10:30:57,485 [1] INFO  Microsoft.Hosting.Lifetime - Content root path: E:\DID\DID\DID\
2022-08-11 10:31:55,395 [1] INFO  Microsoft.Hosting.Lifetime - Now listening on: https://localhost:7141
2022-08-11 10:31:55,409 [1] INFO  Microsoft.Hosting.Lifetime - Now listening on: http://localhost:5141
2022-08-11 10:31:55,416 [1] INFO  Microsoft.Hosting.Lifetime - Application started. Press Ctrl+C to shut down.
2022-08-11 10:31:55,430 [1] INFO  Microsoft.Hosting.Lifetime - Hosting environment: Development
2022-08-11 10:31:55,431 [1] INFO  Microsoft.Hosting.Lifetime - Content root path: E:\DID\DID\DID\
2022-08-11 10:32:57,888 [1] INFO  Microsoft.Hosting.Lifetime - Now listening on: https://localhost:7141
2022-08-11 10:32:57,936 [1] INFO  Microsoft.Hosting.Lifetime - Now listening on: http://localhost:5141
2022-08-11 10:32:57,944 [1] INFO  Microsoft.Hosting.Lifetime - Application started. Press Ctrl+C to shut down.
2022-08-11 10:32:57,946 [1] INFO  Microsoft.Hosting.Lifetime - Hosting environment: Development
2022-08-11 10:32:57,947 [1] INFO  Microsoft.Hosting.Lifetime - Content root path: E:\DID\DID\DID\
2022-08-11 10:33:51,544 [1] INFO  Microsoft.Hosting.Lifetime - Now listening on: https://localhost:7141
2022-08-11 10:33:51,558 [1] INFO  Microsoft.Hosting.Lifetime - Now listening on: http://localhost:5141
2022-08-11 10:33:51,566 [1] INFO  Microsoft.Hosting.Lifetime - Application started. Press Ctrl+C to shut down.
2022-08-11 10:33:51,567 [1] INFO  Microsoft.Hosting.Lifetime - Hosting environment: Development
2022-08-11 10:33:51,569 [1] INFO  Microsoft.Hosting.Lifetime - Content root path: E:\DID\DID\DID\
2022-08-11 10:34:34,179 [1] INFO  Microsoft.Hosting.Lifetime - Now listening on: https://localhost:7141
2022-08-11 10:34:34,194 [1] INFO  Microsoft.Hosting.Lifetime - Now listening on: http://localhost:5141
2022-08-11 10:34:34,200 [1] INFO  Microsoft.Hosting.Lifetime - Application started. Press Ctrl+C to shut down.
2022-08-11 10:34:34,202 [1] INFO  Microsoft.Hosting.Lifetime - Hosting environment: Development
2022-08-11 10:34:34,203 [1] INFO  Microsoft.Hosting.Lifetime - Content root path: E:\DID\DID\DID\
2022-08-11 10:35:42,077 [1] INFO  Microsoft.Hosting.Lifetime - Now listening on: https://localhost:7141
2022-08-11 10:35:42,091 [1] INFO  Microsoft.Hosting.Lifetime - Now listening on: http://localhost:5141
2022-08-11 10:35:42,099 [1] INFO  Microsoft.Hosting.Lifetime - Application started. Press Ctrl+C to shut down.
2022-08-11 10:35:42,102 [1] INFO  Microsoft.Hosting.Lifetime - Hosting environment: Development
2022-08-11 10:35:42,103 [1] INFO  Microsoft.Hosting.Lifetime - Content root path: E:\DID\DID\DID\
2022-08-11 10:37:51,196 [1] INFO  Microsoft.Hosting.Lifetime - Now listening on: https://localhost:7141
2022-08-11 10:37:51,251 [1] INFO  Microsoft.Hosting.Lifetime - Now listening on: http://localhost:5141
2022-08-11 10:37:51,264 [1] INFO  Microsoft.Hosting.Lifetime - Application started. Press Ctrl+C to shut down.
2022-08-11 10:37:51,266 [1] INFO  Microsoft.Hosting.Lifetime - Hosting environment: Development
2022-08-11 10:37:51,267 [1] INFO  Microsoft.Hosting.Lifetime - Content root path: E:\DID\DID\DID\
2022-08-11 10:38:46,311 [1] INFO  Microsoft.Hosting.Lifetime - Now listening on: https://localhost:7141
2022-08-11 10:38:46,328 [1] INFO  Microsoft.Hosting.Lifetime - Now listening on: http://localhost:5141
2022-08-11 10:38:46,339 [1] INFO  Microsoft.Hosting.Lifetime - Application started. Press Ctrl+C to shut down.
2022-08-11 10:38:46,341 [1] INFO  Microsoft.Hosting.Lifetime - Hosting environment: Development
2022-08-11 10:38:46,343 [1] INFO  Microsoft.Hosting.Lifetime - Content root path: E:\DID\DID\DID\
2022-08-11 10:40:36,539 [1] INFO  Microsoft.Hosting.Lifetime - Now listening on: https://localhost:7141
2022-08-11 10:40:36,552 [1] INFO  Microsoft.Hosting.Lifetime - Now listening on: http://localhost:5141
2022-08-11 10:40:36,560 [1] INFO  Microsoft.Hosting.Lifetime - Application started. Press Ctrl+C to shut down.
2022-08-11 10:40:36,562 [1] INFO  Microsoft.Hosting.Lifetime - Hosting environment: Development
2022-08-11 10:40:36,563 [1] INFO  Microsoft.Hosting.Lifetime - Content root path: E:\DID\DID\DID\
2022-08-11 10:42:20,754 [1] INFO  Microsoft.Hosting.Lifetime - Now listening on: https://localhost:7141
2022-08-11 10:42:20,777 [1] INFO  Microsoft.Hosting.Lifetime - Now listening on: http://localhost:5141
2022-08-11 10:42:20,788 [1] INFO  Microsoft.Hosting.Lifetime - Application started. Press Ctrl+C to shut down.
2022-08-11 10:42:20,790 [1] INFO  Microsoft.Hosting.Lifetime - Hosting environment: Development
2022-08-11 10:42:20,791 [1] INFO  Microsoft.Hosting.Lifetime - Content root path: E:\DID\DID\DID\
2022-08-11 10:44:38,104 [1] INFO  Microsoft.Hosting.Lifetime - Now listening on: https://localhost:7141
2022-08-11 10:44:38,117 [1] INFO  Microsoft.Hosting.Lifetime - Now listening on: http://localhost:5141
2022-08-11 10:44:38,125 [1] INFO  Microsoft.Hosting.Lifetime - Application started. Press Ctrl+C to shut down.
2022-08-11 10:44:38,127 [1] INFO  Microsoft.Hosting.Lifetime - Hosting environment: Development
2022-08-11 10:44:38,129 [1] INFO  Microsoft.Hosting.Lifetime - Content root path: E:\DID\DID\DID\
2022-08-11 10:45:16,895 [1] INFO  Microsoft.Hosting.Lifetime - Now listening on: https://localhost:7141
2022-08-11 10:45:16,908 [1] INFO  Microsoft.Hosting.Lifetime - Now listening on: http://localhost:5141
2022-08-11 10:45:16,916 [1] INFO  Microsoft.Hosting.Lifetime - Application started. Press Ctrl+C to shut down.
2022-08-11 10:45:16,918 [1] INFO  Microsoft.Hosting.Lifetime - Hosting environment: Development
2022-08-11 10:45:16,919 [1] INFO  Microsoft.Hosting.Lifetime - Content root path: E:\DID\DID\DID\
2022-08-11 10:55:29,570 [1] INFO  Microsoft.Hosting.Lifetime - Now listening on: https://localhost:7141
2022-08-11 10:55:29,586 [1] INFO  Microsoft.Hosting.Lifetime - Now listening on: http://localhost:5141
2022-08-11 10:55:29,595 [1] INFO  Microsoft.Hosting.Lifetime - Application started. Press Ctrl+C to shut down.
2022-08-11 10:55:29,598 [1] INFO  Microsoft.Hosting.Lifetime - Hosting environment: Development
2022-08-11 10:55:29,599 [1] INFO  Microsoft.Hosting.Lifetime - Content root path: E:\DID\DID\DID\
2022-08-11 10:56:27,115 [1] INFO  Microsoft.Hosting.Lifetime - Now listening on: https://localhost:7141
2022-08-11 10:56:27,128 [1] INFO  Microsoft.Hosting.Lifetime - Now listening on: http://localhost:5141
2022-08-11 10:56:27,136 [1] INFO  Microsoft.Hosting.Lifetime - Application started. Press Ctrl+C to shut down.
2022-08-11 10:56:27,137 [1] INFO  Microsoft.Hosting.Lifetime - Hosting environment: Development
2022-08-11 10:56:27,138 [1] INFO  Microsoft.Hosting.Lifetime - Content root path: E:\DID\DID\DID\
2022-08-11 10:57:16,843 [1] INFO  Microsoft.Hosting.Lifetime - Now listening on: https://localhost:7141
2022-08-11 10:57:16,862 [1] INFO  Microsoft.Hosting.Lifetime - Now listening on: http://localhost:5141
2022-08-11 10:57:16,871 [1] INFO  Microsoft.Hosting.Lifetime - Application started. Press Ctrl+C to shut down.
2022-08-11 10:57:16,873 [1] INFO  Microsoft.Hosting.Lifetime - Hosting environment: Development
2022-08-11 10:57:16,874 [1] INFO  Microsoft.Hosting.Lifetime - Content root path: E:\DID\DID\DID\
2022-08-11 11:01:54,902 [1] INFO  Microsoft.Hosting.Lifetime - Now listening on: https://localhost:7141
2022-08-11 11:01:54,932 [1] INFO  Microsoft.Hosting.Lifetime - Now listening on: http://localhost:5141
2022-08-11 11:01:54,944 [1] INFO  Microsoft.Hosting.Lifetime - Application started. Press Ctrl+C to shut down.
2022-08-11 11:01:54,950 [1] INFO  Microsoft.Hosting.Lifetime - Hosting environment: Development
2022-08-11 11:01:54,953 [1] INFO  Microsoft.Hosting.Lifetime - Content root path: E:\DID\DID\DID\
2022-08-11 11:16:40,314 [1] INFO  Microsoft.Hosting.Lifetime - Now listening on: https://localhost:7141
2022-08-11 11:16:40,332 [1] INFO  Microsoft.Hosting.Lifetime - Now listening on: http://localhost:5141
2022-08-11 11:16:40,340 [1] INFO  Microsoft.Hosting.Lifetime - Application started. Press Ctrl+C to shut down.
2022-08-11 11:16:40,342 [1] INFO  Microsoft.Hosting.Lifetime - Hosting environment: Development
2022-08-11 11:16:40,343 [1] INFO  Microsoft.Hosting.Lifetime - Content root path: E:\DID\DID\DID\
2022-08-11 14:04:12,866 [1] INFO  Microsoft.Hosting.Lifetime - Now listening on: https://localhost:7141
2022-08-11 14:04:12,882 [1] INFO  Microsoft.Hosting.Lifetime - Now listening on: http://localhost:5141
2022-08-11 14:04:12,890 [1] INFO  Microsoft.Hosting.Lifetime - Application started. Press Ctrl+C to shut down.
2022-08-11 14:04:12,892 [1] INFO  Microsoft.Hosting.Lifetime - Hosting environment: Development
2022-08-11 14:04:12,894 [1] INFO  Microsoft.Hosting.Lifetime - Content root path: E:\DID\DID\DID\
2022-08-11 15:12:45,289 [1] INFO  Microsoft.Hosting.Lifetime - Now listening on: https://localhost:7141
2022-08-11 15:12:45,303 [1] INFO  Microsoft.Hosting.Lifetime - Now listening on: http://localhost:5141
2022-08-11 15:12:45,310 [1] INFO  Microsoft.Hosting.Lifetime - Application started. Press Ctrl+C to shut down.
2022-08-11 15:12:45,313 [1] INFO  Microsoft.Hosting.Lifetime - Hosting environment: Development
2022-08-11 15:12:45,314 [1] INFO  Microsoft.Hosting.Lifetime - Content root path: E:\DID\DID\DID\
2022-08-11 15:13:05,556 [1] INFO  Microsoft.Hosting.Lifetime - Now listening on: https://localhost:7141
2022-08-11 15:13:05,574 [1] INFO  Microsoft.Hosting.Lifetime - Now listening on: http://localhost:5141
2022-08-11 15:13:05,586 [1] INFO  Microsoft.Hosting.Lifetime - Application started. Press Ctrl+C to shut down.
2022-08-11 15:13:05,588 [1] INFO  Microsoft.Hosting.Lifetime - Hosting environment: Development
2022-08-11 15:13:05,590 [1] INFO  Microsoft.Hosting.Lifetime - Content root path: E:\DID\DID\DID\
