2022-08-17 09:23:37,910 [1] INFO  Microsoft.Hosting.Lifetime - Now listening on: https://localhost:7141
2022-08-17 09:23:37,924 [1] INFO  Microsoft.Hosting.Lifetime - Now listening on: http://localhost:5141
2022-08-17 09:23:37,934 [1] INFO  Microsoft.Hosting.Lifetime - Application started. Press Ctrl+C to shut down.
2022-08-17 09:23:37,936 [1] INFO  Microsoft.Hosting.Lifetime - Hosting environment: Development
2022-08-17 09:23:37,938 [1] INFO  Microsoft.Hosting.Lifetime - Content root path: E:\DID\DID\DID\
2022-08-17 09:32:16,062 [1] INFO  Microsoft.Hosting.Lifetime - Now listening on: https://localhost:7141
2022-08-17 09:32:16,077 [1] INFO  Microsoft.Hosting.Lifetime - Now listening on: http://localhost:5141
2022-08-17 09:32:16,084 [1] INFO  Microsoft.Hosting.Lifetime - Application started. Press Ctrl+C to shut down.
2022-08-17 09:32:16,097 [1] INFO  Microsoft.Hosting.Lifetime - Hosting environment: Development
2022-08-17 09:32:16,099 [1] INFO  Microsoft.Hosting.Lifetime - Content root path: E:\DID\DID\DID\
2022-08-17 09:38:45,468 [1] INFO  Microsoft.Hosting.Lifetime - Now listening on: https://localhost:7141
2022-08-17 09:38:45,485 [1] INFO  Microsoft.Hosting.Lifetime - Now listening on: http://localhost:5141
2022-08-17 09:38:45,493 [1] INFO  Microsoft.Hosting.Lifetime - Application started. Press Ctrl+C to shut down.
2022-08-17 09:38:45,494 [1] INFO  Microsoft.Hosting.Lifetime - Hosting environment: Development
2022-08-17 09:38:45,497 [1] INFO  Microsoft.Hosting.Lifetime - Content root path: E:\DID\DID\DID\
2022-08-17 09:42:05,863 [1] INFO  Microsoft.Hosting.Lifetime - Now listening on: https://localhost:7141
2022-08-17 09:42:05,876 [1] INFO  Microsoft.Hosting.Lifetime - Now listening on: http://localhost:5141
2022-08-17 09:42:05,884 [1] INFO  Microsoft.Hosting.Lifetime - Application started. Press Ctrl+C to shut down.
2022-08-17 09:42:05,886 [1] INFO  Microsoft.Hosting.Lifetime - Hosting environment: Development
2022-08-17 09:42:05,888 [1] INFO  Microsoft.Hosting.Lifetime - Content root path: E:\DID\DID\DID\
2022-08-17 09:45:14,273 [1] INFO  Microsoft.Hosting.Lifetime - Now listening on: https://localhost:7141
2022-08-17 09:45:14,317 [1] INFO  Microsoft.Hosting.Lifetime - Now listening on: http://localhost:5141
2022-08-17 09:45:14,325 [1] INFO  Microsoft.Hosting.Lifetime - Application started. Press Ctrl+C to shut down.
2022-08-17 09:45:14,327 [1] INFO  Microsoft.Hosting.Lifetime - Hosting environment: Development
2022-08-17 09:45:14,328 [1] INFO  Microsoft.Hosting.Lifetime - Content root path: E:\DID\DID\DID\
2022-08-17 09:52:33,654 [1] INFO  Microsoft.Hosting.Lifetime - Now listening on: https://localhost:7141
2022-08-17 09:52:33,669 [1] INFO  Microsoft.Hosting.Lifetime - Now listening on: http://localhost:5141
2022-08-17 09:52:33,676 [1] INFO  Microsoft.Hosting.Lifetime - Application started. Press Ctrl+C to shut down.
2022-08-17 09:52:33,678 [1] INFO  Microsoft.Hosting.Lifetime - Hosting environment: Development
2022-08-17 09:52:33,680 [1] INFO  Microsoft.Hosting.Lifetime - Content root path: E:\DID\DID\DID\
2022-08-17 09:56:55,102 [1] INFO  Microsoft.Hosting.Lifetime - Now listening on: https://localhost:7141
2022-08-17 09:56:55,117 [1] INFO  Microsoft.Hosting.Lifetime - Now listening on: http://localhost:5141
2022-08-17 09:56:55,126 [1] INFO  Microsoft.Hosting.Lifetime - Application started. Press Ctrl+C to shut down.
2022-08-17 09:56:55,128 [1] INFO  Microsoft.Hosting.Lifetime - Hosting environment: Development
2022-08-17 09:56:55,129 [1] INFO  Microsoft.Hosting.Lifetime - Content root path: E:\DID\DID\DID\
2022-08-17 09:59:46,412 [1] INFO  Microsoft.Hosting.Lifetime - Now listening on: https://localhost:7141
2022-08-17 09:59:46,425 [1] INFO  Microsoft.Hosting.Lifetime - Now listening on: http://localhost:5141
2022-08-17 09:59:46,433 [1] INFO  Microsoft.Hosting.Lifetime - Application started. Press Ctrl+C to shut down.
2022-08-17 09:59:46,435 [1] INFO  Microsoft.Hosting.Lifetime - Hosting environment: Development
2022-08-17 09:59:46,437 [1] INFO  Microsoft.Hosting.Lifetime - Content root path: E:\DID\DID\DID\
2022-08-17 10:00:31,287 [1] INFO  Microsoft.Hosting.Lifetime - Now listening on: https://localhost:7141
2022-08-17 10:00:31,300 [1] INFO  Microsoft.Hosting.Lifetime - Now listening on: http://localhost:5141
2022-08-17 10:00:31,308 [1] INFO  Microsoft.Hosting.Lifetime - Application started. Press Ctrl+C to shut down.
2022-08-17 10:00:31,310 [1] INFO  Microsoft.Hosting.Lifetime - Hosting environment: Development
2022-08-17 10:00:31,312 [1] INFO  Microsoft.Hosting.Lifetime - Content root path: E:\DID\DID\DID\
2022-08-17 10:04:29,668 [1] INFO  Microsoft.Hosting.Lifetime - Now listening on: https://localhost:7141
2022-08-17 10:04:29,714 [1] INFO  Microsoft.Hosting.Lifetime - Now listening on: http://localhost:5141
2022-08-17 10:04:29,723 [1] INFO  Microsoft.Hosting.Lifetime - Application started. Press Ctrl+C to shut down.
2022-08-17 10:04:29,726 [1] INFO  Microsoft.Hosting.Lifetime - Hosting environment: Development
2022-08-17 10:04:29,727 [1] INFO  Microsoft.Hosting.Lifetime - Content root path: E:\DID\DID\DID\
2022-08-17 10:12:56,869 [1] INFO  Microsoft.Hosting.Lifetime - Now listening on: https://localhost:7141
2022-08-17 10:12:56,883 [1] INFO  Microsoft.Hosting.Lifetime - Now listening on: http://localhost:5141
2022-08-17 10:12:56,890 [1] INFO  Microsoft.Hosting.Lifetime - Application started. Press Ctrl+C to shut down.
2022-08-17 10:12:56,892 [1] INFO  Microsoft.Hosting.Lifetime - Hosting environment: Development
2022-08-17 10:12:56,893 [1] INFO  Microsoft.Hosting.Lifetime - Content root path: E:\DID\DID\DID\
2022-08-17 10:21:51,386 [1] INFO  Microsoft.Hosting.Lifetime - Now listening on: https://localhost:7141
2022-08-17 10:21:51,402 [1] INFO  Microsoft.Hosting.Lifetime - Now listening on: http://localhost:5141
2022-08-17 10:21:51,409 [1] INFO  Microsoft.Hosting.Lifetime - Application started. Press Ctrl+C to shut down.
2022-08-17 10:21:51,410 [1] INFO  Microsoft.Hosting.Lifetime - Hosting environment: Development
2022-08-17 10:21:51,411 [1] INFO  Microsoft.Hosting.Lifetime - Content root path: E:\DID\DID\DID\
2022-08-17 10:28:44,704 [1] INFO  Microsoft.Hosting.Lifetime - Now listening on: https://localhost:7141
2022-08-17 10:28:44,718 [1] INFO  Microsoft.Hosting.Lifetime - Now listening on: http://localhost:5141
2022-08-17 10:28:44,725 [1] INFO  Microsoft.Hosting.Lifetime - Application started. Press Ctrl+C to shut down.
2022-08-17 10:28:44,726 [1] INFO  Microsoft.Hosting.Lifetime - Hosting environment: Development
2022-08-17 10:28:44,727 [1] INFO  Microsoft.Hosting.Lifetime - Content root path: E:\DID\DID\DID\
2022-08-17 10:30:33,577 [1] INFO  Microsoft.Hosting.Lifetime - Now listening on: https://localhost:7141
2022-08-17 10:30:33,617 [1] INFO  Microsoft.Hosting.Lifetime - Now listening on: http://localhost:5141
2022-08-17 10:30:33,625 [1] INFO  Microsoft.Hosting.Lifetime - Application started. Press Ctrl+C to shut down.
2022-08-17 10:30:33,627 [1] INFO  Microsoft.Hosting.Lifetime - Hosting environment: Development
2022-08-17 10:30:33,629 [1] INFO  Microsoft.Hosting.Lifetime - Content root path: E:\DID\DID\DID\
2022-08-17 10:34:53,401 [1] INFO  Microsoft.Hosting.Lifetime - Now listening on: https://localhost:7141
2022-08-17 10:34:53,450 [1] INFO  Microsoft.Hosting.Lifetime - Now listening on: http://localhost:5141
2022-08-17 10:34:53,458 [1] INFO  Microsoft.Hosting.Lifetime - Application started. Press Ctrl+C to shut down.
2022-08-17 10:34:53,460 [1] INFO  Microsoft.Hosting.Lifetime - Hosting environment: Development
2022-08-17 10:34:53,461 [1] INFO  Microsoft.Hosting.Lifetime - Content root path: E:\DID\DID\DID\
2022-08-17 10:38:19,831 [1] INFO  Microsoft.Hosting.Lifetime - Now listening on: https://localhost:7141
2022-08-17 10:38:19,871 [1] INFO  Microsoft.Hosting.Lifetime - Now listening on: http://localhost:5141
2022-08-17 10:38:19,884 [1] INFO  Microsoft.Hosting.Lifetime - Application started. Press Ctrl+C to shut down.
2022-08-17 10:38:19,886 [1] INFO  Microsoft.Hosting.Lifetime - Hosting environment: Development
2022-08-17 10:38:19,889 [1] INFO  Microsoft.Hosting.Lifetime - Content root path: E:\DID\DID\DID\
2022-08-17 10:44:07,291 [1] INFO  Microsoft.Hosting.Lifetime - Now listening on: https://localhost:7141
2022-08-17 10:44:07,306 [1] INFO  Microsoft.Hosting.Lifetime - Now listening on: http://localhost:5141
2022-08-17 10:44:07,313 [1] INFO  Microsoft.Hosting.Lifetime - Application started. Press Ctrl+C to shut down.
2022-08-17 10:44:07,315 [1] INFO  Microsoft.Hosting.Lifetime - Hosting environment: Development
2022-08-17 10:44:07,316 [1] INFO  Microsoft.Hosting.Lifetime - Content root path: E:\DID\DID\DID\
2022-08-17 10:49:27,750 [1] INFO  Microsoft.Hosting.Lifetime - Now listening on: https://localhost:7141
2022-08-17 10:49:27,763 [1] INFO  Microsoft.Hosting.Lifetime - Now listening on: http://localhost:5141
2022-08-17 10:49:27,770 [1] INFO  Microsoft.Hosting.Lifetime - Application started. Press Ctrl+C to shut down.
2022-08-17 10:49:27,771 [1] INFO  Microsoft.Hosting.Lifetime - Hosting environment: Development
2022-08-17 10:49:27,772 [1] INFO  Microsoft.Hosting.Lifetime - Content root path: E:\DID\DID\DID\
2022-08-17 10:57:44,975 [1] INFO  Microsoft.Hosting.Lifetime - Now listening on: https://localhost:7141
2022-08-17 10:57:44,990 [1] INFO  Microsoft.Hosting.Lifetime - Now listening on: http://localhost:5141
2022-08-17 10:57:45,000 [1] INFO  Microsoft.Hosting.Lifetime - Application started. Press Ctrl+C to shut down.
2022-08-17 10:57:45,002 [1] INFO  Microsoft.Hosting.Lifetime - Hosting environment: Development
2022-08-17 10:57:45,003 [1] INFO  Microsoft.Hosting.Lifetime - Content root path: E:\DID\DID\DID\
2022-08-17 11:00:57,460 [1] INFO  Microsoft.Hosting.Lifetime - Now listening on: https://localhost:7141
2022-08-17 11:00:57,477 [1] INFO  Microsoft.Hosting.Lifetime - Now listening on: http://localhost:5141
2022-08-17 11:00:57,484 [1] INFO  Microsoft.Hosting.Lifetime - Application started. Press Ctrl+C to shut down.
2022-08-17 11:00:57,485 [1] INFO  Microsoft.Hosting.Lifetime - Hosting environment: Development
2022-08-17 11:00:57,486 [1] INFO  Microsoft.Hosting.Lifetime - Content root path: E:\DID\DID\DID\
2022-08-17 11:03:40,532 [1] INFO  Microsoft.Hosting.Lifetime - Now listening on: https://localhost:7141
2022-08-17 11:03:40,575 [1] INFO  Microsoft.Hosting.Lifetime - Now listening on: http://localhost:5141
2022-08-17 11:03:40,582 [1] INFO  Microsoft.Hosting.Lifetime - Application started. Press Ctrl+C to shut down.
2022-08-17 11:03:40,584 [1] INFO  Microsoft.Hosting.Lifetime - Hosting environment: Development
2022-08-17 11:03:40,585 [1] INFO  Microsoft.Hosting.Lifetime - Content root path: E:\DID\DID\DID\
2022-08-17 11:14:12,391 [1] INFO  Microsoft.Hosting.Lifetime - Now listening on: https://localhost:7141
2022-08-17 11:14:12,408 [1] INFO  Microsoft.Hosting.Lifetime - Now listening on: http://localhost:5141
2022-08-17 11:14:12,417 [1] INFO  Microsoft.Hosting.Lifetime - Application started. Press Ctrl+C to shut down.
2022-08-17 11:14:12,419 [1] INFO  Microsoft.Hosting.Lifetime - Hosting environment: Development
2022-08-17 11:14:12,421 [1] INFO  Microsoft.Hosting.Lifetime - Content root path: E:\DID\DID\DID\
2022-08-17 11:16:52,396 [1] INFO  Microsoft.Hosting.Lifetime - Now listening on: https://localhost:7141
2022-08-17 11:16:52,435 [1] INFO  Microsoft.Hosting.Lifetime - Now listening on: http://localhost:5141
2022-08-17 11:16:52,443 [1] INFO  Microsoft.Hosting.Lifetime - Application started. Press Ctrl+C to shut down.
2022-08-17 11:16:52,445 [1] INFO  Microsoft.Hosting.Lifetime - Hosting environment: Development
2022-08-17 11:16:52,446 [1] INFO  Microsoft.Hosting.Lifetime - Content root path: E:\DID\DID\DID\
2022-08-17 11:20:51,342 [1] INFO  Microsoft.Hosting.Lifetime - Now listening on: https://localhost:7141
2022-08-17 11:20:51,359 [1] INFO  Microsoft.Hosting.Lifetime - Now listening on: http://localhost:5141
2022-08-17 11:20:51,368 [1] INFO  Microsoft.Hosting.Lifetime - Application started. Press Ctrl+C to shut down.
2022-08-17 11:20:51,370 [1] INFO  Microsoft.Hosting.Lifetime - Hosting environment: Development
2022-08-17 11:20:51,371 [1] INFO  Microsoft.Hosting.Lifetime - Content root path: E:\DID\DID\DID\
2022-08-17 11:22:18,884 [1] INFO  Microsoft.Hosting.Lifetime - Now listening on: https://localhost:7141
2022-08-17 11:22:18,899 [1] INFO  Microsoft.Hosting.Lifetime - Now listening on: http://localhost:5141
2022-08-17 11:22:18,908 [1] INFO  Microsoft.Hosting.Lifetime - Application started. Press Ctrl+C to shut down.
2022-08-17 11:22:18,909 [1] INFO  Microsoft.Hosting.Lifetime - Hosting environment: Development
2022-08-17 11:22:18,910 [1] INFO  Microsoft.Hosting.Lifetime - Content root path: E:\DID\DID\DID\
2022-08-17 11:24:56,449 [1] INFO  Microsoft.Hosting.Lifetime - Now listening on: https://localhost:7141
2022-08-17 11:24:56,462 [1] INFO  Microsoft.Hosting.Lifetime - Now listening on: http://localhost:5141
2022-08-17 11:24:56,470 [1] INFO  Microsoft.Hosting.Lifetime - Application started. Press Ctrl+C to shut down.
2022-08-17 11:24:56,472 [1] INFO  Microsoft.Hosting.Lifetime - Hosting environment: Development
2022-08-17 11:24:56,473 [1] INFO  Microsoft.Hosting.Lifetime - Content root path: E:\DID\DID\DID\
2022-08-17 14:02:01,667 [1] INFO  Microsoft.Hosting.Lifetime - Now listening on: https://localhost:7141
2022-08-17 14:02:01,681 [1] INFO  Microsoft.Hosting.Lifetime - Now listening on: http://localhost:5141
2022-08-17 14:02:01,688 [1] INFO  Microsoft.Hosting.Lifetime - Application started. Press Ctrl+C to shut down.
2022-08-17 14:02:01,690 [1] INFO  Microsoft.Hosting.Lifetime - Hosting environment: Development
2022-08-17 14:02:01,691 [1] INFO  Microsoft.Hosting.Lifetime - Content root path: E:\DID\DID\DID\
2022-08-17 17:52:38,511 [1] INFO  Microsoft.Hosting.Lifetime - Now listening on: https://localhost:7141
2022-08-17 17:52:38,528 [1] INFO  Microsoft.Hosting.Lifetime - Now listening on: http://localhost:5141
2022-08-17 17:52:38,537 [1] INFO  Microsoft.Hosting.Lifetime - Application started. Press Ctrl+C to shut down.
2022-08-17 17:52:38,538 [1] INFO  Microsoft.Hosting.Lifetime - Hosting environment: Development
2022-08-17 17:52:38,540 [1] INFO  Microsoft.Hosting.Lifetime - Content root path: E:\DID\DID\DID\
