2022-08-15 09:03:10,368 [1] INFO  Microsoft.Hosting.Lifetime - Now listening on: https://localhost:7141
2022-08-15 09:03:10,383 [1] INFO  Microsoft.Hosting.Lifetime - Now listening on: http://localhost:5141
2022-08-15 09:03:10,391 [1] INFO  Microsoft.Hosting.Lifetime - Application started. Press Ctrl+C to shut down.
2022-08-15 09:03:10,393 [1] INFO  Microsoft.Hosting.Lifetime - Hosting environment: Development
2022-08-15 09:03:10,395 [1] INFO  Microsoft.Hosting.Lifetime - Content root path: E:\DID\DID\DID\
2022-08-15 09:23:43,906 [1] INFO  Microsoft.Hosting.Lifetime - Now listening on: https://localhost:7141
2022-08-15 09:23:43,921 [1] INFO  Microsoft.Hosting.Lifetime - Now listening on: http://localhost:5141
2022-08-15 09:23:43,928 [1] INFO  Microsoft.Hosting.Lifetime - Application started. Press Ctrl+C to shut down.
2022-08-15 09:23:43,942 [1] INFO  Microsoft.Hosting.Lifetime - Hosting environment: Development
2022-08-15 09:23:43,944 [1] INFO  Microsoft.Hosting.Lifetime - Content root path: E:\DID\DID\DID\
2022-08-15 10:50:51,767 [1] INFO  Microsoft.Hosting.Lifetime - Now listening on: https://localhost:7141
2022-08-15 10:50:51,782 [1] INFO  Microsoft.Hosting.Lifetime - Now listening on: http://localhost:5141
2022-08-15 10:50:51,789 [1] INFO  Microsoft.Hosting.Lifetime - Application started. Press Ctrl+C to shut down.
2022-08-15 10:50:51,791 [1] INFO  Microsoft.Hosting.Lifetime - Hosting environment: Development
2022-08-15 10:50:51,793 [1] INFO  Microsoft.Hosting.Lifetime - Content root path: E:\DID\DID\DID\
2022-08-15 11:02:23,740 [1] INFO  Microsoft.Hosting.Lifetime - Now listening on: https://localhost:7141
2022-08-15 11:02:23,755 [1] INFO  Microsoft.Hosting.Lifetime - Now listening on: http://localhost:5141
2022-08-15 11:02:23,762 [1] INFO  Microsoft.Hosting.Lifetime - Application started. Press Ctrl+C to shut down.
2022-08-15 11:02:23,763 [1] INFO  Microsoft.Hosting.Lifetime - Hosting environment: Development
2022-08-15 11:02:23,765 [1] INFO  Microsoft.Hosting.Lifetime - Content root path: E:\DID\DID\DID\
2022-08-15 11:06:49,864 [1] INFO  Microsoft.Hosting.Lifetime - Now listening on: https://localhost:7141
2022-08-15 11:06:49,884 [1] INFO  Microsoft.Hosting.Lifetime - Now listening on: http://localhost:5141
2022-08-15 11:06:49,893 [1] INFO  Microsoft.Hosting.Lifetime - Application started. Press Ctrl+C to shut down.
2022-08-15 11:06:49,895 [1] INFO  Microsoft.Hosting.Lifetime - Hosting environment: Development
2022-08-15 11:06:49,897 [1] INFO  Microsoft.Hosting.Lifetime - Content root path: E:\DID\DID\DID\
2022-08-15 11:21:00,820 [1] INFO  Microsoft.Hosting.Lifetime - Now listening on: https://localhost:7141
2022-08-15 11:21:00,834 [1] INFO  Microsoft.Hosting.Lifetime - Now listening on: http://localhost:5141
2022-08-15 11:21:00,841 [1] INFO  Microsoft.Hosting.Lifetime - Application started. Press Ctrl+C to shut down.
2022-08-15 11:21:00,843 [1] INFO  Microsoft.Hosting.Lifetime - Hosting environment: Development
2022-08-15 11:21:00,845 [1] INFO  Microsoft.Hosting.Lifetime - Content root path: E:\DID\DID\DID\
2022-08-15 16:24:44,771 [1] INFO  Microsoft.Hosting.Lifetime - Now listening on: https://localhost:7141
2022-08-15 16:24:44,785 [1] INFO  Microsoft.Hosting.Lifetime - Now listening on: http://localhost:5141
2022-08-15 16:24:44,792 [1] INFO  Microsoft.Hosting.Lifetime - Application started. Press Ctrl+C to shut down.
2022-08-15 16:24:44,794 [1] INFO  Microsoft.Hosting.Lifetime - Hosting environment: Development
2022-08-15 16:24:44,795 [1] INFO  Microsoft.Hosting.Lifetime - Content root path: E:\DID\DID\DID\
