2022-08-12 15:17:31,558 [1] INFO  Microsoft.Hosting.Lifetime - Now listening on: https://localhost:7141
2022-08-12 15:17:31,572 [1] INFO  Microsoft.Hosting.Lifetime - Now listening on: http://localhost:5141
2022-08-12 15:17:31,581 [1] INFO  Microsoft.Hosting.Lifetime - Application started. Press Ctrl+C to shut down.
2022-08-12 15:17:31,582 [1] INFO  Microsoft.Hosting.Lifetime - Hosting environment: Development
2022-08-12 15:17:31,584 [1] INFO  Microsoft.Hosting.Lifetime - Content root path: E:\DID\DID\DID\
2022-08-12 15:47:27,354 [1] INFO  Microsoft.Hosting.Lifetime - Now listening on: https://localhost:7141
2022-08-12 15:47:27,369 [1] INFO  Microsoft.Hosting.Lifetime - Now listening on: http://localhost:5141
2022-08-12 15:47:27,377 [1] INFO  Microsoft.Hosting.Lifetime - Application started. Press Ctrl+C to shut down.
2022-08-12 15:47:27,391 [1] INFO  Microsoft.Hosting.Lifetime - Hosting environment: Development
2022-08-12 15:47:27,393 [1] INFO  Microsoft.Hosting.Lifetime - Content root path: E:\DID\DID\DID\
2022-08-12 15:48:20,978 [1] INFO  Microsoft.Hosting.Lifetime - Now listening on: https://localhost:7141
2022-08-12 15:48:20,997 [1] INFO  Microsoft.Hosting.Lifetime - Now listening on: http://localhost:5141
2022-08-12 15:48:21,006 [1] INFO  Microsoft.Hosting.Lifetime - Application started. Press Ctrl+C to shut down.
2022-08-12 15:48:21,008 [1] INFO  Microsoft.Hosting.Lifetime - Hosting environment: Development
2022-08-12 15:48:21,009 [1] INFO  Microsoft.Hosting.Lifetime - Content root path: E:\DID\DID\DID\
2022-08-12 17:51:09,400 [1] INFO  Microsoft.Hosting.Lifetime - Now listening on: https://localhost:7141
2022-08-12 17:51:09,415 [1] INFO  Microsoft.Hosting.Lifetime - Now listening on: http://localhost:5141
2022-08-12 17:51:09,422 [1] INFO  Microsoft.Hosting.Lifetime - Application started. Press Ctrl+C to shut down.
2022-08-12 17:51:09,424 [1] INFO  Microsoft.Hosting.Lifetime - Hosting environment: Development
2022-08-12 17:51:09,425 [1] INFO  Microsoft.Hosting.Lifetime - Content root path: E:\DID\DID\DID\
