2022-08-10 09:22:09,423 [1] INFO  Microsoft.Hosting.Lifetime - Now listening on: https://localhost:7141
2022-08-10 09:22:09,438 [1] INFO  Microsoft.Hosting.Lifetime - Now listening on: http://localhost:5141
2022-08-10 09:22:09,446 [1] INFO  Microsoft.Hosting.Lifetime - Application started. Press Ctrl+C to shut down.
2022-08-10 09:22:09,448 [1] INFO  Microsoft.Hosting.Lifetime - Hosting environment: Development
2022-08-10 09:22:09,450 [1] INFO  Microsoft.Hosting.Lifetime - Content root path: E:\DID\DID\DID\
2022-08-10 09:52:15,290 [1] INFO  Microsoft.Hosting.Lifetime - Now listening on: https://localhost:7141
2022-08-10 09:52:15,304 [1] INFO  Microsoft.Hosting.Lifetime - Now listening on: http://localhost:5141
2022-08-10 09:52:15,317 [1] INFO  Microsoft.Hosting.Lifetime - Application started. Press Ctrl+C to shut down.
2022-08-10 09:52:15,331 [1] INFO  Microsoft.Hosting.Lifetime - Hosting environment: Development
2022-08-10 09:52:15,332 [1] INFO  Microsoft.Hosting.Lifetime - Content root path: E:\DID\DID\DID\
2022-08-10 10:16:42,682 [1] INFO  Microsoft.Hosting.Lifetime - Now listening on: https://localhost:7141
2022-08-10 10:16:42,696 [1] INFO  Microsoft.Hosting.Lifetime - Now listening on: http://localhost:5141
2022-08-10 10:16:42,706 [1] INFO  Microsoft.Hosting.Lifetime - Application started. Press Ctrl+C to shut down.
2022-08-10 10:16:42,708 [1] INFO  Microsoft.Hosting.Lifetime - Hosting environment: Development
2022-08-10 10:16:42,710 [1] INFO  Microsoft.Hosting.Lifetime - Content root path: E:\DID\DID\DID\
2022-08-10 10:21:44,117 [1] INFO  Microsoft.Hosting.Lifetime - Now listening on: https://localhost:7141
2022-08-10 10:21:44,133 [1] INFO  Microsoft.Hosting.Lifetime - Now listening on: http://localhost:5141
2022-08-10 10:21:44,140 [1] INFO  Microsoft.Hosting.Lifetime - Application started. Press Ctrl+C to shut down.
2022-08-10 10:21:44,142 [1] INFO  Microsoft.Hosting.Lifetime - Hosting environment: Development
2022-08-10 10:21:44,143 [1] INFO  Microsoft.Hosting.Lifetime - Content root path: E:\DID\DID\DID\
2022-08-10 10:23:02,546 [1] INFO  Microsoft.Hosting.Lifetime - Now listening on: https://localhost:7141
2022-08-10 10:23:02,564 [1] INFO  Microsoft.Hosting.Lifetime - Now listening on: http://localhost:5141
2022-08-10 10:23:02,575 [1] INFO  Microsoft.Hosting.Lifetime - Application started. Press Ctrl+C to shut down.
2022-08-10 10:23:02,577 [1] INFO  Microsoft.Hosting.Lifetime - Hosting environment: Development
2022-08-10 10:23:02,579 [1] INFO  Microsoft.Hosting.Lifetime - Content root path: E:\DID\DID\DID\
2022-08-10 10:23:41,579 [1] INFO  Microsoft.Hosting.Lifetime - Now listening on: https://localhost:7141
2022-08-10 10:23:41,616 [1] INFO  Microsoft.Hosting.Lifetime - Now listening on: http://localhost:5141
2022-08-10 10:23:41,624 [1] INFO  Microsoft.Hosting.Lifetime - Application started. Press Ctrl+C to shut down.
2022-08-10 10:23:41,625 [1] INFO  Microsoft.Hosting.Lifetime - Hosting environment: Development
2022-08-10 10:23:41,627 [1] INFO  Microsoft.Hosting.Lifetime - Content root path: E:\DID\DID\DID\
2022-08-10 10:26:15,437 [1] INFO  Microsoft.Hosting.Lifetime - Now listening on: https://localhost:7141
2022-08-10 10:26:15,450 [1] INFO  Microsoft.Hosting.Lifetime - Now listening on: http://localhost:5141
2022-08-10 10:26:15,458 [1] INFO  Microsoft.Hosting.Lifetime - Application started. Press Ctrl+C to shut down.
2022-08-10 10:26:15,460 [1] INFO  Microsoft.Hosting.Lifetime - Hosting environment: Development
2022-08-10 10:26:15,461 [1] INFO  Microsoft.Hosting.Lifetime - Content root path: E:\DID\DID\DID\
2022-08-10 10:35:47,143 [1] INFO  Microsoft.Hosting.Lifetime - Now listening on: https://localhost:7141
2022-08-10 10:35:47,155 [1] INFO  Microsoft.Hosting.Lifetime - Now listening on: http://localhost:5141
2022-08-10 10:35:47,163 [1] INFO  Microsoft.Hosting.Lifetime - Application started. Press Ctrl+C to shut down.
2022-08-10 10:35:47,165 [1] INFO  Microsoft.Hosting.Lifetime - Hosting environment: Development
2022-08-10 10:35:47,166 [1] INFO  Microsoft.Hosting.Lifetime - Content root path: E:\DID\DID\DID\
2022-08-10 10:47:34,282 [1] INFO  Microsoft.Hosting.Lifetime - Now listening on: https://localhost:7141
2022-08-10 10:47:34,296 [1] INFO  Microsoft.Hosting.Lifetime - Now listening on: http://localhost:5141
2022-08-10 10:47:34,303 [1] INFO  Microsoft.Hosting.Lifetime - Application started. Press Ctrl+C to shut down.
2022-08-10 10:47:34,305 [1] INFO  Microsoft.Hosting.Lifetime - Hosting environment: Development
2022-08-10 10:47:34,307 [1] INFO  Microsoft.Hosting.Lifetime - Content root path: E:\DID\DID\DID\
2022-08-10 10:48:46,765 [1] INFO  Microsoft.Hosting.Lifetime - Now listening on: https://localhost:7141
2022-08-10 10:48:46,781 [1] INFO  Microsoft.Hosting.Lifetime - Now listening on: http://localhost:5141
2022-08-10 10:48:46,791 [1] INFO  Microsoft.Hosting.Lifetime - Application started. Press Ctrl+C to shut down.
2022-08-10 10:48:46,793 [1] INFO  Microsoft.Hosting.Lifetime - Hosting environment: Development
2022-08-10 10:48:46,794 [1] INFO  Microsoft.Hosting.Lifetime - Content root path: E:\DID\DID\DID\
2022-08-10 10:50:06,277 [1] INFO  Microsoft.Hosting.Lifetime - Now listening on: https://localhost:7141
2022-08-10 10:50:06,297 [1] INFO  Microsoft.Hosting.Lifetime - Now listening on: http://localhost:5141
2022-08-10 10:50:06,305 [1] INFO  Microsoft.Hosting.Lifetime - Application started. Press Ctrl+C to shut down.
2022-08-10 10:50:06,306 [1] INFO  Microsoft.Hosting.Lifetime - Hosting environment: Development
2022-08-10 10:50:06,308 [1] INFO  Microsoft.Hosting.Lifetime - Content root path: E:\DID\DID\DID\
2022-08-10 10:52:36,460 [1] INFO  Microsoft.Hosting.Lifetime - Now listening on: https://localhost:7141
2022-08-10 10:52:36,474 [1] INFO  Microsoft.Hosting.Lifetime - Now listening on: http://localhost:5141
2022-08-10 10:52:36,482 [1] INFO  Microsoft.Hosting.Lifetime - Application started. Press Ctrl+C to shut down.
2022-08-10 10:52:36,484 [1] INFO  Microsoft.Hosting.Lifetime - Hosting environment: Development
2022-08-10 10:52:36,485 [1] INFO  Microsoft.Hosting.Lifetime - Content root path: E:\DID\DID\DID\
2022-08-10 10:56:40,213 [1] INFO  Microsoft.Hosting.Lifetime - Now listening on: https://localhost:7141
2022-08-10 10:56:40,226 [1] INFO  Microsoft.Hosting.Lifetime - Now listening on: http://localhost:5141
2022-08-10 10:56:40,233 [1] INFO  Microsoft.Hosting.Lifetime - Application started. Press Ctrl+C to shut down.
2022-08-10 10:56:40,235 [1] INFO  Microsoft.Hosting.Lifetime - Hosting environment: Development
2022-08-10 10:56:40,237 [1] INFO  Microsoft.Hosting.Lifetime - Content root path: E:\DID\DID\DID\
2022-08-10 11:23:56,743 [1] INFO  Microsoft.Hosting.Lifetime - Now listening on: https://localhost:7141
2022-08-10 11:23:56,756 [1] INFO  Microsoft.Hosting.Lifetime - Now listening on: http://localhost:5141
2022-08-10 11:23:56,764 [1] INFO  Microsoft.Hosting.Lifetime - Application started. Press Ctrl+C to shut down.
2022-08-10 11:23:56,766 [1] INFO  Microsoft.Hosting.Lifetime - Hosting environment: Development
2022-08-10 11:23:56,768 [1] INFO  Microsoft.Hosting.Lifetime - Content root path: E:\DID\DID\DID\
2022-08-10 11:40:39,084 [1] INFO  Microsoft.Hosting.Lifetime - Now listening on: https://localhost:7141
2022-08-10 11:40:39,098 [1] INFO  Microsoft.Hosting.Lifetime - Now listening on: http://localhost:5141
2022-08-10 11:40:39,105 [1] INFO  Microsoft.Hosting.Lifetime - Application started. Press Ctrl+C to shut down.
2022-08-10 11:40:39,107 [1] INFO  Microsoft.Hosting.Lifetime - Hosting environment: Development
2022-08-10 11:40:39,108 [1] INFO  Microsoft.Hosting.Lifetime - Content root path: E:\DID\DID\DID\
2022-08-10 14:28:20,905 [1] INFO  Microsoft.Hosting.Lifetime - Now listening on: https://localhost:7141
2022-08-10 14:28:20,917 [1] INFO  Microsoft.Hosting.Lifetime - Now listening on: http://localhost:5141
2022-08-10 14:28:20,925 [1] INFO  Microsoft.Hosting.Lifetime - Application started. Press Ctrl+C to shut down.
2022-08-10 14:28:20,928 [1] INFO  Microsoft.Hosting.Lifetime - Hosting environment: Development
2022-08-10 14:28:20,929 [1] INFO  Microsoft.Hosting.Lifetime - Content root path: E:\DID\DID\DID\
2022-08-10 14:29:38,986 [1] INFO  Microsoft.Hosting.Lifetime - Now listening on: https://localhost:7141
2022-08-10 14:29:39,020 [1] INFO  Microsoft.Hosting.Lifetime - Now listening on: http://localhost:5141
2022-08-10 14:29:39,030 [1] INFO  Microsoft.Hosting.Lifetime - Application started. Press Ctrl+C to shut down.
2022-08-10 14:29:39,031 [1] INFO  Microsoft.Hosting.Lifetime - Hosting environment: Development
2022-08-10 14:29:39,033 [1] INFO  Microsoft.Hosting.Lifetime - Content root path: E:\DID\DID\DID\
2022-08-10 14:30:05,140 [1] INFO  Microsoft.Hosting.Lifetime - Now listening on: https://localhost:7141
2022-08-10 14:30:05,153 [1] INFO  Microsoft.Hosting.Lifetime - Now listening on: http://localhost:5141
2022-08-10 14:30:05,160 [1] INFO  Microsoft.Hosting.Lifetime - Application started. Press Ctrl+C to shut down.
2022-08-10 14:30:05,162 [1] INFO  Microsoft.Hosting.Lifetime - Hosting environment: Development
2022-08-10 14:30:05,163 [1] INFO  Microsoft.Hosting.Lifetime - Content root path: E:\DID\DID\DID\
2022-08-10 14:31:16,849 [1] INFO  Microsoft.Hosting.Lifetime - Now listening on: https://localhost:7141
2022-08-10 14:31:16,896 [1] INFO  Microsoft.Hosting.Lifetime - Now listening on: http://localhost:5141
2022-08-10 14:31:16,903 [1] INFO  Microsoft.Hosting.Lifetime - Application started. Press Ctrl+C to shut down.
2022-08-10 14:31:16,904 [1] INFO  Microsoft.Hosting.Lifetime - Hosting environment: Development
2022-08-10 14:31:16,906 [1] INFO  Microsoft.Hosting.Lifetime - Content root path: E:\DID\DID\DID\
2022-08-10 14:32:09,873 [1] INFO  Microsoft.Hosting.Lifetime - Now listening on: https://localhost:7141
2022-08-10 14:32:09,888 [1] INFO  Microsoft.Hosting.Lifetime - Now listening on: http://localhost:5141
2022-08-10 14:32:09,895 [1] INFO  Microsoft.Hosting.Lifetime - Application started. Press Ctrl+C to shut down.
2022-08-10 14:32:09,898 [1] INFO  Microsoft.Hosting.Lifetime - Hosting environment: Development
2022-08-10 14:32:09,899 [1] INFO  Microsoft.Hosting.Lifetime - Content root path: E:\DID\DID\DID\
2022-08-10 14:32:51,320 [1] INFO  Microsoft.Hosting.Lifetime - Now listening on: https://localhost:7141
2022-08-10 14:32:51,340 [1] INFO  Microsoft.Hosting.Lifetime - Now listening on: http://localhost:5141
2022-08-10 14:32:51,360 [1] INFO  Microsoft.Hosting.Lifetime - Application started. Press Ctrl+C to shut down.
2022-08-10 14:32:51,362 [1] INFO  Microsoft.Hosting.Lifetime - Hosting environment: Development
2022-08-10 14:32:51,364 [1] INFO  Microsoft.Hosting.Lifetime - Content root path: E:\DID\DID\DID\
2022-08-10 14:33:39,618 [1] INFO  Microsoft.Hosting.Lifetime - Now listening on: https://localhost:7141
2022-08-10 14:33:39,632 [1] INFO  Microsoft.Hosting.Lifetime - Now listening on: http://localhost:5141
2022-08-10 14:33:39,640 [1] INFO  Microsoft.Hosting.Lifetime - Application started. Press Ctrl+C to shut down.
2022-08-10 14:33:39,642 [1] INFO  Microsoft.Hosting.Lifetime - Hosting environment: Development
2022-08-10 14:33:39,643 [1] INFO  Microsoft.Hosting.Lifetime - Content root path: E:\DID\DID\DID\
2022-08-10 14:36:31,665 [1] INFO  Microsoft.Hosting.Lifetime - Now listening on: https://localhost:7141
2022-08-10 14:36:31,706 [1] INFO  Microsoft.Hosting.Lifetime - Now listening on: http://localhost:5141
2022-08-10 14:36:31,714 [1] INFO  Microsoft.Hosting.Lifetime - Application started. Press Ctrl+C to shut down.
2022-08-10 14:36:31,716 [1] INFO  Microsoft.Hosting.Lifetime - Hosting environment: Development
2022-08-10 14:36:31,717 [1] INFO  Microsoft.Hosting.Lifetime - Content root path: E:\DID\DID\DID\
2022-08-10 14:37:22,504 [1] INFO  Microsoft.Hosting.Lifetime - Now listening on: https://localhost:7141
2022-08-10 14:37:22,517 [1] INFO  Microsoft.Hosting.Lifetime - Now listening on: http://localhost:5141
2022-08-10 14:37:22,525 [1] INFO  Microsoft.Hosting.Lifetime - Application started. Press Ctrl+C to shut down.
2022-08-10 14:37:22,527 [1] INFO  Microsoft.Hosting.Lifetime - Hosting environment: Development
2022-08-10 14:37:22,528 [1] INFO  Microsoft.Hosting.Lifetime - Content root path: E:\DID\DID\DID\
2022-08-10 14:37:46,851 [1] INFO  Microsoft.Hosting.Lifetime - Now listening on: https://localhost:7141
2022-08-10 14:37:46,867 [1] INFO  Microsoft.Hosting.Lifetime - Now listening on: http://localhost:5141
2022-08-10 14:37:46,877 [1] INFO  Microsoft.Hosting.Lifetime - Application started. Press Ctrl+C to shut down.
2022-08-10 14:37:46,879 [1] INFO  Microsoft.Hosting.Lifetime - Hosting environment: Development
2022-08-10 14:37:46,880 [1] INFO  Microsoft.Hosting.Lifetime - Content root path: E:\DID\DID\DID\
2022-08-10 14:47:05,058 [1] INFO  Microsoft.Hosting.Lifetime - Now listening on: https://localhost:7141
2022-08-10 14:47:05,072 [1] INFO  Microsoft.Hosting.Lifetime - Now listening on: http://localhost:5141
2022-08-10 14:47:05,080 [1] INFO  Microsoft.Hosting.Lifetime - Application started. Press Ctrl+C to shut down.
2022-08-10 14:47:05,082 [1] INFO  Microsoft.Hosting.Lifetime - Hosting environment: Development
2022-08-10 14:47:05,083 [1] INFO  Microsoft.Hosting.Lifetime - Content root path: E:\DID\DID\DID\
2022-08-10 14:48:34,922 [1] INFO  Microsoft.Hosting.Lifetime - Now listening on: https://localhost:7141
2022-08-10 14:48:34,971 [1] INFO  Microsoft.Hosting.Lifetime - Now listening on: http://localhost:5141
2022-08-10 14:48:34,980 [1] INFO  Microsoft.Hosting.Lifetime - Application started. Press Ctrl+C to shut down.
2022-08-10 14:48:34,982 [1] INFO  Microsoft.Hosting.Lifetime - Hosting environment: Development
2022-08-10 14:48:34,984 [1] INFO  Microsoft.Hosting.Lifetime - Content root path: E:\DID\DID\DID\
2022-08-10 14:48:59,526 [1] INFO  Microsoft.Hosting.Lifetime - Now listening on: https://localhost:7141
2022-08-10 14:48:59,543 [1] INFO  Microsoft.Hosting.Lifetime - Now listening on: http://localhost:5141
2022-08-10 14:48:59,552 [1] INFO  Microsoft.Hosting.Lifetime - Application started. Press Ctrl+C to shut down.
2022-08-10 14:48:59,554 [1] INFO  Microsoft.Hosting.Lifetime - Hosting environment: Development
2022-08-10 14:48:59,555 [1] INFO  Microsoft.Hosting.Lifetime - Content root path: E:\DID\DID\DID\
2022-08-10 14:49:17,831 [1] INFO  Microsoft.Hosting.Lifetime - Now listening on: https://localhost:7141
2022-08-10 14:49:17,873 [1] INFO  Microsoft.Hosting.Lifetime - Now listening on: http://localhost:5141
2022-08-10 14:49:17,884 [1] INFO  Microsoft.Hosting.Lifetime - Application started. Press Ctrl+C to shut down.
2022-08-10 14:49:17,887 [1] INFO  Microsoft.Hosting.Lifetime - Hosting environment: Development
2022-08-10 14:49:17,890 [1] INFO  Microsoft.Hosting.Lifetime - Content root path: E:\DID\DID\DID\
2022-08-10 15:12:51,625 [1] INFO  Microsoft.Hosting.Lifetime - Now listening on: https://localhost:7141
2022-08-10 15:12:51,642 [1] INFO  Microsoft.Hosting.Lifetime - Now listening on: http://localhost:5141
2022-08-10 15:12:51,652 [1] INFO  Microsoft.Hosting.Lifetime - Application started. Press Ctrl+C to shut down.
2022-08-10 15:12:51,654 [1] INFO  Microsoft.Hosting.Lifetime - Hosting environment: Development
2022-08-10 15:12:51,655 [1] INFO  Microsoft.Hosting.Lifetime - Content root path: E:\DID\DID\DID\
2022-08-10 15:13:46,065 [1] INFO  Microsoft.Hosting.Lifetime - Now listening on: https://localhost:7141
2022-08-10 15:13:46,079 [1] INFO  Microsoft.Hosting.Lifetime - Now listening on: http://localhost:5141
2022-08-10 15:13:46,088 [1] INFO  Microsoft.Hosting.Lifetime - Application started. Press Ctrl+C to shut down.
2022-08-10 15:13:46,089 [1] INFO  Microsoft.Hosting.Lifetime - Hosting environment: Development
2022-08-10 15:13:46,090 [1] INFO  Microsoft.Hosting.Lifetime - Content root path: E:\DID\DID\DID\
2022-08-10 15:14:32,933 [1] INFO  Microsoft.Hosting.Lifetime - Now listening on: https://localhost:7141
2022-08-10 15:14:32,947 [1] INFO  Microsoft.Hosting.Lifetime - Now listening on: http://localhost:5141
2022-08-10 15:14:32,954 [1] INFO  Microsoft.Hosting.Lifetime - Application started. Press Ctrl+C to shut down.
2022-08-10 15:14:32,956 [1] INFO  Microsoft.Hosting.Lifetime - Hosting environment: Development
2022-08-10 15:14:32,958 [1] INFO  Microsoft.Hosting.Lifetime - Content root path: E:\DID\DID\DID\
2022-08-10 15:15:12,233 [1] INFO  Microsoft.Hosting.Lifetime - Now listening on: https://localhost:7141
2022-08-10 15:15:12,247 [1] INFO  Microsoft.Hosting.Lifetime - Now listening on: http://localhost:5141
2022-08-10 15:15:12,256 [1] INFO  Microsoft.Hosting.Lifetime - Application started. Press Ctrl+C to shut down.
2022-08-10 15:15:12,258 [1] INFO  Microsoft.Hosting.Lifetime - Hosting environment: Development
2022-08-10 15:15:12,259 [1] INFO  Microsoft.Hosting.Lifetime - Content root path: E:\DID\DID\DID\
2022-08-10 15:17:48,250 [1] INFO  Microsoft.Hosting.Lifetime - Now listening on: https://localhost:7141
2022-08-10 15:17:48,263 [1] INFO  Microsoft.Hosting.Lifetime - Now listening on: http://localhost:5141
2022-08-10 15:17:48,271 [1] INFO  Microsoft.Hosting.Lifetime - Application started. Press Ctrl+C to shut down.
2022-08-10 15:17:48,274 [1] INFO  Microsoft.Hosting.Lifetime - Hosting environment: Development
2022-08-10 15:17:48,275 [1] INFO  Microsoft.Hosting.Lifetime - Content root path: E:\DID\DID\DID\
2022-08-10 17:12:41,839 [1] INFO  Microsoft.Hosting.Lifetime - Now listening on: https://localhost:7141
2022-08-10 17:12:41,852 [1] INFO  Microsoft.Hosting.Lifetime - Now listening on: http://localhost:5141
2022-08-10 17:12:41,859 [1] INFO  Microsoft.Hosting.Lifetime - Application started. Press Ctrl+C to shut down.
2022-08-10 17:12:41,861 [1] INFO  Microsoft.Hosting.Lifetime - Hosting environment: Development
2022-08-10 17:12:41,862 [1] INFO  Microsoft.Hosting.Lifetime - Content root path: E:\DID\DID\DID\
