2022-08-19 08:57:53,491 [1] INFO  Microsoft.Hosting.Lifetime - Now listening on: https://localhost:7141
2022-08-19 08:57:53,505 [1] INFO  Microsoft.Hosting.Lifetime - Now listening on: http://localhost:5141
2022-08-19 08:57:53,515 [1] INFO  Microsoft.Hosting.Lifetime - Application started. Press Ctrl+C to shut down.
2022-08-19 08:57:53,516 [1] INFO  Microsoft.Hosting.Lifetime - Hosting environment: Development
2022-08-19 08:57:53,517 [1] INFO  Microsoft.Hosting.Lifetime - Content root path: E:\DID\DID\DID\
2022-08-19 09:04:31,434 [1] INFO  Microsoft.Hosting.Lifetime - Now listening on: https://localhost:7141
2022-08-19 09:04:31,459 [1] INFO  Microsoft.Hosting.Lifetime - Now listening on: http://localhost:5141
2022-08-19 09:04:31,473 [1] INFO  Microsoft.Hosting.Lifetime - Application started. Press Ctrl+C to shut down.
2022-08-19 09:04:31,486 [1] INFO  Microsoft.Hosting.Lifetime - Hosting environment: Development
2022-08-19 09:04:31,487 [1] INFO  Microsoft.Hosting.Lifetime - Content root path: E:\DID\DID\DID\
2022-08-19 09:12:21,674 [1] INFO  Microsoft.Hosting.Lifetime - Now listening on: https://localhost:7141
2022-08-19 09:12:21,693 [1] INFO  Microsoft.Hosting.Lifetime - Now listening on: http://localhost:5141
2022-08-19 09:12:21,703 [1] INFO  Microsoft.Hosting.Lifetime - Application started. Press Ctrl+C to shut down.
2022-08-19 09:12:21,705 [1] INFO  Microsoft.Hosting.Lifetime - Hosting environment: Development
2022-08-19 09:12:21,706 [1] INFO  Microsoft.Hosting.Lifetime - Content root path: E:\DID\DID\DID\
2022-08-19 10:58:38,045 [1] INFO  Microsoft.Hosting.Lifetime - Now listening on: https://localhost:7141
2022-08-19 10:58:38,059 [1] INFO  Microsoft.Hosting.Lifetime - Now listening on: http://localhost:5141
2022-08-19 10:58:38,066 [1] INFO  Microsoft.Hosting.Lifetime - Application started. Press Ctrl+C to shut down.
2022-08-19 10:58:38,067 [1] INFO  Microsoft.Hosting.Lifetime - Hosting environment: Development
2022-08-19 10:58:38,068 [1] INFO  Microsoft.Hosting.Lifetime - Content root path: E:\DID\DID\DID\
2022-08-19 11:00:07,215 [1] INFO  Microsoft.Hosting.Lifetime - Now listening on: https://localhost:7141
2022-08-19 11:00:07,235 [1] INFO  Microsoft.Hosting.Lifetime - Now listening on: http://localhost:5141
2022-08-19 11:00:07,244 [1] INFO  Microsoft.Hosting.Lifetime - Application started. Press Ctrl+C to shut down.
2022-08-19 11:00:07,247 [1] INFO  Microsoft.Hosting.Lifetime - Hosting environment: Development
2022-08-19 11:00:07,249 [1] INFO  Microsoft.Hosting.Lifetime - Content root path: E:\DID\DID\DID\
2022-08-19 11:00:52,484 [1] INFO  Microsoft.Hosting.Lifetime - Now listening on: https://localhost:7141
2022-08-19 11:00:52,499 [1] INFO  Microsoft.Hosting.Lifetime - Now listening on: http://localhost:5141
2022-08-19 11:00:52,506 [1] INFO  Microsoft.Hosting.Lifetime - Application started. Press Ctrl+C to shut down.
2022-08-19 11:00:52,507 [1] INFO  Microsoft.Hosting.Lifetime - Hosting environment: Development
2022-08-19 11:00:52,509 [1] INFO  Microsoft.Hosting.Lifetime - Content root path: E:\DID\DID\DID\
2022-08-19 11:07:36,324 [1] INFO  Microsoft.Hosting.Lifetime - Now listening on: https://localhost:7141
2022-08-19 11:07:36,337 [1] INFO  Microsoft.Hosting.Lifetime - Now listening on: http://localhost:5141
2022-08-19 11:07:36,343 [1] INFO  Microsoft.Hosting.Lifetime - Application started. Press Ctrl+C to shut down.
2022-08-19 11:07:36,345 [1] INFO  Microsoft.Hosting.Lifetime - Hosting environment: Development
2022-08-19 11:07:36,346 [1] INFO  Microsoft.Hosting.Lifetime - Content root path: E:\DID\DID\DID\
2022-08-19 11:11:50,129 [1] INFO  Microsoft.Hosting.Lifetime - Now listening on: https://localhost:7141
2022-08-19 11:11:50,145 [1] INFO  Microsoft.Hosting.Lifetime - Now listening on: http://localhost:5141
2022-08-19 11:11:50,152 [1] INFO  Microsoft.Hosting.Lifetime - Application started. Press Ctrl+C to shut down.
2022-08-19 11:11:50,153 [1] INFO  Microsoft.Hosting.Lifetime - Hosting environment: Development
2022-08-19 11:11:50,154 [1] INFO  Microsoft.Hosting.Lifetime - Content root path: E:\DID\DID\DID\
2022-08-19 11:25:46,721 [1] INFO  Microsoft.Hosting.Lifetime - Now listening on: https://localhost:7141
2022-08-19 11:25:46,734 [1] INFO  Microsoft.Hosting.Lifetime - Now listening on: http://localhost:5141
2022-08-19 11:25:46,741 [1] INFO  Microsoft.Hosting.Lifetime - Application started. Press Ctrl+C to shut down.
2022-08-19 11:25:46,742 [1] INFO  Microsoft.Hosting.Lifetime - Hosting environment: Development
2022-08-19 11:25:46,744 [1] INFO  Microsoft.Hosting.Lifetime - Content root path: E:\DID\DID\DID\
2022-08-19 11:44:31,252 [1] INFO  Microsoft.Hosting.Lifetime - Now listening on: https://localhost:7141
2022-08-19 11:44:31,266 [1] INFO  Microsoft.Hosting.Lifetime - Now listening on: http://localhost:5141
2022-08-19 11:44:31,273 [1] INFO  Microsoft.Hosting.Lifetime - Application started. Press Ctrl+C to shut down.
2022-08-19 11:44:31,275 [1] INFO  Microsoft.Hosting.Lifetime - Hosting environment: Development
2022-08-19 11:44:31,276 [1] INFO  Microsoft.Hosting.Lifetime - Content root path: E:\DID\DID\DID\
2022-08-19 11:45:37,868 [1] INFO  Microsoft.Hosting.Lifetime - Now listening on: https://localhost:7141
2022-08-19 11:45:37,887 [1] INFO  Microsoft.Hosting.Lifetime - Now listening on: http://localhost:5141
2022-08-19 11:45:37,896 [1] INFO  Microsoft.Hosting.Lifetime - Application started. Press Ctrl+C to shut down.
2022-08-19 11:45:37,898 [1] INFO  Microsoft.Hosting.Lifetime - Hosting environment: Development
2022-08-19 11:45:37,899 [1] INFO  Microsoft.Hosting.Lifetime - Content root path: E:\DID\DID\DID\
2022-08-19 11:49:19,026 [1] INFO  Microsoft.Hosting.Lifetime - Now listening on: https://localhost:7141
2022-08-19 11:49:19,040 [1] INFO  Microsoft.Hosting.Lifetime - Now listening on: http://localhost:5141
2022-08-19 11:49:19,047 [1] INFO  Microsoft.Hosting.Lifetime - Application started. Press Ctrl+C to shut down.
2022-08-19 11:49:19,049 [1] INFO  Microsoft.Hosting.Lifetime - Hosting environment: Development
2022-08-19 11:49:19,050 [1] INFO  Microsoft.Hosting.Lifetime - Content root path: E:\DID\DID\DID\
2022-08-19 11:50:58,935 [1] INFO  Microsoft.Hosting.Lifetime - Now listening on: https://localhost:7141
2022-08-19 11:50:58,949 [1] INFO  Microsoft.Hosting.Lifetime - Now listening on: http://localhost:5141
2022-08-19 11:50:58,955 [1] INFO  Microsoft.Hosting.Lifetime - Application started. Press Ctrl+C to shut down.
2022-08-19 11:50:58,957 [1] INFO  Microsoft.Hosting.Lifetime - Hosting environment: Development
2022-08-19 11:50:58,958 [1] INFO  Microsoft.Hosting.Lifetime - Content root path: E:\DID\DID\DID\
2022-08-19 14:00:14,559 [1] INFO  Microsoft.Hosting.Lifetime - Now listening on: https://localhost:7141
2022-08-19 14:00:14,573 [1] INFO  Microsoft.Hosting.Lifetime - Now listening on: http://localhost:5141
2022-08-19 14:00:14,580 [1] INFO  Microsoft.Hosting.Lifetime - Application started. Press Ctrl+C to shut down.
2022-08-19 14:00:14,582 [1] INFO  Microsoft.Hosting.Lifetime - Hosting environment: Development
2022-08-19 14:00:14,584 [1] INFO  Microsoft.Hosting.Lifetime - Content root path: E:\DID\DID\DID\
2022-08-19 14:43:14,640 [1] INFO  Microsoft.Hosting.Lifetime - Now listening on: https://localhost:7141
2022-08-19 14:43:14,654 [1] INFO  Microsoft.Hosting.Lifetime - Now listening on: http://localhost:5141
2022-08-19 14:43:14,661 [1] INFO  Microsoft.Hosting.Lifetime - Application started. Press Ctrl+C to shut down.
2022-08-19 14:43:14,663 [1] INFO  Microsoft.Hosting.Lifetime - Hosting environment: Development
2022-08-19 14:43:14,664 [1] INFO  Microsoft.Hosting.Lifetime - Content root path: E:\DID\DID\DID\
2022-08-19 14:45:21,425 [1] INFO  Microsoft.Hosting.Lifetime - Now listening on: https://localhost:7141
2022-08-19 14:45:21,439 [1] INFO  Microsoft.Hosting.Lifetime - Now listening on: http://localhost:5141
2022-08-19 14:45:21,446 [1] INFO  Microsoft.Hosting.Lifetime - Application started. Press Ctrl+C to shut down.
2022-08-19 14:45:21,448 [1] INFO  Microsoft.Hosting.Lifetime - Hosting environment: Development
2022-08-19 14:45:21,450 [1] INFO  Microsoft.Hosting.Lifetime - Content root path: E:\DID\DID\DID\
2022-08-19 14:53:16,655 [1] INFO  Microsoft.Hosting.Lifetime - Now listening on: https://localhost:7141
2022-08-19 14:53:16,669 [1] INFO  Microsoft.Hosting.Lifetime - Now listening on: http://localhost:5141
2022-08-19 14:53:16,676 [1] INFO  Microsoft.Hosting.Lifetime - Application started. Press Ctrl+C to shut down.
2022-08-19 14:53:16,678 [1] INFO  Microsoft.Hosting.Lifetime - Hosting environment: Development
2022-08-19 14:53:16,680 [1] INFO  Microsoft.Hosting.Lifetime - Content root path: E:\DID\DID\DID\
2022-08-19 14:54:43,454 [1] INFO  Microsoft.Hosting.Lifetime - Now listening on: https://localhost:7141
2022-08-19 14:54:43,468 [1] INFO  Microsoft.Hosting.Lifetime - Now listening on: http://localhost:5141
2022-08-19 14:54:43,475 [1] INFO  Microsoft.Hosting.Lifetime - Application started. Press Ctrl+C to shut down.
2022-08-19 14:54:43,477 [1] INFO  Microsoft.Hosting.Lifetime - Hosting environment: Development
2022-08-19 14:54:43,479 [1] INFO  Microsoft.Hosting.Lifetime - Content root path: E:\DID\DID\DID\
2022-08-19 15:06:19,298 [1] INFO  Microsoft.Hosting.Lifetime - Now listening on: https://localhost:7141
2022-08-19 15:06:19,312 [1] INFO  Microsoft.Hosting.Lifetime - Now listening on: http://localhost:5141
2022-08-19 15:06:19,319 [1] INFO  Microsoft.Hosting.Lifetime - Application started. Press Ctrl+C to shut down.
2022-08-19 15:06:19,321 [1] INFO  Microsoft.Hosting.Lifetime - Hosting environment: Development
2022-08-19 15:06:19,322 [1] INFO  Microsoft.Hosting.Lifetime - Content root path: E:\DID\DID\DID\
2022-08-19 15:09:15,334 [1] INFO  Microsoft.Hosting.Lifetime - Now listening on: https://localhost:7141
2022-08-19 15:09:15,347 [1] INFO  Microsoft.Hosting.Lifetime - Now listening on: http://localhost:5141
2022-08-19 15:09:15,354 [1] INFO  Microsoft.Hosting.Lifetime - Application started. Press Ctrl+C to shut down.
2022-08-19 15:09:15,355 [1] INFO  Microsoft.Hosting.Lifetime - Hosting environment: Development
2022-08-19 15:09:15,356 [1] INFO  Microsoft.Hosting.Lifetime - Content root path: E:\DID\DID\DID\
2022-08-19 15:10:06,423 [1] INFO  Microsoft.Hosting.Lifetime - Now listening on: https://localhost:7141
2022-08-19 15:10:06,445 [1] INFO  Microsoft.Hosting.Lifetime - Now listening on: http://localhost:5141
2022-08-19 15:10:06,462 [1] INFO  Microsoft.Hosting.Lifetime - Application started. Press Ctrl+C to shut down.
2022-08-19 15:10:06,463 [1] INFO  Microsoft.Hosting.Lifetime - Hosting environment: Development
2022-08-19 15:10:06,465 [1] INFO  Microsoft.Hosting.Lifetime - Content root path: E:\DID\DID\DID\
2022-08-19 15:23:21,684 [1] INFO  Microsoft.Hosting.Lifetime - Now listening on: https://localhost:7141
2022-08-19 15:23:21,701 [1] INFO  Microsoft.Hosting.Lifetime - Now listening on: http://localhost:5141
2022-08-19 15:23:21,710 [1] INFO  Microsoft.Hosting.Lifetime - Application started. Press Ctrl+C to shut down.
2022-08-19 15:23:21,712 [1] INFO  Microsoft.Hosting.Lifetime - Hosting environment: Development
2022-08-19 15:23:21,713 [1] INFO  Microsoft.Hosting.Lifetime - Content root path: E:\DID\DID\DID\
2022-08-19 16:48:45,929 [1] INFO  Microsoft.Hosting.Lifetime - Now listening on: https://localhost:7141
2022-08-19 16:48:45,945 [1] INFO  Microsoft.Hosting.Lifetime - Now listening on: http://localhost:5141
2022-08-19 16:48:45,953 [1] INFO  Microsoft.Hosting.Lifetime - Application started. Press Ctrl+C to shut down.
2022-08-19 16:48:45,955 [1] INFO  Microsoft.Hosting.Lifetime - Hosting environment: Development
2022-08-19 16:48:45,956 [1] INFO  Microsoft.Hosting.Lifetime - Content root path: E:\DID\DID\DID\
2022-08-19 16:52:12,684 [1] INFO  Microsoft.Hosting.Lifetime - Now listening on: https://localhost:7141
2022-08-19 16:52:12,699 [1] INFO  Microsoft.Hosting.Lifetime - Now listening on: http://localhost:5141
2022-08-19 16:52:12,709 [1] INFO  Microsoft.Hosting.Lifetime - Application started. Press Ctrl+C to shut down.
2022-08-19 16:52:12,710 [1] INFO  Microsoft.Hosting.Lifetime - Hosting environment: Development
2022-08-19 16:52:12,712 [1] INFO  Microsoft.Hosting.Lifetime - Content root path: E:\DID\DID\DID\
2022-08-19 16:53:13,247 [1] INFO  Microsoft.Hosting.Lifetime - Now listening on: https://localhost:7141
2022-08-19 16:53:13,261 [1] INFO  Microsoft.Hosting.Lifetime - Now listening on: http://localhost:5141
2022-08-19 16:53:13,268 [1] INFO  Microsoft.Hosting.Lifetime - Application started. Press Ctrl+C to shut down.
2022-08-19 16:53:13,270 [1] INFO  Microsoft.Hosting.Lifetime - Hosting environment: Development
2022-08-19 16:53:13,271 [1] INFO  Microsoft.Hosting.Lifetime - Content root path: E:\DID\DID\DID\
2022-08-19 16:59:10,479 [1] INFO  Microsoft.Hosting.Lifetime - Now listening on: https://localhost:7141
2022-08-19 16:59:10,493 [1] INFO  Microsoft.Hosting.Lifetime - Now listening on: http://localhost:5141
2022-08-19 16:59:10,500 [1] INFO  Microsoft.Hosting.Lifetime - Application started. Press Ctrl+C to shut down.
2022-08-19 16:59:10,502 [1] INFO  Microsoft.Hosting.Lifetime - Hosting environment: Development
2022-08-19 16:59:10,503 [1] INFO  Microsoft.Hosting.Lifetime - Content root path: E:\DID\DID\DID\
2022-08-19 17:02:19,258 [1] INFO  Microsoft.Hosting.Lifetime - Now listening on: https://localhost:7141
2022-08-19 17:02:19,270 [1] INFO  Microsoft.Hosting.Lifetime - Now listening on: http://localhost:5141
2022-08-19 17:02:19,276 [1] INFO  Microsoft.Hosting.Lifetime - Application started. Press Ctrl+C to shut down.
2022-08-19 17:02:19,277 [1] INFO  Microsoft.Hosting.Lifetime - Hosting environment: Development
2022-08-19 17:02:19,278 [1] INFO  Microsoft.Hosting.Lifetime - Content root path: E:\DID\DID\DID\
2022-08-19 17:03:48,503 [1] INFO  Microsoft.Hosting.Lifetime - Now listening on: https://localhost:7141
2022-08-19 17:03:48,516 [1] INFO  Microsoft.Hosting.Lifetime - Now listening on: http://localhost:5141
2022-08-19 17:03:48,523 [1] INFO  Microsoft.Hosting.Lifetime - Application started. Press Ctrl+C to shut down.
2022-08-19 17:03:48,525 [1] INFO  Microsoft.Hosting.Lifetime - Hosting environment: Development
2022-08-19 17:03:48,526 [1] INFO  Microsoft.Hosting.Lifetime - Content root path: E:\DID\DID\DID\
