2022-08-18 16:01:07,260 [1] INFO  Microsoft.Hosting.Lifetime - Now listening on: https://localhost:7141
2022-08-18 16:01:07,274 [1] INFO  Microsoft.Hosting.Lifetime - Now listening on: http://localhost:5141
2022-08-18 16:01:07,282 [1] INFO  Microsoft.Hosting.Lifetime - Application started. Press Ctrl+C to shut down.
2022-08-18 16:01:07,284 [1] INFO  Microsoft.Hosting.Lifetime - Hosting environment: Development
2022-08-18 16:01:07,286 [1] INFO  Microsoft.Hosting.Lifetime - Content root path: E:\DID\DID\DID\
2022-08-18 16:01:47,026 [1] INFO  Microsoft.Hosting.Lifetime - Now listening on: https://localhost:7141
2022-08-18 16:01:47,065 [1] INFO  Microsoft.Hosting.Lifetime - Now listening on: http://localhost:5141
2022-08-18 16:01:47,074 [1] INFO  Microsoft.Hosting.Lifetime - Application started. Press Ctrl+C to shut down.
2022-08-18 16:01:47,088 [1] INFO  Microsoft.Hosting.Lifetime - Hosting environment: Development
2022-08-18 16:01:47,089 [1] INFO  Microsoft.Hosting.Lifetime - Content root path: E:\DID\DID\DID\
2022-08-18 16:23:42,443 [1] INFO  Microsoft.Hosting.Lifetime - Now listening on: https://localhost:7141
2022-08-18 16:23:42,460 [1] INFO  Microsoft.Hosting.Lifetime - Now listening on: http://localhost:5141
2022-08-18 16:23:42,470 [1] INFO  Microsoft.Hosting.Lifetime - Application started. Press Ctrl+C to shut down.
2022-08-18 16:23:42,472 [1] INFO  Microsoft.Hosting.Lifetime - Hosting environment: Development
2022-08-18 16:23:42,473 [1] INFO  Microsoft.Hosting.Lifetime - Content root path: E:\DID\DID\DID\
2022-08-18 17:33:02,339 [1] INFO  Microsoft.Hosting.Lifetime - Now listening on: https://localhost:7141
2022-08-18 17:33:02,354 [1] INFO  Microsoft.Hosting.Lifetime - Now listening on: http://localhost:5141
2022-08-18 17:33:02,361 [1] INFO  Microsoft.Hosting.Lifetime - Application started. Press Ctrl+C to shut down.
2022-08-18 17:33:02,362 [1] INFO  Microsoft.Hosting.Lifetime - Hosting environment: Development
2022-08-18 17:33:02,364 [1] INFO  Microsoft.Hosting.Lifetime - Content root path: E:\DID\DID\DID\
2022-08-18 17:37:18,700 [1] INFO  Microsoft.Hosting.Lifetime - Now listening on: https://localhost:7141
2022-08-18 17:37:18,714 [1] INFO  Microsoft.Hosting.Lifetime - Now listening on: http://localhost:5141
2022-08-18 17:37:18,721 [1] INFO  Microsoft.Hosting.Lifetime - Application started. Press Ctrl+C to shut down.
2022-08-18 17:37:18,722 [1] INFO  Microsoft.Hosting.Lifetime - Hosting environment: Development
2022-08-18 17:37:18,724 [1] INFO  Microsoft.Hosting.Lifetime - Content root path: E:\DID\DID\DID\
2022-08-18 17:38:15,929 [1] INFO  Microsoft.Hosting.Lifetime - Now listening on: https://localhost:7141
2022-08-18 17:38:15,942 [1] INFO  Microsoft.Hosting.Lifetime - Now listening on: http://localhost:5141
2022-08-18 17:38:15,949 [1] INFO  Microsoft.Hosting.Lifetime - Application started. Press Ctrl+C to shut down.
2022-08-18 17:38:15,950 [1] INFO  Microsoft.Hosting.Lifetime - Hosting environment: Development
2022-08-18 17:38:15,951 [1] INFO  Microsoft.Hosting.Lifetime - Content root path: E:\DID\DID\DID\
2022-08-18 17:40:51,061 [1] INFO  Microsoft.Hosting.Lifetime - Now listening on: https://localhost:7141
2022-08-18 17:40:51,078 [1] INFO  Microsoft.Hosting.Lifetime - Now listening on: http://localhost:5141
2022-08-18 17:40:51,085 [1] INFO  Microsoft.Hosting.Lifetime - Application started. Press Ctrl+C to shut down.
2022-08-18 17:40:51,086 [1] INFO  Microsoft.Hosting.Lifetime - Hosting environment: Development
2022-08-18 17:40:51,088 [1] INFO  Microsoft.Hosting.Lifetime - Content root path: E:\DID\DID\DID\
2022-08-18 17:42:14,829 [1] INFO  Microsoft.Hosting.Lifetime - Now listening on: https://localhost:7141
2022-08-18 17:42:14,848 [1] INFO  Microsoft.Hosting.Lifetime - Now listening on: http://localhost:5141
2022-08-18 17:42:14,858 [1] INFO  Microsoft.Hosting.Lifetime - Application started. Press Ctrl+C to shut down.
2022-08-18 17:42:14,859 [1] INFO  Microsoft.Hosting.Lifetime - Hosting environment: Development
2022-08-18 17:42:14,861 [1] INFO  Microsoft.Hosting.Lifetime - Content root path: E:\DID\DID\DID\
2022-08-18 17:53:49,196 [1] INFO  Microsoft.Hosting.Lifetime - Now listening on: https://localhost:7141
2022-08-18 17:53:49,211 [1] INFO  Microsoft.Hosting.Lifetime - Now listening on: http://localhost:5141
2022-08-18 17:53:49,219 [1] INFO  Microsoft.Hosting.Lifetime - Application started. Press Ctrl+C to shut down.
2022-08-18 17:53:49,221 [1] INFO  Microsoft.Hosting.Lifetime - Hosting environment: Development
2022-08-18 17:53:49,223 [1] INFO  Microsoft.Hosting.Lifetime - Content root path: E:\DID\DID\DID\
2022-08-18 17:54:14,304 [1] INFO  Microsoft.Hosting.Lifetime - Now listening on: https://localhost:7141
2022-08-18 17:54:14,318 [1] INFO  Microsoft.Hosting.Lifetime - Now listening on: http://localhost:5141
2022-08-18 17:54:14,323 [1] INFO  Microsoft.Hosting.Lifetime - Application started. Press Ctrl+C to shut down.
2022-08-18 17:54:14,325 [1] INFO  Microsoft.Hosting.Lifetime - Hosting environment: Development
2022-08-18 17:54:14,326 [1] INFO  Microsoft.Hosting.Lifetime - Content root path: E:\DID\DID\DID\
2022-08-18 17:57:06,469 [1] INFO  Microsoft.Hosting.Lifetime - Now listening on: https://localhost:7141
2022-08-18 17:57:06,483 [1] INFO  Microsoft.Hosting.Lifetime - Now listening on: http://localhost:5141
2022-08-18 17:57:06,489 [1] INFO  Microsoft.Hosting.Lifetime - Application started. Press Ctrl+C to shut down.
2022-08-18 17:57:06,491 [1] INFO  Microsoft.Hosting.Lifetime - Hosting environment: Development
2022-08-18 17:57:06,492 [1] INFO  Microsoft.Hosting.Lifetime - Content root path: E:\DID\DID\DID\
2022-08-18 18:01:01,812 [1] INFO  Microsoft.Hosting.Lifetime - Now listening on: https://localhost:7141
2022-08-18 18:01:01,841 [1] INFO  Microsoft.Hosting.Lifetime - Now listening on: http://localhost:5141
2022-08-18 18:01:01,848 [1] INFO  Microsoft.Hosting.Lifetime - Application started. Press Ctrl+C to shut down.
2022-08-18 18:01:01,850 [1] INFO  Microsoft.Hosting.Lifetime - Hosting environment: Development
2022-08-18 18:01:01,851 [1] INFO  Microsoft.Hosting.Lifetime - Content root path: E:\DID\DID\DID\
2022-08-18 18:03:11,401 [1] INFO  Microsoft.Hosting.Lifetime - Now listening on: https://localhost:7141
2022-08-18 18:03:11,414 [1] INFO  Microsoft.Hosting.Lifetime - Now listening on: http://localhost:5141
2022-08-18 18:03:11,421 [1] INFO  Microsoft.Hosting.Lifetime - Application started. Press Ctrl+C to shut down.
2022-08-18 18:03:11,423 [1] INFO  Microsoft.Hosting.Lifetime - Hosting environment: Development
2022-08-18 18:03:11,424 [1] INFO  Microsoft.Hosting.Lifetime - Content root path: E:\DID\DID\DID\
2022-08-18 18:05:41,727 [1] INFO  Microsoft.Hosting.Lifetime - Now listening on: https://localhost:7141
2022-08-18 18:05:41,742 [1] INFO  Microsoft.Hosting.Lifetime - Now listening on: http://localhost:5141
2022-08-18 18:05:41,749 [1] INFO  Microsoft.Hosting.Lifetime - Application started. Press Ctrl+C to shut down.
2022-08-18 18:05:41,751 [1] INFO  Microsoft.Hosting.Lifetime - Hosting environment: Development
2022-08-18 18:05:41,752 [1] INFO  Microsoft.Hosting.Lifetime - Content root path: E:\DID\DID\DID\
2022-08-18 18:06:37,676 [1] INFO  Microsoft.Hosting.Lifetime - Now listening on: https://localhost:7141
2022-08-18 18:06:37,690 [1] INFO  Microsoft.Hosting.Lifetime - Now listening on: http://localhost:5141
2022-08-18 18:06:37,697 [1] INFO  Microsoft.Hosting.Lifetime - Application started. Press Ctrl+C to shut down.
2022-08-18 18:06:37,700 [1] INFO  Microsoft.Hosting.Lifetime - Hosting environment: Development
2022-08-18 18:06:37,701 [1] INFO  Microsoft.Hosting.Lifetime - Content root path: E:\DID\DID\DID\
