2022-08-13 11:29:08,786 [1] INFO  Microsoft.Hosting.Lifetime - Now listening on: https://localhost:7141
2022-08-13 11:29:08,801 [1] INFO  Microsoft.Hosting.Lifetime - Now listening on: http://localhost:5141
2022-08-13 11:29:08,808 [1] INFO  Microsoft.Hosting.Lifetime - Application started. Press Ctrl+C to shut down.
2022-08-13 11:29:08,811 [1] INFO  Microsoft.Hosting.Lifetime - Hosting environment: Development
2022-08-13 11:29:08,812 [1] INFO  Microsoft.Hosting.Lifetime - Content root path: E:\DID\DID\DID\
2022-08-13 14:05:57,653 [1] INFO  Microsoft.Hosting.Lifetime - Now listening on: https://localhost:7141
2022-08-13 14:05:57,667 [1] INFO  Microsoft.Hosting.Lifetime - Now listening on: http://localhost:5141
2022-08-13 14:05:57,675 [1] INFO  Microsoft.Hosting.Lifetime - Application started. Press Ctrl+C to shut down.
2022-08-13 14:05:57,688 [1] INFO  Microsoft.Hosting.Lifetime - Hosting environment: Development
2022-08-13 14:05:57,690 [1] INFO  Microsoft.Hosting.Lifetime - Content root path: E:\DID\DID\DID\
2022-08-13 15:25:21,267 [1] INFO  Microsoft.Hosting.Lifetime - Now listening on: https://localhost:7141
2022-08-13 15:25:21,282 [1] INFO  Microsoft.Hosting.Lifetime - Now listening on: http://localhost:5141
2022-08-13 15:25:21,289 [1] INFO  Microsoft.Hosting.Lifetime - Application started. Press Ctrl+C to shut down.
2022-08-13 15:25:21,291 [1] INFO  Microsoft.Hosting.Lifetime - Hosting environment: Development
2022-08-13 15:25:21,293 [1] INFO  Microsoft.Hosting.Lifetime - Content root path: E:\DID\DID\DID\
2022-08-13 17:07:41,898 [1] INFO  Microsoft.Hosting.Lifetime - Application started. Press Ctrl+C to shut down.
2022-08-13 17:07:41,921 [1] INFO  Microsoft.Hosting.Lifetime - Hosting environment: Development
2022-08-13 17:07:41,923 [1] INFO  Microsoft.Hosting.Lifetime - Content root path: E:\DID\DID\DID\
2022-08-13 17:08:04,170 [1] INFO  Microsoft.Hosting.Lifetime - Now listening on: https://localhost:7141
2022-08-13 17:08:04,188 [1] INFO  Microsoft.Hosting.Lifetime - Now listening on: http://localhost:5141
2022-08-13 17:08:04,198 [1] INFO  Microsoft.Hosting.Lifetime - Application started. Press Ctrl+C to shut down.
2022-08-13 17:08:04,201 [1] INFO  Microsoft.Hosting.Lifetime - Hosting environment: Development
2022-08-13 17:08:04,203 [1] INFO  Microsoft.Hosting.Lifetime - Content root path: E:\DID\DID\DID\
2022-08-13 17:11:00,895 [1] INFO  Microsoft.Hosting.Lifetime - Now listening on: https://localhost:7141
2022-08-13 17:11:00,909 [1] INFO  Microsoft.Hosting.Lifetime - Now listening on: http://localhost:5141
2022-08-13 17:11:00,920 [1] INFO  Microsoft.Hosting.Lifetime - Application started. Press Ctrl+C to shut down.
2022-08-13 17:11:00,922 [1] INFO  Microsoft.Hosting.Lifetime - Hosting environment: Development
2022-08-13 17:11:00,923 [1] INFO  Microsoft.Hosting.Lifetime - Content root path: E:\DID\DID\DID\
2022-08-13 17:20:49,278 [1] INFO  Microsoft.Hosting.Lifetime - Now listening on: https://localhost:7141
2022-08-13 17:20:49,293 [1] INFO  Microsoft.Hosting.Lifetime - Now listening on: http://localhost:5141
2022-08-13 17:20:49,301 [1] INFO  Microsoft.Hosting.Lifetime - Application started. Press Ctrl+C to shut down.
2022-08-13 17:20:49,303 [1] INFO  Microsoft.Hosting.Lifetime - Hosting environment: Development
2022-08-13 17:20:49,305 [1] INFO  Microsoft.Hosting.Lifetime - Content root path: E:\DID\DID\DID\
2022-08-13 17:48:30,047 [1] INFO  Microsoft.Hosting.Lifetime - Application started. Press Ctrl+C to shut down.
2022-08-13 17:48:30,069 [1] INFO  Microsoft.Hosting.Lifetime - Hosting environment: Development
2022-08-13 17:48:30,070 [1] INFO  Microsoft.Hosting.Lifetime - Content root path: E:\DID\DID\DID\
2022-08-13 17:50:09,689 [1] INFO  Microsoft.Hosting.Lifetime - Application started. Press Ctrl+C to shut down.
2022-08-13 17:50:09,711 [1] INFO  Microsoft.Hosting.Lifetime - Hosting environment: Development
2022-08-13 17:50:09,713 [1] INFO  Microsoft.Hosting.Lifetime - Content root path: E:\DID\DID\DID\
