2022-08-09 09:33:32,275 [1] INFO  Microsoft.Hosting.Lifetime - Now listening on: https://localhost:7141
2022-08-09 09:33:32,288 [1] INFO  Microsoft.Hosting.Lifetime - Now listening on: http://localhost:5141
2022-08-09 09:33:32,296 [1] INFO  Microsoft.Hosting.Lifetime - Application started. Press Ctrl+C to shut down.
2022-08-09 09:33:32,298 [1] INFO  Microsoft.Hosting.Lifetime - Hosting environment: Development
2022-08-09 09:33:32,299 [1] INFO  Microsoft.Hosting.Lifetime - Content root path: E:\DID\DID\DID\
2022-08-09 09:36:15,573 [1] INFO  Microsoft.Hosting.Lifetime - Now listening on: https://localhost:7141
2022-08-09 09:36:15,586 [1] INFO  Microsoft.Hosting.Lifetime - Now listening on: http://localhost:5141
2022-08-09 09:36:15,594 [1] INFO  Microsoft.Hosting.Lifetime - Application started. Press Ctrl+C to shut down.
2022-08-09 09:36:15,607 [1] INFO  Microsoft.Hosting.Lifetime - Hosting environment: Development
2022-08-09 09:36:15,609 [1] INFO  Microsoft.Hosting.Lifetime - Content root path: E:\DID\DID\DID\
2022-08-09 09:37:59,995 [1] INFO  Microsoft.Hosting.Lifetime - Now listening on: https://localhost:7141
2022-08-09 09:38:00,012 [1] INFO  Microsoft.Hosting.Lifetime - Now listening on: http://localhost:5141
2022-08-09 09:38:00,022 [1] INFO  Microsoft.Hosting.Lifetime - Application started. Press Ctrl+C to shut down.
2022-08-09 09:38:00,024 [1] INFO  Microsoft.Hosting.Lifetime - Hosting environment: Development
2022-08-09 09:38:00,025 [1] INFO  Microsoft.Hosting.Lifetime - Content root path: E:\DID\DID\DID\
2022-08-09 09:41:55,378 [1] INFO  Microsoft.Hosting.Lifetime - Now listening on: https://localhost:7141
2022-08-09 09:41:55,393 [1] INFO  Microsoft.Hosting.Lifetime - Now listening on: http://localhost:5141
2022-08-09 09:41:55,401 [1] INFO  Microsoft.Hosting.Lifetime - Application started. Press Ctrl+C to shut down.
2022-08-09 09:41:55,403 [1] INFO  Microsoft.Hosting.Lifetime - Hosting environment: Development
2022-08-09 09:41:55,404 [1] INFO  Microsoft.Hosting.Lifetime - Content root path: E:\DID\DID\DID\
2022-08-09 09:50:22,502 [1] INFO  Microsoft.Hosting.Lifetime - Now listening on: https://localhost:7141
2022-08-09 09:50:22,516 [1] INFO  Microsoft.Hosting.Lifetime - Now listening on: http://localhost:5141
2022-08-09 09:50:22,522 [1] INFO  Microsoft.Hosting.Lifetime - Application started. Press Ctrl+C to shut down.
2022-08-09 09:50:22,523 [1] INFO  Microsoft.Hosting.Lifetime - Hosting environment: Development
2022-08-09 09:50:22,524 [1] INFO  Microsoft.Hosting.Lifetime - Content root path: E:\DID\DID\DID\
2022-08-09 11:58:04,628 [1] INFO  Microsoft.Hosting.Lifetime - Now listening on: https://localhost:7141
2022-08-09 11:58:04,642 [1] INFO  Microsoft.Hosting.Lifetime - Now listening on: http://localhost:5141
2022-08-09 11:58:04,651 [1] INFO  Microsoft.Hosting.Lifetime - Application started. Press Ctrl+C to shut down.
2022-08-09 11:58:04,653 [1] INFO  Microsoft.Hosting.Lifetime - Hosting environment: Development
2022-08-09 11:58:04,654 [1] INFO  Microsoft.Hosting.Lifetime - Content root path: E:\DID\DID\DID\
2022-08-09 14:07:04,582 [1] INFO  Microsoft.Hosting.Lifetime - Now listening on: https://localhost:7141
2022-08-09 14:07:04,595 [1] INFO  Microsoft.Hosting.Lifetime - Now listening on: http://localhost:5141
2022-08-09 14:07:04,602 [1] INFO  Microsoft.Hosting.Lifetime - Application started. Press Ctrl+C to shut down.
2022-08-09 14:07:04,604 [1] INFO  Microsoft.Hosting.Lifetime - Hosting environment: Development
2022-08-09 14:07:04,605 [1] INFO  Microsoft.Hosting.Lifetime - Content root path: E:\DID\DID\DID\
2022-08-09 14:08:44,993 [1] INFO  Microsoft.Hosting.Lifetime - Now listening on: https://localhost:7141
2022-08-09 14:08:45,009 [1] INFO  Microsoft.Hosting.Lifetime - Now listening on: http://localhost:5141
2022-08-09 14:08:45,020 [1] INFO  Microsoft.Hosting.Lifetime - Application started. Press Ctrl+C to shut down.
2022-08-09 14:08:45,022 [1] INFO  Microsoft.Hosting.Lifetime - Hosting environment: Development
2022-08-09 14:08:45,025 [1] INFO  Microsoft.Hosting.Lifetime - Content root path: E:\DID\DID\DID\
2022-08-09 14:12:50,684 [1] INFO  Microsoft.Hosting.Lifetime - Now listening on: https://localhost:7141
2022-08-09 14:12:50,698 [1] INFO  Microsoft.Hosting.Lifetime - Now listening on: http://localhost:5141
2022-08-09 14:12:50,706 [1] INFO  Microsoft.Hosting.Lifetime - Application started. Press Ctrl+C to shut down.
2022-08-09 14:12:50,708 [1] INFO  Microsoft.Hosting.Lifetime - Hosting environment: Development
2022-08-09 14:12:50,709 [1] INFO  Microsoft.Hosting.Lifetime - Content root path: E:\DID\DID\DID\
2022-08-09 14:31:49,720 [1] INFO  Microsoft.Hosting.Lifetime - Now listening on: https://localhost:7141
2022-08-09 14:31:49,737 [1] INFO  Microsoft.Hosting.Lifetime - Now listening on: http://localhost:5141
2022-08-09 14:31:49,744 [1] INFO  Microsoft.Hosting.Lifetime - Application started. Press Ctrl+C to shut down.
2022-08-09 14:31:49,747 [1] INFO  Microsoft.Hosting.Lifetime - Hosting environment: Development
2022-08-09 14:31:49,748 [1] INFO  Microsoft.Hosting.Lifetime - Content root path: E:\DID\DID\DID\
2022-08-09 14:43:47,560 [1] INFO  Microsoft.Hosting.Lifetime - Now listening on: https://localhost:7141
2022-08-09 14:43:47,574 [1] INFO  Microsoft.Hosting.Lifetime - Now listening on: http://localhost:5141
2022-08-09 14:43:47,581 [1] INFO  Microsoft.Hosting.Lifetime - Application started. Press Ctrl+C to shut down.
2022-08-09 14:43:47,582 [1] INFO  Microsoft.Hosting.Lifetime - Hosting environment: Development
2022-08-09 14:43:47,584 [1] INFO  Microsoft.Hosting.Lifetime - Content root path: E:\DID\DID\DID\
2022-08-09 14:52:21,530 [1] INFO  Microsoft.Hosting.Lifetime - Now listening on: https://localhost:7141
2022-08-09 14:52:21,543 [1] INFO  Microsoft.Hosting.Lifetime - Now listening on: http://localhost:5141
2022-08-09 14:52:21,550 [1] INFO  Microsoft.Hosting.Lifetime - Application started. Press Ctrl+C to shut down.
2022-08-09 14:52:21,552 [1] INFO  Microsoft.Hosting.Lifetime - Hosting environment: Development
2022-08-09 14:52:21,553 [1] INFO  Microsoft.Hosting.Lifetime - Content root path: E:\DID\DID\DID\
2022-08-09 14:53:55,787 [1] INFO  Microsoft.Hosting.Lifetime - Now listening on: https://localhost:7141
2022-08-09 14:53:55,800 [1] INFO  Microsoft.Hosting.Lifetime - Now listening on: http://localhost:5141
2022-08-09 14:53:55,807 [1] INFO  Microsoft.Hosting.Lifetime - Application started. Press Ctrl+C to shut down.
2022-08-09 14:53:55,809 [1] INFO  Microsoft.Hosting.Lifetime - Hosting environment: Development
2022-08-09 14:53:55,810 [1] INFO  Microsoft.Hosting.Lifetime - Content root path: E:\DID\DID\DID\
2022-08-09 15:12:11,876 [1] INFO  Microsoft.Hosting.Lifetime - Now listening on: https://localhost:7141
2022-08-09 15:12:11,895 [1] INFO  Microsoft.Hosting.Lifetime - Now listening on: http://localhost:5141
2022-08-09 15:12:11,902 [1] INFO  Microsoft.Hosting.Lifetime - Application started. Press Ctrl+C to shut down.
2022-08-09 15:12:11,904 [1] INFO  Microsoft.Hosting.Lifetime - Hosting environment: Development
2022-08-09 15:12:11,906 [1] INFO  Microsoft.Hosting.Lifetime - Content root path: E:\DID\DID\DID\
2022-08-09 15:16:17,580 [1] INFO  Microsoft.Hosting.Lifetime - Now listening on: https://localhost:7141
2022-08-09 15:16:17,594 [1] INFO  Microsoft.Hosting.Lifetime - Now listening on: http://localhost:5141
2022-08-09 15:16:17,602 [1] INFO  Microsoft.Hosting.Lifetime - Application started. Press Ctrl+C to shut down.
2022-08-09 15:16:17,604 [1] INFO  Microsoft.Hosting.Lifetime - Hosting environment: Development
2022-08-09 15:16:17,605 [1] INFO  Microsoft.Hosting.Lifetime - Content root path: E:\DID\DID\DID\
2022-08-09 15:18:20,633 [1] INFO  Microsoft.Hosting.Lifetime - Now listening on: https://localhost:7141
2022-08-09 15:18:20,670 [1] INFO  Microsoft.Hosting.Lifetime - Now listening on: http://localhost:5141
2022-08-09 15:18:20,677 [1] INFO  Microsoft.Hosting.Lifetime - Application started. Press Ctrl+C to shut down.
2022-08-09 15:18:20,679 [1] INFO  Microsoft.Hosting.Lifetime - Hosting environment: Development
2022-08-09 15:18:20,681 [1] INFO  Microsoft.Hosting.Lifetime - Content root path: E:\DID\DID\DID\
2022-08-09 15:22:57,739 [1] INFO  Microsoft.Hosting.Lifetime - Now listening on: https://localhost:7141
2022-08-09 15:22:57,753 [1] INFO  Microsoft.Hosting.Lifetime - Now listening on: http://localhost:5141
2022-08-09 15:22:57,761 [1] INFO  Microsoft.Hosting.Lifetime - Application started. Press Ctrl+C to shut down.
2022-08-09 15:22:57,763 [1] INFO  Microsoft.Hosting.Lifetime - Hosting environment: Development
2022-08-09 15:22:57,764 [1] INFO  Microsoft.Hosting.Lifetime - Content root path: E:\DID\DID\DID\
2022-08-09 15:25:57,627 [1] INFO  Microsoft.Hosting.Lifetime - Now listening on: https://localhost:7141
2022-08-09 15:25:57,645 [1] INFO  Microsoft.Hosting.Lifetime - Now listening on: http://localhost:5141
2022-08-09 15:25:57,654 [1] INFO  Microsoft.Hosting.Lifetime - Application started. Press Ctrl+C to shut down.
2022-08-09 15:25:57,656 [1] INFO  Microsoft.Hosting.Lifetime - Hosting environment: Development
2022-08-09 15:25:57,657 [1] INFO  Microsoft.Hosting.Lifetime - Content root path: E:\DID\DID\DID\
2022-08-09 15:50:03,985 [1] INFO  Microsoft.Hosting.Lifetime - Now listening on: https://localhost:7141
2022-08-09 15:50:04,001 [1] INFO  Microsoft.Hosting.Lifetime - Now listening on: http://localhost:5141
2022-08-09 15:50:04,011 [1] INFO  Microsoft.Hosting.Lifetime - Application started. Press Ctrl+C to shut down.
2022-08-09 15:50:04,013 [1] INFO  Microsoft.Hosting.Lifetime - Hosting environment: Development
2022-08-09 15:50:04,015 [1] INFO  Microsoft.Hosting.Lifetime - Content root path: E:\DID\DID\DID\
2022-08-09 15:59:07,139 [1] INFO  Microsoft.Hosting.Lifetime - Now listening on: https://localhost:7141
2022-08-09 15:59:07,179 [1] INFO  Microsoft.Hosting.Lifetime - Now listening on: http://localhost:5141
2022-08-09 15:59:07,188 [1] INFO  Microsoft.Hosting.Lifetime - Application started. Press Ctrl+C to shut down.
2022-08-09 15:59:07,190 [1] INFO  Microsoft.Hosting.Lifetime - Hosting environment: Development
2022-08-09 15:59:07,191 [1] INFO  Microsoft.Hosting.Lifetime - Content root path: E:\DID\DID\DID\
2022-08-09 16:09:51,884 [1] INFO  Microsoft.Hosting.Lifetime - Now listening on: https://localhost:7141
2022-08-09 16:09:51,897 [1] INFO  Microsoft.Hosting.Lifetime - Now listening on: http://localhost:5141
2022-08-09 16:09:51,905 [1] INFO  Microsoft.Hosting.Lifetime - Application started. Press Ctrl+C to shut down.
2022-08-09 16:09:51,907 [1] INFO  Microsoft.Hosting.Lifetime - Hosting environment: Development
2022-08-09 16:09:51,908 [1] INFO  Microsoft.Hosting.Lifetime - Content root path: E:\DID\DID\DID\
2022-08-09 16:17:20,146 [1] INFO  Microsoft.Hosting.Lifetime - Now listening on: https://localhost:7141
2022-08-09 16:17:20,180 [1] INFO  Microsoft.Hosting.Lifetime - Now listening on: http://localhost:5141
2022-08-09 16:17:20,187 [1] INFO  Microsoft.Hosting.Lifetime - Application started. Press Ctrl+C to shut down.
2022-08-09 16:17:20,189 [1] INFO  Microsoft.Hosting.Lifetime - Hosting environment: Development
2022-08-09 16:17:20,190 [1] INFO  Microsoft.Hosting.Lifetime - Content root path: E:\DID\DID\DID\
2022-08-09 16:31:47,575 [1] INFO  Microsoft.Hosting.Lifetime - Now listening on: https://localhost:7141
2022-08-09 16:31:47,589 [1] INFO  Microsoft.Hosting.Lifetime - Now listening on: http://localhost:5141
2022-08-09 16:31:47,596 [1] INFO  Microsoft.Hosting.Lifetime - Application started. Press Ctrl+C to shut down.
2022-08-09 16:31:47,598 [1] INFO  Microsoft.Hosting.Lifetime - Hosting environment: Development
2022-08-09 16:31:47,599 [1] INFO  Microsoft.Hosting.Lifetime - Content root path: E:\DID\DID\DID\
2022-08-09 16:33:03,002 [1] INFO  Microsoft.Hosting.Lifetime - Now listening on: https://localhost:7141
2022-08-09 16:33:03,046 [1] INFO  Microsoft.Hosting.Lifetime - Now listening on: http://localhost:5141
2022-08-09 16:33:03,054 [1] INFO  Microsoft.Hosting.Lifetime - Application started. Press Ctrl+C to shut down.
2022-08-09 16:33:03,056 [1] INFO  Microsoft.Hosting.Lifetime - Hosting environment: Development
2022-08-09 16:33:03,057 [1] INFO  Microsoft.Hosting.Lifetime - Content root path: E:\DID\DID\DID\
2022-08-09 16:34:58,465 [1] INFO  Microsoft.Hosting.Lifetime - Now listening on: https://localhost:7141
2022-08-09 16:34:58,485 [1] INFO  Microsoft.Hosting.Lifetime - Now listening on: http://localhost:5141
2022-08-09 16:34:58,494 [1] INFO  Microsoft.Hosting.Lifetime - Application started. Press Ctrl+C to shut down.
2022-08-09 16:34:58,497 [1] INFO  Microsoft.Hosting.Lifetime - Hosting environment: Development
2022-08-09 16:34:58,499 [1] INFO  Microsoft.Hosting.Lifetime - Content root path: E:\DID\DID\DID\
2022-08-09 16:36:43,084 [1] INFO  Microsoft.Hosting.Lifetime - Now listening on: https://localhost:7141
2022-08-09 16:36:43,097 [1] INFO  Microsoft.Hosting.Lifetime - Now listening on: http://localhost:5141
2022-08-09 16:36:43,105 [1] INFO  Microsoft.Hosting.Lifetime - Application started. Press Ctrl+C to shut down.
2022-08-09 16:36:43,106 [1] INFO  Microsoft.Hosting.Lifetime - Hosting environment: Development
2022-08-09 16:36:43,108 [1] INFO  Microsoft.Hosting.Lifetime - Content root path: E:\DID\DID\DID\
2022-08-09 16:37:49,981 [1] INFO  Microsoft.Hosting.Lifetime - Now listening on: https://localhost:7141
2022-08-09 16:37:49,998 [1] INFO  Microsoft.Hosting.Lifetime - Now listening on: http://localhost:5141
2022-08-09 16:37:50,006 [1] INFO  Microsoft.Hosting.Lifetime - Application started. Press Ctrl+C to shut down.
2022-08-09 16:37:50,008 [1] INFO  Microsoft.Hosting.Lifetime - Hosting environment: Development
2022-08-09 16:37:50,009 [1] INFO  Microsoft.Hosting.Lifetime - Content root path: E:\DID\DID\DID\
2022-08-09 16:39:28,040 [1] INFO  Microsoft.Hosting.Lifetime - Now listening on: https://localhost:7141
2022-08-09 16:39:28,053 [1] INFO  Microsoft.Hosting.Lifetime - Now listening on: http://localhost:5141
2022-08-09 16:39:28,059 [1] INFO  Microsoft.Hosting.Lifetime - Application started. Press Ctrl+C to shut down.
2022-08-09 16:39:28,061 [1] INFO  Microsoft.Hosting.Lifetime - Hosting environment: Development
2022-08-09 16:39:28,062 [1] INFO  Microsoft.Hosting.Lifetime - Content root path: E:\DID\DID\DID\
2022-08-09 17:20:49,305 [1] INFO  Microsoft.Hosting.Lifetime - Now listening on: https://localhost:7141
2022-08-09 17:20:49,340 [1] INFO  Microsoft.Hosting.Lifetime - Now listening on: http://localhost:5141
2022-08-09 17:20:49,350 [1] INFO  Microsoft.Hosting.Lifetime - Application started. Press Ctrl+C to shut down.
2022-08-09 17:20:49,353 [1] INFO  Microsoft.Hosting.Lifetime - Hosting environment: Development
2022-08-09 17:20:49,354 [1] INFO  Microsoft.Hosting.Lifetime - Content root path: E:\DID\DID\DID\
2022-08-09 17:21:00,204 [1] INFO  Microsoft.Hosting.Lifetime - Now listening on: https://localhost:7141
2022-08-09 17:21:00,255 [1] INFO  Microsoft.Hosting.Lifetime - Now listening on: http://localhost:5141
2022-08-09 17:21:00,264 [1] INFO  Microsoft.Hosting.Lifetime - Application started. Press Ctrl+C to shut down.
2022-08-09 17:21:00,266 [1] INFO  Microsoft.Hosting.Lifetime - Hosting environment: Development
2022-08-09 17:21:00,267 [1] INFO  Microsoft.Hosting.Lifetime - Content root path: E:\DID\DID\DID\
2022-08-09 17:24:11,415 [1] INFO  Microsoft.Hosting.Lifetime - Now listening on: https://localhost:7141
2022-08-09 17:24:11,431 [1] INFO  Microsoft.Hosting.Lifetime - Now listening on: http://localhost:5141
2022-08-09 17:24:11,438 [1] INFO  Microsoft.Hosting.Lifetime - Application started. Press Ctrl+C to shut down.
2022-08-09 17:24:11,440 [1] INFO  Microsoft.Hosting.Lifetime - Hosting environment: Development
2022-08-09 17:24:11,442 [1] INFO  Microsoft.Hosting.Lifetime - Content root path: E:\DID\DID\DID\
2022-08-09 17:24:42,994 [1] INFO  Microsoft.Hosting.Lifetime - Now listening on: https://localhost:7141
2022-08-09 17:24:43,036 [1] INFO  Microsoft.Hosting.Lifetime - Now listening on: http://localhost:5141
2022-08-09 17:24:43,045 [1] INFO  Microsoft.Hosting.Lifetime - Application started. Press Ctrl+C to shut down.
2022-08-09 17:24:43,047 [1] INFO  Microsoft.Hosting.Lifetime - Hosting environment: Development
2022-08-09 17:24:43,049 [1] INFO  Microsoft.Hosting.Lifetime - Content root path: E:\DID\DID\DID\
2022-08-09 17:25:12,577 [1] INFO  Microsoft.Hosting.Lifetime - Now listening on: https://localhost:7141
2022-08-09 17:25:12,591 [1] INFO  Microsoft.Hosting.Lifetime - Now listening on: http://localhost:5141
2022-08-09 17:25:12,600 [1] INFO  Microsoft.Hosting.Lifetime - Application started. Press Ctrl+C to shut down.
2022-08-09 17:25:12,602 [1] INFO  Microsoft.Hosting.Lifetime - Hosting environment: Development
2022-08-09 17:25:12,603 [1] INFO  Microsoft.Hosting.Lifetime - Content root path: E:\DID\DID\DID\
2022-08-09 17:25:41,845 [1] INFO  Microsoft.Hosting.Lifetime - Now listening on: https://localhost:7141
2022-08-09 17:25:41,862 [1] INFO  Microsoft.Hosting.Lifetime - Now listening on: http://localhost:5141
2022-08-09 17:25:41,870 [1] INFO  Microsoft.Hosting.Lifetime - Application started. Press Ctrl+C to shut down.
2022-08-09 17:25:41,872 [1] INFO  Microsoft.Hosting.Lifetime - Hosting environment: Development
2022-08-09 17:25:41,874 [1] INFO  Microsoft.Hosting.Lifetime - Content root path: E:\DID\DID\DID\
2022-08-09 17:26:20,855 [1] INFO  Microsoft.Hosting.Lifetime - Now listening on: https://localhost:7141
2022-08-09 17:26:20,895 [1] INFO  Microsoft.Hosting.Lifetime - Now listening on: http://localhost:5141
2022-08-09 17:26:20,903 [1] INFO  Microsoft.Hosting.Lifetime - Application started. Press Ctrl+C to shut down.
2022-08-09 17:26:20,905 [1] INFO  Microsoft.Hosting.Lifetime - Hosting environment: Development
2022-08-09 17:26:20,906 [1] INFO  Microsoft.Hosting.Lifetime - Content root path: E:\DID\DID\DID\
2022-08-09 17:27:14,461 [1] INFO  Microsoft.Hosting.Lifetime - Now listening on: https://localhost:7141
2022-08-09 17:27:14,476 [1] INFO  Microsoft.Hosting.Lifetime - Now listening on: http://localhost:5141
2022-08-09 17:27:14,487 [1] INFO  Microsoft.Hosting.Lifetime - Application started. Press Ctrl+C to shut down.
2022-08-09 17:27:14,488 [1] INFO  Microsoft.Hosting.Lifetime - Hosting environment: Development
2022-08-09 17:27:14,490 [1] INFO  Microsoft.Hosting.Lifetime - Content root path: E:\DID\DID\DID\
2022-08-09 17:30:48,068 [1] INFO  Microsoft.Hosting.Lifetime - Now listening on: https://localhost:7141
2022-08-09 17:30:48,084 [1] INFO  Microsoft.Hosting.Lifetime - Now listening on: http://localhost:5141
2022-08-09 17:30:48,092 [1] INFO  Microsoft.Hosting.Lifetime - Application started. Press Ctrl+C to shut down.
2022-08-09 17:30:48,094 [1] INFO  Microsoft.Hosting.Lifetime - Hosting environment: Development
2022-08-09 17:30:48,095 [1] INFO  Microsoft.Hosting.Lifetime - Content root path: E:\DID\DID\DID\
2022-08-09 17:32:59,245 [1] INFO  Microsoft.Hosting.Lifetime - Now listening on: https://localhost:7141
2022-08-09 17:32:59,259 [1] INFO  Microsoft.Hosting.Lifetime - Now listening on: http://localhost:5141
2022-08-09 17:32:59,265 [1] INFO  Microsoft.Hosting.Lifetime - Application started. Press Ctrl+C to shut down.
2022-08-09 17:32:59,267 [1] INFO  Microsoft.Hosting.Lifetime - Hosting environment: Development
2022-08-09 17:32:59,268 [1] INFO  Microsoft.Hosting.Lifetime - Content root path: E:\DID\DID\DID\
2022-08-09 17:38:33,731 [1] INFO  Microsoft.Hosting.Lifetime - Now listening on: https://localhost:7141
2022-08-09 17:38:33,756 [1] INFO  Microsoft.Hosting.Lifetime - Now listening on: http://localhost:5141
2022-08-09 17:38:33,767 [1] INFO  Microsoft.Hosting.Lifetime - Application started. Press Ctrl+C to shut down.
2022-08-09 17:38:33,769 [1] INFO  Microsoft.Hosting.Lifetime - Hosting environment: Development
2022-08-09 17:38:33,771 [1] INFO  Microsoft.Hosting.Lifetime - Content root path: E:\DID\DID\DID\
2022-08-09 17:47:27,308 [1] INFO  Microsoft.Hosting.Lifetime - Now listening on: https://localhost:7141
2022-08-09 17:47:27,322 [1] INFO  Microsoft.Hosting.Lifetime - Now listening on: http://localhost:5141
2022-08-09 17:47:27,330 [1] INFO  Microsoft.Hosting.Lifetime - Application started. Press Ctrl+C to shut down.
2022-08-09 17:47:27,332 [1] INFO  Microsoft.Hosting.Lifetime - Hosting environment: Development
2022-08-09 17:47:27,333 [1] INFO  Microsoft.Hosting.Lifetime - Content root path: E:\DID\DID\DID\
2022-08-09 17:49:42,229 [1] INFO  Microsoft.Hosting.Lifetime - Now listening on: https://localhost:7141
2022-08-09 17:49:42,242 [1] INFO  Microsoft.Hosting.Lifetime - Now listening on: http://localhost:5141
2022-08-09 17:49:42,250 [1] INFO  Microsoft.Hosting.Lifetime - Application started. Press Ctrl+C to shut down.
2022-08-09 17:49:42,252 [1] INFO  Microsoft.Hosting.Lifetime - Hosting environment: Development
2022-08-09 17:49:42,253 [1] INFO  Microsoft.Hosting.Lifetime - Content root path: E:\DID\DID\DID\
2022-08-09 17:50:49,532 [1] INFO  Microsoft.Hosting.Lifetime - Now listening on: https://localhost:7141
2022-08-09 17:50:49,548 [1] INFO  Microsoft.Hosting.Lifetime - Now listening on: http://localhost:5141
2022-08-09 17:50:49,562 [1] INFO  Microsoft.Hosting.Lifetime - Application started. Press Ctrl+C to shut down.
2022-08-09 17:50:49,564 [1] INFO  Microsoft.Hosting.Lifetime - Hosting environment: Development
2022-08-09 17:50:49,569 [1] INFO  Microsoft.Hosting.Lifetime - Content root path: E:\DID\DID\DID\
2022-08-09 17:51:26,317 [1] INFO  Microsoft.Hosting.Lifetime - Now listening on: https://localhost:7141
2022-08-09 17:51:26,336 [1] INFO  Microsoft.Hosting.Lifetime - Now listening on: http://localhost:5141
2022-08-09 17:51:26,344 [1] INFO  Microsoft.Hosting.Lifetime - Application started. Press Ctrl+C to shut down.
2022-08-09 17:51:26,346 [1] INFO  Microsoft.Hosting.Lifetime - Hosting environment: Development
2022-08-09 17:51:26,348 [1] INFO  Microsoft.Hosting.Lifetime - Content root path: E:\DID\DID\DID\
2022-08-09 17:54:32,270 [1] INFO  Microsoft.Hosting.Lifetime - Now listening on: https://localhost:7141
2022-08-09 17:54:32,291 [1] INFO  Microsoft.Hosting.Lifetime - Now listening on: http://localhost:5141
2022-08-09 17:54:32,301 [1] INFO  Microsoft.Hosting.Lifetime - Application started. Press Ctrl+C to shut down.
2022-08-09 17:54:32,303 [1] INFO  Microsoft.Hosting.Lifetime - Hosting environment: Development
2022-08-09 17:54:32,306 [1] INFO  Microsoft.Hosting.Lifetime - Content root path: E:\DID\DID\DID\
