2022-08-15 11:03:24,449 [12] ERROR Microsoft.AspNetCore.Diagnostics.ExceptionHandlerMiddleware - An unhandled exception has occurred while executing the request.
System.IO.DirectoryNotFoundException: Could not find a part of the path 'E:\DID\DID\DID\bin\Release\net6.0\publish\File\Sql\log.txt'.
   at Microsoft.Win32.SafeHandles.SafeFileHandle.CreateFile(String fullPath, FileMode mode, FileAccess access, FileShare share, FileOptions options)
   at Microsoft.Win32.SafeHandles.SafeFileHandle.Open(String fullPath, FileMode mode, FileAccess access, FileShare share, FileOptions options, Int64 preallocationSize)
   at System.IO.Strategies.OSFileStreamStrategy..ctor(String path, FileMode mode, FileAccess access, FileShare share, FileOptions options, Int64 preallocationSize)
   at System.IO.Strategies.FileStreamHelpers.ChooseStrategyCore(String path, FileMode mode, FileAccess access, FileShare share, FileOptions options, Int64 preallocationSize)
   at System.IO.Strategies.FileStreamHelpers.ChooseStrategy(FileStream fileStream, String path, FileMode mode, FileAccess access, FileShare share, Int32 bufferSize, FileOptions options, Int64 preallocationSize)
   at System.IO.StreamWriter.ValidateArgsAndOpenPath(String path, Boolean append, Encoding encoding, Int32 bufferSize)
   at System.IO.File.WriteAllText(String path, String contents)
   at DID.Helps.NDatabase.OnExecutingCommand(DbCommand cmd) in E:\DID\DID\DID\Helps\NDatabase.cs:line 19
   at NPoco.Database.OnExecutingCommandInternal(DbCommand cmd)
   at NPoco.Database.DoPreExecute(DbCommand cmd)
   at NPoco.Database.ExecuteReaderHelperAsync(DbCommand cmd)
   at NPoco.Database.ExecuteDataReader(DbCommand cmd, Boolean sync)
   at NPoco.Database.QueryAsync[T](T instance, Expression`1 listExpression, Func`2 idFunc, Sql Sql, PocoData pocoData)+MoveNext()
   at NPoco.Database.QueryAsync[T](T instance, Expression`1 listExpression, Func`2 idFunc, Sql Sql, PocoData pocoData)+System.Threading.Tasks.Sources.IValueTaskSource<System.Boolean>.GetResult()
   at System.Linq.AsyncEnumerable.<SingleAsync>g__Core|530_0[TSource](IAsyncEnumerable`1 source, CancellationToken cancellationToken) in /_/Ix.NET/Source/System.Linq.Async/System/Linq/Operators/Single.cs:line 43
   at System.Linq.AsyncEnumerable.<SingleAsync>g__Core|530_0[TSource](IAsyncEnumerable`1 source, CancellationToken cancellationToken) in /_/Ix.NET/Source/System.Linq.Async/System/Linq/Operators/Single.cs:line 55
   at DID.Services.UserService.GetUserInfo(String userId) in E:\DID\DID\DID\Services\UserService.cs:line 45
   at lambda_method329(Closure , Object )
   at Microsoft.AspNetCore.Mvc.Infrastructure.ActionMethodExecutor.AwaitableObjectResultExecutor.Execute(IActionResultTypeMapper mapper, ObjectMethodExecutor executor, Object controller, Object[] arguments)
   at Microsoft.AspNetCore.Mvc.Infrastructure.ControllerActionInvoker.<InvokeActionMethodAsync>g__Awaited|12_0(ControllerActionInvoker invoker, ValueTask`1 actionResultValueTask)
   at Microsoft.AspNetCore.Mvc.Infrastructure.ControllerActionInvoker.<InvokeNextActionFilterAsync>g__Awaited|10_0(ControllerActionInvoker invoker, Task lastTask, State next, Scope scope, Object state, Boolean isCompleted)
   at Microsoft.AspNetCore.Mvc.Infrastructure.ControllerActionInvoker.Rethrow(ActionExecutedContextSealed context)
   at Microsoft.AspNetCore.Mvc.Infrastructure.ControllerActionInvoker.Next(State& next, Scope& scope, Object& state, Boolean& isCompleted)
   at Microsoft.AspNetCore.Mvc.Infrastructure.ControllerActionInvoker.InvokeInnerFilterAsync()
--- End of stack trace from previous location ---
   at Microsoft.AspNetCore.Mvc.Infrastructure.ResourceInvoker.<InvokeFilterPipelineAsync>g__Awaited|20_0(ResourceInvoker invoker, Task lastTask, State next, Scope scope, Object state, Boolean isCompleted)
   at Microsoft.AspNetCore.Mvc.Infrastructure.ResourceInvoker.<InvokeAsync>g__Awaited|17_0(ResourceInvoker invoker, Task task, IDisposable scope)
   at Microsoft.AspNetCore.Mvc.Infrastructure.ResourceInvoker.<InvokeAsync>g__Awaited|17_0(ResourceInvoker invoker, Task task, IDisposable scope)
   at Microsoft.AspNetCore.Routing.EndpointMiddleware.<Invoke>g__AwaitRequestTask|6_0(Endpoint endpoint, Task requestTask, ILogger logger)
   at Microsoft.AspNetCore.Diagnostics.ExceptionHandlerMiddleware.<Invoke>g__Awaited|6_0(ExceptionHandlerMiddleware middleware, HttpContext context, Task task)
2022-08-15 11:03:24,526 [12] ERROR DID - Could not find a part of the path 'E:\DID\DID\DID\bin\Release\net6.0\publish\File\Sql\log.txt'.
2022-08-15 11:04:56,520 [15] ERROR Microsoft.AspNetCore.Diagnostics.ExceptionHandlerMiddleware - An unhandled exception has occurred while executing the request.
System.IO.DirectoryNotFoundException: Could not find a part of the path 'E:\DID\DID\DID\bin\Release\net6.0\publish\File\Sql\log.txt'.
   at Microsoft.Win32.SafeHandles.SafeFileHandle.CreateFile(String fullPath, FileMode mode, FileAccess access, FileShare share, FileOptions options)
   at Microsoft.Win32.SafeHandles.SafeFileHandle.Open(String fullPath, FileMode mode, FileAccess access, FileShare share, FileOptions options, Int64 preallocationSize)
   at System.IO.Strategies.OSFileStreamStrategy..ctor(String path, FileMode mode, FileAccess access, FileShare share, FileOptions options, Int64 preallocationSize)
   at System.IO.Strategies.FileStreamHelpers.ChooseStrategyCore(String path, FileMode mode, FileAccess access, FileShare share, FileOptions options, Int64 preallocationSize)
   at System.IO.Strategies.FileStreamHelpers.ChooseStrategy(FileStream fileStream, String path, FileMode mode, FileAccess access, FileShare share, Int32 bufferSize, FileOptions options, Int64 preallocationSize)
   at System.IO.StreamWriter.ValidateArgsAndOpenPath(String path, Boolean append, Encoding encoding, Int32 bufferSize)
   at System.IO.File.WriteAllText(String path, String contents)
   at DID.Helps.NDatabase.OnExecutingCommand(DbCommand cmd) in E:\DID\DID\DID\Helps\NDatabase.cs:line 19
   at NPoco.Database.OnExecutingCommandInternal(DbCommand cmd)
   at NPoco.Database.DoPreExecute(DbCommand cmd)
   at NPoco.Database.ExecuteReaderHelperAsync(DbCommand cmd)
   at NPoco.Database.ExecuteDataReader(DbCommand cmd, Boolean sync)
   at NPoco.Database.QueryAsync[T](T instance, Expression`1 listExpression, Func`2 idFunc, Sql Sql, PocoData pocoData)+MoveNext()
   at NPoco.Database.QueryAsync[T](T instance, Expression`1 listExpression, Func`2 idFunc, Sql Sql, PocoData pocoData)+System.Threading.Tasks.Sources.IValueTaskSource<System.Boolean>.GetResult()
   at System.Linq.AsyncEnumerable.<SingleAsync>g__Core|530_0[TSource](IAsyncEnumerable`1 source, CancellationToken cancellationToken) in /_/Ix.NET/Source/System.Linq.Async/System/Linq/Operators/Single.cs:line 43
   at System.Linq.AsyncEnumerable.<SingleAsync>g__Core|530_0[TSource](IAsyncEnumerable`1 source, CancellationToken cancellationToken) in /_/Ix.NET/Source/System.Linq.Async/System/Linq/Operators/Single.cs:line 55
   at DID.Services.UserService.GetUserInfo(String userId) in E:\DID\DID\DID\Services\UserService.cs:line 45
   at lambda_method329(Closure , Object )
   at Microsoft.AspNetCore.Mvc.Infrastructure.ActionMethodExecutor.AwaitableObjectResultExecutor.Execute(IActionResultTypeMapper mapper, ObjectMethodExecutor executor, Object controller, Object[] arguments)
   at Microsoft.AspNetCore.Mvc.Infrastructure.ControllerActionInvoker.<InvokeActionMethodAsync>g__Awaited|12_0(ControllerActionInvoker invoker, ValueTask`1 actionResultValueTask)
   at Microsoft.AspNetCore.Mvc.Infrastructure.ControllerActionInvoker.<InvokeNextActionFilterAsync>g__Awaited|10_0(ControllerActionInvoker invoker, Task lastTask, State next, Scope scope, Object state, Boolean isCompleted)
   at Microsoft.AspNetCore.Mvc.Infrastructure.ControllerActionInvoker.Rethrow(ActionExecutedContextSealed context)
   at Microsoft.AspNetCore.Mvc.Infrastructure.ControllerActionInvoker.Next(State& next, Scope& scope, Object& state, Boolean& isCompleted)
   at Microsoft.AspNetCore.Mvc.Infrastructure.ControllerActionInvoker.InvokeInnerFilterAsync()
--- End of stack trace from previous location ---
   at Microsoft.AspNetCore.Mvc.Infrastructure.ResourceInvoker.<InvokeFilterPipelineAsync>g__Awaited|20_0(ResourceInvoker invoker, Task lastTask, State next, Scope scope, Object state, Boolean isCompleted)
   at Microsoft.AspNetCore.Mvc.Infrastructure.ResourceInvoker.<InvokeAsync>g__Awaited|17_0(ResourceInvoker invoker, Task task, IDisposable scope)
   at Microsoft.AspNetCore.Mvc.Infrastructure.ResourceInvoker.<InvokeAsync>g__Awaited|17_0(ResourceInvoker invoker, Task task, IDisposable scope)
   at Microsoft.AspNetCore.Routing.EndpointMiddleware.<Invoke>g__AwaitRequestTask|6_0(Endpoint endpoint, Task requestTask, ILogger logger)
   at Microsoft.AspNetCore.Diagnostics.ExceptionHandlerMiddleware.<Invoke>g__Awaited|6_0(ExceptionHandlerMiddleware middleware, HttpContext context, Task task)
2022-08-15 11:04:56,522 [15] ERROR DID - Could not find a part of the path 'E:\DID\DID\DID\bin\Release\net6.0\publish\File\Sql\log.txt'.
2022-08-15 11:04:57,866 [15] ERROR Microsoft.AspNetCore.Diagnostics.ExceptionHandlerMiddleware - An unhandled exception has occurred while executing the request.
System.IO.DirectoryNotFoundException: Could not find a part of the path 'E:\DID\DID\DID\bin\Release\net6.0\publish\File\Sql\log.txt'.
   at Microsoft.Win32.SafeHandles.SafeFileHandle.CreateFile(String fullPath, FileMode mode, FileAccess access, FileShare share, FileOptions options)
   at Microsoft.Win32.SafeHandles.SafeFileHandle.Open(String fullPath, FileMode mode, FileAccess access, FileShare share, FileOptions options, Int64 preallocationSize)
   at System.IO.Strategies.OSFileStreamStrategy..ctor(String path, FileMode mode, FileAccess access, FileShare share, FileOptions options, Int64 preallocationSize)
   at System.IO.Strategies.FileStreamHelpers.ChooseStrategyCore(String path, FileMode mode, FileAccess access, FileShare share, FileOptions options, Int64 preallocationSize)
   at System.IO.Strategies.FileStreamHelpers.ChooseStrategy(FileStream fileStream, String path, FileMode mode, FileAccess access, FileShare share, Int32 bufferSize, FileOptions options, Int64 preallocationSize)
   at System.IO.StreamWriter.ValidateArgsAndOpenPath(String path, Boolean append, Encoding encoding, Int32 bufferSize)
   at System.IO.File.WriteAllText(String path, String contents)
   at DID.Helps.NDatabase.OnExecutingCommand(DbCommand cmd) in E:\DID\DID\DID\Helps\NDatabase.cs:line 19
   at NPoco.Database.OnExecutingCommandInternal(DbCommand cmd)
   at NPoco.Database.DoPreExecute(DbCommand cmd)
   at NPoco.Database.ExecuteReaderHelperAsync(DbCommand cmd)
   at NPoco.Database.ExecuteDataReader(DbCommand cmd, Boolean sync)
   at NPoco.Database.QueryAsync[T](T instance, Expression`1 listExpression, Func`2 idFunc, Sql Sql, PocoData pocoData)+MoveNext()
   at NPoco.Database.QueryAsync[T](T instance, Expression`1 listExpression, Func`2 idFunc, Sql Sql, PocoData pocoData)+System.Threading.Tasks.Sources.IValueTaskSource<System.Boolean>.GetResult()
   at System.Linq.AsyncEnumerable.<SingleAsync>g__Core|530_0[TSource](IAsyncEnumerable`1 source, CancellationToken cancellationToken) in /_/Ix.NET/Source/System.Linq.Async/System/Linq/Operators/Single.cs:line 43
   at System.Linq.AsyncEnumerable.<SingleAsync>g__Core|530_0[TSource](IAsyncEnumerable`1 source, CancellationToken cancellationToken) in /_/Ix.NET/Source/System.Linq.Async/System/Linq/Operators/Single.cs:line 55
   at DID.Services.UserService.GetUserInfo(String userId) in E:\DID\DID\DID\Services\UserService.cs:line 45
   at lambda_method329(Closure , Object )
   at Microsoft.AspNetCore.Mvc.Infrastructure.ActionMethodExecutor.AwaitableObjectResultExecutor.Execute(IActionResultTypeMapper mapper, ObjectMethodExecutor executor, Object controller, Object[] arguments)
   at Microsoft.AspNetCore.Mvc.Infrastructure.ControllerActionInvoker.<InvokeActionMethodAsync>g__Awaited|12_0(ControllerActionInvoker invoker, ValueTask`1 actionResultValueTask)
   at Microsoft.AspNetCore.Mvc.Infrastructure.ControllerActionInvoker.<InvokeNextActionFilterAsync>g__Awaited|10_0(ControllerActionInvoker invoker, Task lastTask, State next, Scope scope, Object state, Boolean isCompleted)
   at Microsoft.AspNetCore.Mvc.Infrastructure.ControllerActionInvoker.Rethrow(ActionExecutedContextSealed context)
   at Microsoft.AspNetCore.Mvc.Infrastructure.ControllerActionInvoker.Next(State& next, Scope& scope, Object& state, Boolean& isCompleted)
   at Microsoft.AspNetCore.Mvc.Infrastructure.ControllerActionInvoker.InvokeInnerFilterAsync()
--- End of stack trace from previous location ---
   at Microsoft.AspNetCore.Mvc.Infrastructure.ResourceInvoker.<InvokeFilterPipelineAsync>g__Awaited|20_0(ResourceInvoker invoker, Task lastTask, State next, Scope scope, Object state, Boolean isCompleted)
   at Microsoft.AspNetCore.Mvc.Infrastructure.ResourceInvoker.<InvokeAsync>g__Awaited|17_0(ResourceInvoker invoker, Task task, IDisposable scope)
   at Microsoft.AspNetCore.Mvc.Infrastructure.ResourceInvoker.<InvokeAsync>g__Awaited|17_0(ResourceInvoker invoker, Task task, IDisposable scope)
   at Microsoft.AspNetCore.Routing.EndpointMiddleware.<Invoke>g__AwaitRequestTask|6_0(Endpoint endpoint, Task requestTask, ILogger logger)
   at Microsoft.AspNetCore.Diagnostics.ExceptionHandlerMiddleware.<Invoke>g__Awaited|6_0(ExceptionHandlerMiddleware middleware, HttpContext context, Task task)
2022-08-15 11:04:57,869 [15] ERROR DID - Could not find a part of the path 'E:\DID\DID\DID\bin\Release\net6.0\publish\File\Sql\log.txt'.
2022-08-15 11:04:58,572 [15] ERROR Microsoft.AspNetCore.Diagnostics.ExceptionHandlerMiddleware - An unhandled exception has occurred while executing the request.
System.IO.DirectoryNotFoundException: Could not find a part of the path 'E:\DID\DID\DID\bin\Release\net6.0\publish\File\Sql\log.txt'.
   at Microsoft.Win32.SafeHandles.SafeFileHandle.CreateFile(String fullPath, FileMode mode, FileAccess access, FileShare share, FileOptions options)
   at Microsoft.Win32.SafeHandles.SafeFileHandle.Open(String fullPath, FileMode mode, FileAccess access, FileShare share, FileOptions options, Int64 preallocationSize)
   at System.IO.Strategies.OSFileStreamStrategy..ctor(String path, FileMode mode, FileAccess access, FileShare share, FileOptions options, Int64 preallocationSize)
   at System.IO.Strategies.FileStreamHelpers.ChooseStrategyCore(String path, FileMode mode, FileAccess access, FileShare share, FileOptions options, Int64 preallocationSize)
   at System.IO.Strategies.FileStreamHelpers.ChooseStrategy(FileStream fileStream, String path, FileMode mode, FileAccess access, FileShare share, Int32 bufferSize, FileOptions options, Int64 preallocationSize)
   at System.IO.StreamWriter.ValidateArgsAndOpenPath(String path, Boolean append, Encoding encoding, Int32 bufferSize)
   at System.IO.File.WriteAllText(String path, String contents)
   at DID.Helps.NDatabase.OnExecutingCommand(DbCommand cmd) in E:\DID\DID\DID\Helps\NDatabase.cs:line 19
   at NPoco.Database.OnExecutingCommandInternal(DbCommand cmd)
   at NPoco.Database.DoPreExecute(DbCommand cmd)
   at NPoco.Database.ExecuteReaderHelperAsync(DbCommand cmd)
   at NPoco.Database.ExecuteDataReader(DbCommand cmd, Boolean sync)
   at NPoco.Database.QueryAsync[T](T instance, Expression`1 listExpression, Func`2 idFunc, Sql Sql, PocoData pocoData)+MoveNext()
   at NPoco.Database.QueryAsync[T](T instance, Expression`1 listExpression, Func`2 idFunc, Sql Sql, PocoData pocoData)+System.Threading.Tasks.Sources.IValueTaskSource<System.Boolean>.GetResult()
   at System.Linq.AsyncEnumerable.<SingleAsync>g__Core|530_0[TSource](IAsyncEnumerable`1 source, CancellationToken cancellationToken) in /_/Ix.NET/Source/System.Linq.Async/System/Linq/Operators/Single.cs:line 43
   at System.Linq.AsyncEnumerable.<SingleAsync>g__Core|530_0[TSource](IAsyncEnumerable`1 source, CancellationToken cancellationToken) in /_/Ix.NET/Source/System.Linq.Async/System/Linq/Operators/Single.cs:line 55
   at DID.Services.UserService.GetUserInfo(String userId) in E:\DID\DID\DID\Services\UserService.cs:line 45
   at lambda_method329(Closure , Object )
   at Microsoft.AspNetCore.Mvc.Infrastructure.ActionMethodExecutor.AwaitableObjectResultExecutor.Execute(IActionResultTypeMapper mapper, ObjectMethodExecutor executor, Object controller, Object[] arguments)
   at Microsoft.AspNetCore.Mvc.Infrastructure.ControllerActionInvoker.<InvokeActionMethodAsync>g__Awaited|12_0(ControllerActionInvoker invoker, ValueTask`1 actionResultValueTask)
   at Microsoft.AspNetCore.Mvc.Infrastructure.ControllerActionInvoker.<InvokeNextActionFilterAsync>g__Awaited|10_0(ControllerActionInvoker invoker, Task lastTask, State next, Scope scope, Object state, Boolean isCompleted)
   at Microsoft.AspNetCore.Mvc.Infrastructure.ControllerActionInvoker.Rethrow(ActionExecutedContextSealed context)
   at Microsoft.AspNetCore.Mvc.Infrastructure.ControllerActionInvoker.Next(State& next, Scope& scope, Object& state, Boolean& isCompleted)
   at Microsoft.AspNetCore.Mvc.Infrastructure.ControllerActionInvoker.InvokeInnerFilterAsync()
--- End of stack trace from previous location ---
   at Microsoft.AspNetCore.Mvc.Infrastructure.ResourceInvoker.<InvokeFilterPipelineAsync>g__Awaited|20_0(ResourceInvoker invoker, Task lastTask, State next, Scope scope, Object state, Boolean isCompleted)
   at Microsoft.AspNetCore.Mvc.Infrastructure.ResourceInvoker.<InvokeAsync>g__Awaited|17_0(ResourceInvoker invoker, Task task, IDisposable scope)
   at Microsoft.AspNetCore.Mvc.Infrastructure.ResourceInvoker.<InvokeAsync>g__Awaited|17_0(ResourceInvoker invoker, Task task, IDisposable scope)
   at Microsoft.AspNetCore.Routing.EndpointMiddleware.<Invoke>g__AwaitRequestTask|6_0(Endpoint endpoint, Task requestTask, ILogger logger)
   at Microsoft.AspNetCore.Diagnostics.ExceptionHandlerMiddleware.<Invoke>g__Awaited|6_0(ExceptionHandlerMiddleware middleware, HttpContext context, Task task)
2022-08-15 11:04:58,575 [15] ERROR DID - Could not find a part of the path 'E:\DID\DID\DID\bin\Release\net6.0\publish\File\Sql\log.txt'.
2022-08-15 11:04:58,765 [15] ERROR Microsoft.AspNetCore.Diagnostics.ExceptionHandlerMiddleware - An unhandled exception has occurred while executing the request.
System.IO.DirectoryNotFoundException: Could not find a part of the path 'E:\DID\DID\DID\bin\Release\net6.0\publish\File\Sql\log.txt'.
   at Microsoft.Win32.SafeHandles.SafeFileHandle.CreateFile(String fullPath, FileMode mode, FileAccess access, FileShare share, FileOptions options)
   at Microsoft.Win32.SafeHandles.SafeFileHandle.Open(String fullPath, FileMode mode, FileAccess access, FileShare share, FileOptions options, Int64 preallocationSize)
   at System.IO.Strategies.OSFileStreamStrategy..ctor(String path, FileMode mode, FileAccess access, FileShare share, FileOptions options, Int64 preallocationSize)
   at System.IO.Strategies.FileStreamHelpers.ChooseStrategyCore(String path, FileMode mode, FileAccess access, FileShare share, FileOptions options, Int64 preallocationSize)
   at System.IO.Strategies.FileStreamHelpers.ChooseStrategy(FileStream fileStream, String path, FileMode mode, FileAccess access, FileShare share, Int32 bufferSize, FileOptions options, Int64 preallocationSize)
   at System.IO.StreamWriter.ValidateArgsAndOpenPath(String path, Boolean append, Encoding encoding, Int32 bufferSize)
   at System.IO.File.WriteAllText(String path, String contents)
   at DID.Helps.NDatabase.OnExecutingCommand(DbCommand cmd) in E:\DID\DID\DID\Helps\NDatabase.cs:line 19
   at NPoco.Database.OnExecutingCommandInternal(DbCommand cmd)
   at NPoco.Database.DoPreExecute(DbCommand cmd)
   at NPoco.Database.ExecuteReaderHelperAsync(DbCommand cmd)
   at NPoco.Database.ExecuteDataReader(DbCommand cmd, Boolean sync)
   at NPoco.Database.QueryAsync[T](T instance, Expression`1 listExpression, Func`2 idFunc, Sql Sql, PocoData pocoData)+MoveNext()
   at NPoco.Database.QueryAsync[T](T instance, Expression`1 listExpression, Func`2 idFunc, Sql Sql, PocoData pocoData)+System.Threading.Tasks.Sources.IValueTaskSource<System.Boolean>.GetResult()
   at System.Linq.AsyncEnumerable.<SingleAsync>g__Core|530_0[TSource](IAsyncEnumerable`1 source, CancellationToken cancellationToken) in /_/Ix.NET/Source/System.Linq.Async/System/Linq/Operators/Single.cs:line 43
   at System.Linq.AsyncEnumerable.<SingleAsync>g__Core|530_0[TSource](IAsyncEnumerable`1 source, CancellationToken cancellationToken) in /_/Ix.NET/Source/System.Linq.Async/System/Linq/Operators/Single.cs:line 55
   at DID.Services.UserService.GetUserInfo(String userId) in E:\DID\DID\DID\Services\UserService.cs:line 45
   at lambda_method329(Closure , Object )
   at Microsoft.AspNetCore.Mvc.Infrastructure.ActionMethodExecutor.AwaitableObjectResultExecutor.Execute(IActionResultTypeMapper mapper, ObjectMethodExecutor executor, Object controller, Object[] arguments)
   at Microsoft.AspNetCore.Mvc.Infrastructure.ControllerActionInvoker.<InvokeActionMethodAsync>g__Awaited|12_0(ControllerActionInvoker invoker, ValueTask`1 actionResultValueTask)
   at Microsoft.AspNetCore.Mvc.Infrastructure.ControllerActionInvoker.<InvokeNextActionFilterAsync>g__Awaited|10_0(ControllerActionInvoker invoker, Task lastTask, State next, Scope scope, Object state, Boolean isCompleted)
   at Microsoft.AspNetCore.Mvc.Infrastructure.ControllerActionInvoker.Rethrow(ActionExecutedContextSealed context)
   at Microsoft.AspNetCore.Mvc.Infrastructure.ControllerActionInvoker.Next(State& next, Scope& scope, Object& state, Boolean& isCompleted)
   at Microsoft.AspNetCore.Mvc.Infrastructure.ControllerActionInvoker.InvokeInnerFilterAsync()
--- End of stack trace from previous location ---
   at Microsoft.AspNetCore.Mvc.Infrastructure.ResourceInvoker.<InvokeFilterPipelineAsync>g__Awaited|20_0(ResourceInvoker invoker, Task lastTask, State next, Scope scope, Object state, Boolean isCompleted)
   at Microsoft.AspNetCore.Mvc.Infrastructure.ResourceInvoker.<InvokeAsync>g__Awaited|17_0(ResourceInvoker invoker, Task task, IDisposable scope)
   at Microsoft.AspNetCore.Mvc.Infrastructure.ResourceInvoker.<InvokeAsync>g__Awaited|17_0(ResourceInvoker invoker, Task task, IDisposable scope)
   at Microsoft.AspNetCore.Routing.EndpointMiddleware.<Invoke>g__AwaitRequestTask|6_0(Endpoint endpoint, Task requestTask, ILogger logger)
   at Microsoft.AspNetCore.Diagnostics.ExceptionHandlerMiddleware.<Invoke>g__Awaited|6_0(ExceptionHandlerMiddleware middleware, HttpContext context, Task task)
2022-08-15 11:04:58,767 [15] ERROR DID - Could not find a part of the path 'E:\DID\DID\DID\bin\Release\net6.0\publish\File\Sql\log.txt'.
2022-08-15 11:05:37,065 [19] ERROR Microsoft.AspNetCore.Diagnostics.ExceptionHandlerMiddleware - An unhandled exception has occurred while executing the request.
System.IO.DirectoryNotFoundException: Could not find a part of the path 'E:\DID\DID\DID\bin\Release\net6.0\publish\File\Sql\log.txt'.
   at Microsoft.Win32.SafeHandles.SafeFileHandle.CreateFile(String fullPath, FileMode mode, FileAccess access, FileShare share, FileOptions options)
   at Microsoft.Win32.SafeHandles.SafeFileHandle.Open(String fullPath, FileMode mode, FileAccess access, FileShare share, FileOptions options, Int64 preallocationSize)
   at System.IO.Strategies.OSFileStreamStrategy..ctor(String path, FileMode mode, FileAccess access, FileShare share, FileOptions options, Int64 preallocationSize)
   at System.IO.Strategies.FileStreamHelpers.ChooseStrategyCore(String path, FileMode mode, FileAccess access, FileShare share, FileOptions options, Int64 preallocationSize)
   at System.IO.Strategies.FileStreamHelpers.ChooseStrategy(FileStream fileStream, String path, FileMode mode, FileAccess access, FileShare share, Int32 bufferSize, FileOptions options, Int64 preallocationSize)
   at System.IO.StreamWriter.ValidateArgsAndOpenPath(String path, Boolean append, Encoding encoding, Int32 bufferSize)
   at System.IO.File.WriteAllText(String path, String contents)
   at DID.Helps.NDatabase.OnExecutingCommand(DbCommand cmd) in E:\DID\DID\DID\Helps\NDatabase.cs:line 19
   at NPoco.Database.OnExecutingCommandInternal(DbCommand cmd)
   at NPoco.Database.DoPreExecute(DbCommand cmd)
   at NPoco.Database.ExecuteReaderHelperAsync(DbCommand cmd)
   at NPoco.Database.ExecuteDataReader(DbCommand cmd, Boolean sync)
   at NPoco.Database.QueryAsync[T](T instance, Expression`1 listExpression, Func`2 idFunc, Sql Sql, PocoData pocoData)+MoveNext()
   at NPoco.Database.QueryAsync[T](T instance, Expression`1 listExpression, Func`2 idFunc, Sql Sql, PocoData pocoData)+System.Threading.Tasks.Sources.IValueTaskSource<System.Boolean>.GetResult()
   at System.Linq.AsyncEnumerable.<SingleAsync>g__Core|530_0[TSource](IAsyncEnumerable`1 source, CancellationToken cancellationToken) in /_/Ix.NET/Source/System.Linq.Async/System/Linq/Operators/Single.cs:line 43
   at System.Linq.AsyncEnumerable.<SingleAsync>g__Core|530_0[TSource](IAsyncEnumerable`1 source, CancellationToken cancellationToken) in /_/Ix.NET/Source/System.Linq.Async/System/Linq/Operators/Single.cs:line 55
   at DID.Services.UserService.GetUserInfo(String userId) in E:\DID\DID\DID\Services\UserService.cs:line 45
   at lambda_method329(Closure , Object )
   at Microsoft.AspNetCore.Mvc.Infrastructure.ActionMethodExecutor.AwaitableObjectResultExecutor.Execute(IActionResultTypeMapper mapper, ObjectMethodExecutor executor, Object controller, Object[] arguments)
   at Microsoft.AspNetCore.Mvc.Infrastructure.ControllerActionInvoker.<InvokeActionMethodAsync>g__Awaited|12_0(ControllerActionInvoker invoker, ValueTask`1 actionResultValueTask)
   at Microsoft.AspNetCore.Mvc.Infrastructure.ControllerActionInvoker.<InvokeNextActionFilterAsync>g__Awaited|10_0(ControllerActionInvoker invoker, Task lastTask, State next, Scope scope, Object state, Boolean isCompleted)
   at Microsoft.AspNetCore.Mvc.Infrastructure.ControllerActionInvoker.Rethrow(ActionExecutedContextSealed context)
   at Microsoft.AspNetCore.Mvc.Infrastructure.ControllerActionInvoker.Next(State& next, Scope& scope, Object& state, Boolean& isCompleted)
   at Microsoft.AspNetCore.Mvc.Infrastructure.ControllerActionInvoker.InvokeInnerFilterAsync()
--- End of stack trace from previous location ---
   at Microsoft.AspNetCore.Mvc.Infrastructure.ResourceInvoker.<InvokeFilterPipelineAsync>g__Awaited|20_0(ResourceInvoker invoker, Task lastTask, State next, Scope scope, Object state, Boolean isCompleted)
   at Microsoft.AspNetCore.Mvc.Infrastructure.ResourceInvoker.<InvokeAsync>g__Awaited|17_0(ResourceInvoker invoker, Task task, IDisposable scope)
   at Microsoft.AspNetCore.Mvc.Infrastructure.ResourceInvoker.<InvokeAsync>g__Awaited|17_0(ResourceInvoker invoker, Task task, IDisposable scope)
   at Microsoft.AspNetCore.Routing.EndpointMiddleware.<Invoke>g__AwaitRequestTask|6_0(Endpoint endpoint, Task requestTask, ILogger logger)
   at Microsoft.AspNetCore.Diagnostics.ExceptionHandlerMiddleware.<Invoke>g__Awaited|6_0(ExceptionHandlerMiddleware middleware, HttpContext context, Task task)
2022-08-15 11:05:37,068 [19] ERROR DID - Could not find a part of the path 'E:\DID\DID\DID\bin\Release\net6.0\publish\File\Sql\log.txt'.
2022-08-15 11:05:37,945 [19] ERROR Microsoft.AspNetCore.Diagnostics.ExceptionHandlerMiddleware - An unhandled exception has occurred while executing the request.
System.IO.DirectoryNotFoundException: Could not find a part of the path 'E:\DID\DID\DID\bin\Release\net6.0\publish\File\Sql\log.txt'.
   at Microsoft.Win32.SafeHandles.SafeFileHandle.CreateFile(String fullPath, FileMode mode, FileAccess access, FileShare share, FileOptions options)
   at Microsoft.Win32.SafeHandles.SafeFileHandle.Open(String fullPath, FileMode mode, FileAccess access, FileShare share, FileOptions options, Int64 preallocationSize)
   at System.IO.Strategies.OSFileStreamStrategy..ctor(String path, FileMode mode, FileAccess access, FileShare share, FileOptions options, Int64 preallocationSize)
   at System.IO.Strategies.FileStreamHelpers.ChooseStrategyCore(String path, FileMode mode, FileAccess access, FileShare share, FileOptions options, Int64 preallocationSize)
   at System.IO.Strategies.FileStreamHelpers.ChooseStrategy(FileStream fileStream, String path, FileMode mode, FileAccess access, FileShare share, Int32 bufferSize, FileOptions options, Int64 preallocationSize)
   at System.IO.StreamWriter.ValidateArgsAndOpenPath(String path, Boolean append, Encoding encoding, Int32 bufferSize)
   at System.IO.File.WriteAllText(String path, String contents)
   at DID.Helps.NDatabase.OnExecutingCommand(DbCommand cmd) in E:\DID\DID\DID\Helps\NDatabase.cs:line 19
   at NPoco.Database.OnExecutingCommandInternal(DbCommand cmd)
   at NPoco.Database.DoPreExecute(DbCommand cmd)
   at NPoco.Database.ExecuteReaderHelperAsync(DbCommand cmd)
   at NPoco.Database.ExecuteDataReader(DbCommand cmd, Boolean sync)
   at NPoco.Database.QueryAsync[T](T instance, Expression`1 listExpression, Func`2 idFunc, Sql Sql, PocoData pocoData)+MoveNext()
   at NPoco.Database.QueryAsync[T](T instance, Expression`1 listExpression, Func`2 idFunc, Sql Sql, PocoData pocoData)+System.Threading.Tasks.Sources.IValueTaskSource<System.Boolean>.GetResult()
   at System.Linq.AsyncEnumerable.<SingleAsync>g__Core|530_0[TSource](IAsyncEnumerable`1 source, CancellationToken cancellationToken) in /_/Ix.NET/Source/System.Linq.Async/System/Linq/Operators/Single.cs:line 43
   at System.Linq.AsyncEnumerable.<SingleAsync>g__Core|530_0[TSource](IAsyncEnumerable`1 source, CancellationToken cancellationToken) in /_/Ix.NET/Source/System.Linq.Async/System/Linq/Operators/Single.cs:line 55
   at DID.Services.UserService.GetUserInfo(String userId) in E:\DID\DID\DID\Services\UserService.cs:line 45
   at lambda_method329(Closure , Object )
   at Microsoft.AspNetCore.Mvc.Infrastructure.ActionMethodExecutor.AwaitableObjectResultExecutor.Execute(IActionResultTypeMapper mapper, ObjectMethodExecutor executor, Object controller, Object[] arguments)
   at Microsoft.AspNetCore.Mvc.Infrastructure.ControllerActionInvoker.<InvokeActionMethodAsync>g__Awaited|12_0(ControllerActionInvoker invoker, ValueTask`1 actionResultValueTask)
   at Microsoft.AspNetCore.Mvc.Infrastructure.ControllerActionInvoker.<InvokeNextActionFilterAsync>g__Awaited|10_0(ControllerActionInvoker invoker, Task lastTask, State next, Scope scope, Object state, Boolean isCompleted)
   at Microsoft.AspNetCore.Mvc.Infrastructure.ControllerActionInvoker.Rethrow(ActionExecutedContextSealed context)
   at Microsoft.AspNetCore.Mvc.Infrastructure.ControllerActionInvoker.Next(State& next, Scope& scope, Object& state, Boolean& isCompleted)
   at Microsoft.AspNetCore.Mvc.Infrastructure.ControllerActionInvoker.InvokeInnerFilterAsync()
--- End of stack trace from previous location ---
   at Microsoft.AspNetCore.Mvc.Infrastructure.ResourceInvoker.<InvokeFilterPipelineAsync>g__Awaited|20_0(ResourceInvoker invoker, Task lastTask, State next, Scope scope, Object state, Boolean isCompleted)
   at Microsoft.AspNetCore.Mvc.Infrastructure.ResourceInvoker.<InvokeAsync>g__Awaited|17_0(ResourceInvoker invoker, Task task, IDisposable scope)
   at Microsoft.AspNetCore.Mvc.Infrastructure.ResourceInvoker.<InvokeAsync>g__Awaited|17_0(ResourceInvoker invoker, Task task, IDisposable scope)
   at Microsoft.AspNetCore.Routing.EndpointMiddleware.<Invoke>g__AwaitRequestTask|6_0(Endpoint endpoint, Task requestTask, ILogger logger)
   at Microsoft.AspNetCore.Diagnostics.ExceptionHandlerMiddleware.<Invoke>g__Awaited|6_0(ExceptionHandlerMiddleware middleware, HttpContext context, Task task)
2022-08-15 11:05:37,949 [19] ERROR DID - Could not find a part of the path 'E:\DID\DID\DID\bin\Release\net6.0\publish\File\Sql\log.txt'.
2022-08-15 11:05:38,477 [19] ERROR Microsoft.AspNetCore.Diagnostics.ExceptionHandlerMiddleware - An unhandled exception has occurred while executing the request.
System.IO.DirectoryNotFoundException: Could not find a part of the path 'E:\DID\DID\DID\bin\Release\net6.0\publish\File\Sql\log.txt'.
   at Microsoft.Win32.SafeHandles.SafeFileHandle.CreateFile(String fullPath, FileMode mode, FileAccess access, FileShare share, FileOptions options)
   at Microsoft.Win32.SafeHandles.SafeFileHandle.Open(String fullPath, FileMode mode, FileAccess access, FileShare share, FileOptions options, Int64 preallocationSize)
   at System.IO.Strategies.OSFileStreamStrategy..ctor(String path, FileMode mode, FileAccess access, FileShare share, FileOptions options, Int64 preallocationSize)
   at System.IO.Strategies.FileStreamHelpers.ChooseStrategyCore(String path, FileMode mode, FileAccess access, FileShare share, FileOptions options, Int64 preallocationSize)
   at System.IO.Strategies.FileStreamHelpers.ChooseStrategy(FileStream fileStream, String path, FileMode mode, FileAccess access, FileShare share, Int32 bufferSize, FileOptions options, Int64 preallocationSize)
   at System.IO.StreamWriter.ValidateArgsAndOpenPath(String path, Boolean append, Encoding encoding, Int32 bufferSize)
   at System.IO.File.WriteAllText(String path, String contents)
   at DID.Helps.NDatabase.OnExecutingCommand(DbCommand cmd) in E:\DID\DID\DID\Helps\NDatabase.cs:line 19
   at NPoco.Database.OnExecutingCommandInternal(DbCommand cmd)
   at NPoco.Database.DoPreExecute(DbCommand cmd)
   at NPoco.Database.ExecuteReaderHelperAsync(DbCommand cmd)
   at NPoco.Database.ExecuteDataReader(DbCommand cmd, Boolean sync)
   at NPoco.Database.QueryAsync[T](T instance, Expression`1 listExpression, Func`2 idFunc, Sql Sql, PocoData pocoData)+MoveNext()
   at NPoco.Database.QueryAsync[T](T instance, Expression`1 listExpression, Func`2 idFunc, Sql Sql, PocoData pocoData)+System.Threading.Tasks.Sources.IValueTaskSource<System.Boolean>.GetResult()
   at System.Linq.AsyncEnumerable.<SingleAsync>g__Core|530_0[TSource](IAsyncEnumerable`1 source, CancellationToken cancellationToken) in /_/Ix.NET/Source/System.Linq.Async/System/Linq/Operators/Single.cs:line 43
   at System.Linq.AsyncEnumerable.<SingleAsync>g__Core|530_0[TSource](IAsyncEnumerable`1 source, CancellationToken cancellationToken) in /_/Ix.NET/Source/System.Linq.Async/System/Linq/Operators/Single.cs:line 55
   at DID.Services.UserService.GetUserInfo(String userId) in E:\DID\DID\DID\Services\UserService.cs:line 45
   at lambda_method329(Closure , Object )
   at Microsoft.AspNetCore.Mvc.Infrastructure.ActionMethodExecutor.AwaitableObjectResultExecutor.Execute(IActionResultTypeMapper mapper, ObjectMethodExecutor executor, Object controller, Object[] arguments)
   at Microsoft.AspNetCore.Mvc.Infrastructure.ControllerActionInvoker.<InvokeActionMethodAsync>g__Awaited|12_0(ControllerActionInvoker invoker, ValueTask`1 actionResultValueTask)
   at Microsoft.AspNetCore.Mvc.Infrastructure.ControllerActionInvoker.<InvokeNextActionFilterAsync>g__Awaited|10_0(ControllerActionInvoker invoker, Task lastTask, State next, Scope scope, Object state, Boolean isCompleted)
   at Microsoft.AspNetCore.Mvc.Infrastructure.ControllerActionInvoker.Rethrow(ActionExecutedContextSealed context)
   at Microsoft.AspNetCore.Mvc.Infrastructure.ControllerActionInvoker.Next(State& next, Scope& scope, Object& state, Boolean& isCompleted)
   at Microsoft.AspNetCore.Mvc.Infrastructure.ControllerActionInvoker.InvokeInnerFilterAsync()
--- End of stack trace from previous location ---
   at Microsoft.AspNetCore.Mvc.Infrastructure.ResourceInvoker.<InvokeFilterPipelineAsync>g__Awaited|20_0(ResourceInvoker invoker, Task lastTask, State next, Scope scope, Object state, Boolean isCompleted)
   at Microsoft.AspNetCore.Mvc.Infrastructure.ResourceInvoker.<InvokeAsync>g__Awaited|17_0(ResourceInvoker invoker, Task task, IDisposable scope)
   at Microsoft.AspNetCore.Mvc.Infrastructure.ResourceInvoker.<InvokeAsync>g__Awaited|17_0(ResourceInvoker invoker, Task task, IDisposable scope)
   at Microsoft.AspNetCore.Routing.EndpointMiddleware.<Invoke>g__AwaitRequestTask|6_0(Endpoint endpoint, Task requestTask, ILogger logger)
   at Microsoft.AspNetCore.Diagnostics.ExceptionHandlerMiddleware.<Invoke>g__Awaited|6_0(ExceptionHandlerMiddleware middleware, HttpContext context, Task task)
2022-08-15 11:05:38,479 [19] ERROR DID - Could not find a part of the path 'E:\DID\DID\DID\bin\Release\net6.0\publish\File\Sql\log.txt'.
2022-08-15 11:05:38,662 [19] ERROR Microsoft.AspNetCore.Diagnostics.ExceptionHandlerMiddleware - An unhandled exception has occurred while executing the request.
System.IO.DirectoryNotFoundException: Could not find a part of the path 'E:\DID\DID\DID\bin\Release\net6.0\publish\File\Sql\log.txt'.
   at Microsoft.Win32.SafeHandles.SafeFileHandle.CreateFile(String fullPath, FileMode mode, FileAccess access, FileShare share, FileOptions options)
   at Microsoft.Win32.SafeHandles.SafeFileHandle.Open(String fullPath, FileMode mode, FileAccess access, FileShare share, FileOptions options, Int64 preallocationSize)
   at System.IO.Strategies.OSFileStreamStrategy..ctor(String path, FileMode mode, FileAccess access, FileShare share, FileOptions options, Int64 preallocationSize)
   at System.IO.Strategies.FileStreamHelpers.ChooseStrategyCore(String path, FileMode mode, FileAccess access, FileShare share, FileOptions options, Int64 preallocationSize)
   at System.IO.Strategies.FileStreamHelpers.ChooseStrategy(FileStream fileStream, String path, FileMode mode, FileAccess access, FileShare share, Int32 bufferSize, FileOptions options, Int64 preallocationSize)
   at System.IO.StreamWriter.ValidateArgsAndOpenPath(String path, Boolean append, Encoding encoding, Int32 bufferSize)
   at System.IO.File.WriteAllText(String path, String contents)
   at DID.Helps.NDatabase.OnExecutingCommand(DbCommand cmd) in E:\DID\DID\DID\Helps\NDatabase.cs:line 19
   at NPoco.Database.OnExecutingCommandInternal(DbCommand cmd)
   at NPoco.Database.DoPreExecute(DbCommand cmd)
   at NPoco.Database.ExecuteReaderHelperAsync(DbCommand cmd)
   at NPoco.Database.ExecuteDataReader(DbCommand cmd, Boolean sync)
   at NPoco.Database.QueryAsync[T](T instance, Expression`1 listExpression, Func`2 idFunc, Sql Sql, PocoData pocoData)+MoveNext()
   at NPoco.Database.QueryAsync[T](T instance, Expression`1 listExpression, Func`2 idFunc, Sql Sql, PocoData pocoData)+System.Threading.Tasks.Sources.IValueTaskSource<System.Boolean>.GetResult()
   at System.Linq.AsyncEnumerable.<SingleAsync>g__Core|530_0[TSource](IAsyncEnumerable`1 source, CancellationToken cancellationToken) in /_/Ix.NET/Source/System.Linq.Async/System/Linq/Operators/Single.cs:line 43
   at System.Linq.AsyncEnumerable.<SingleAsync>g__Core|530_0[TSource](IAsyncEnumerable`1 source, CancellationToken cancellationToken) in /_/Ix.NET/Source/System.Linq.Async/System/Linq/Operators/Single.cs:line 55
   at DID.Services.UserService.GetUserInfo(String userId) in E:\DID\DID\DID\Services\UserService.cs:line 45
   at lambda_method329(Closure , Object )
   at Microsoft.AspNetCore.Mvc.Infrastructure.ActionMethodExecutor.AwaitableObjectResultExecutor.Execute(IActionResultTypeMapper mapper, ObjectMethodExecutor executor, Object controller, Object[] arguments)
   at Microsoft.AspNetCore.Mvc.Infrastructure.ControllerActionInvoker.<InvokeActionMethodAsync>g__Awaited|12_0(ControllerActionInvoker invoker, ValueTask`1 actionResultValueTask)
   at Microsoft.AspNetCore.Mvc.Infrastructure.ControllerActionInvoker.<InvokeNextActionFilterAsync>g__Awaited|10_0(ControllerActionInvoker invoker, Task lastTask, State next, Scope scope, Object state, Boolean isCompleted)
   at Microsoft.AspNetCore.Mvc.Infrastructure.ControllerActionInvoker.Rethrow(ActionExecutedContextSealed context)
   at Microsoft.AspNetCore.Mvc.Infrastructure.ControllerActionInvoker.Next(State& next, Scope& scope, Object& state, Boolean& isCompleted)
   at Microsoft.AspNetCore.Mvc.Infrastructure.ControllerActionInvoker.InvokeInnerFilterAsync()
--- End of stack trace from previous location ---
   at Microsoft.AspNetCore.Mvc.Infrastructure.ResourceInvoker.<InvokeFilterPipelineAsync>g__Awaited|20_0(ResourceInvoker invoker, Task lastTask, State next, Scope scope, Object state, Boolean isCompleted)
   at Microsoft.AspNetCore.Mvc.Infrastructure.ResourceInvoker.<InvokeAsync>g__Awaited|17_0(ResourceInvoker invoker, Task task, IDisposable scope)
   at Microsoft.AspNetCore.Mvc.Infrastructure.ResourceInvoker.<InvokeAsync>g__Awaited|17_0(ResourceInvoker invoker, Task task, IDisposable scope)
   at Microsoft.AspNetCore.Routing.EndpointMiddleware.<Invoke>g__AwaitRequestTask|6_0(Endpoint endpoint, Task requestTask, ILogger logger)
   at Microsoft.AspNetCore.Diagnostics.ExceptionHandlerMiddleware.<Invoke>g__Awaited|6_0(ExceptionHandlerMiddleware middleware, HttpContext context, Task task)
2022-08-15 11:05:38,664 [19] ERROR DID - Could not find a part of the path 'E:\DID\DID\DID\bin\Release\net6.0\publish\File\Sql\log.txt'.
